#
# There is insufficient memory for the Java Runtime Environment to continue.
# Native memory allocation (mmap) failed to map 65011712 bytes. Error detail: G1 virtual space
# Possible reasons:
#   The system is out of physical RAM or swap space
#   This process is running with CompressedOops enabled, and the Java Heap may be blocking the growth of the native heap
# Possible solutions:
#   Reduce memory load on the system
#   Increase physical memory or swap space
#   Check if swap backing store is full
#   Decrease Java heap size (-Xmx/-Xms)
#   Decrease number of Java threads
#   Decrease Java thread stack sizes (-Xss)
#   Set larger code cache with -XX:ReservedCodeCacheSize=
#   JVM is running with Unscaled Compressed Oops mode in which the Java heap is
#     placed in the first 4GB address space. The Java Heap base address is the
#     maximum limit for the native heap growth. Please use -XX:HeapBaseMinAddress
#     to set the Java Heap base and to place the Java Heap above 4GB virtual address.
# This output file may be truncated or incomplete.
#
#  Out of Memory Error (os_windows.cpp:3825), pid=8128, tid=12380
#
# JRE version: OpenJDK Runtime Environment (17.0.11) (build 17.0.11+0--11852314)
# Java VM: OpenJDK 64-Bit Server VM (17.0.11+0--11852314, mixed mode, tiered, compressed oops, compressed class ptrs, g1 gc, windows-amd64)
# No core dump will be written. Minidumps are not enabled by default on client versions of Windows
#

---------------  S U M M A R Y ------------

Command Line: --add-opens=java.base/java.util=ALL-UNNAMED --add-opens=java.base/java.lang=ALL-UNNAMED --add-opens=java.base/java.lang.invoke=ALL-UNNAMED --add-opens=java.prefs/java.util.prefs=ALL-UNNAMED --add-opens=java.base/java.nio.charset=ALL-UNNAMED --add-opens=java.base/java.net=ALL-UNNAMED --add-opens=java.base/java.util.concurrent.atomic=ALL-UNNAMED -Xmx2048m -Dfile.encoding=UTF-8 -Duser.country=RU -Duser.language=ru -Duser.variant -javaagent:C:\Users\mka23\.gradle\wrapper\dists\gradle-8.7-bin\bhs2wmbdwecv87pi65oeuq5iu\gradle-8.7\lib\agents\gradle-instrumentation-agent-8.7.jar org.gradle.launcher.daemon.bootstrap.GradleDaemon 8.7

Host: Intel(R) Core(TM) i5-9300H CPU @ 2.40GHz, 8 cores, 7G,  Windows 10 , 64 bit Build 19041 (10.0.19041.4717)
Time: Fri Aug 30 20:02:28 2024 RTZ 2 (s 10 , 64 bit Build 19041 (10.0.19041.4717) elapsed time: 7.466961 seconds (0d 0h 0m 7s)

---------------  T H R E A D  ---------------

Current thread (0x00000197061f67b0):  VMThread "VM Thread" [stack: 0x000000165c500000,0x000000165c600000] [id=12380]

Stack: [0x000000165c500000,0x000000165c600000]
Native frames: (J=compiled Java code, j=interpreted, Vv=VM code, C=native code)
V  [jvm.dll+0x687bb9]
V  [jvm.dll+0x84142a]
V  [jvm.dll+0x8430ae]
V  [jvm.dll+0x843713]
V  [jvm.dll+0x24a35f]
V  [jvm.dll+0x684989]
V  [jvm.dll+0x67923a]
V  [jvm.dll+0x30af0b]
V  [jvm.dll+0x3123b6]
V  [jvm.dll+0x361dfe]
V  [jvm.dll+0x36202f]
V  [jvm.dll+0x2e0d38]
V  [jvm.dll+0x2df144]
V  [jvm.dll+0x2de74c]
V  [jvm.dll+0x323381]
V  [jvm.dll+0x847e0b]
V  [jvm.dll+0x848b42]
V  [jvm.dll+0x84905d]
V  [jvm.dll+0x849434]
V  [jvm.dll+0x849500]
V  [jvm.dll+0x7efa4a]
V  [jvm.dll+0x686a35]
C  [ucrtbase.dll+0x21bb2]
C  [KERNEL32.DLL+0x17374]
C  [ntdll.dll+0x4cc91]

VM_Operation (0x000000165ddf29f0): G1TryInitiateConcMark, mode: safepoint, requested by thread 0x000001970d0e1c80


---------------  P R O C E S S  ---------------

Threads class SMR info:
_java_thread_list=0x000001970670f9a0, length=49, elements={
0x000001976c26ef80, 0x0000019706347af0, 0x000001970634ad50, 0x00000197063a22f0,
0x00000197063a2cc0, 0x00000197063a3590, 0x00000197063a3e60, 0x0000019706398270,
0x000001970639ac40, 0x000001970639d560, 0x000001970619adf0, 0x0000019706669680,
0x000001970bd262f0, 0x000001970c558ed0, 0x000001970c486850, 0x000001970c94ef20,
0x000001970d081d80, 0x000001970c870ae0, 0x000001970d0e1c80, 0x000001970c147340,
0x000001970c146920, 0x000001970c146e30, 0x000001970c144fd0, 0x000001970c1454e0,
0x000001970c1440a0, 0x000001970c1459f0, 0x000001970c1445b0, 0x000001970c145f00,
0x000001970c146410, 0x000001970e2d7b40, 0x000001970e2d8050, 0x000001970e2dcc40,
0x000001970e2dbd10, 0x000001970e2dc730, 0x000001970e2de590, 0x000001970e2dc220,
0x000001970e2d8a70, 0x000001970e2d8f80, 0x000001970e2dd150, 0x000001970e2de080,
0x000001970e2deaa0, 0x000001970e2d9eb0, 0x000001970e2defb0, 0x000001970e2da8d0,
0x000001970e2dd660, 0x000001970e2ddb70, 0x000001970e2da3c0, 0x000001970e2df4c0,
0x000001970e2d8560
}

Java Threads: ( => current thread )
  0x000001976c26ef80 JavaThread "main" [_thread_blocked, id=2524, stack(0x000000165bf00000,0x000000165c000000)]
  0x0000019706347af0 JavaThread "Reference Handler" daemon [_thread_blocked, id=16380, stack(0x000000165c600000,0x000000165c700000)]
  0x000001970634ad50 JavaThread "Finalizer" daemon [_thread_blocked, id=8376, stack(0x000000165c700000,0x000000165c800000)]
  0x00000197063a22f0 JavaThread "Signal Dispatcher" daemon [_thread_blocked, id=5228, stack(0x000000165c800000,0x000000165c900000)]
  0x00000197063a2cc0 JavaThread "Attach Listener" daemon [_thread_blocked, id=12824, stack(0x000000165c900000,0x000000165ca00000)]
  0x00000197063a3590 JavaThread "Service Thread" daemon [_thread_blocked, id=14896, stack(0x000000165ca00000,0x000000165cb00000)]
  0x00000197063a3e60 JavaThread "Monitor Deflation Thread" daemon [_thread_blocked, id=5732, stack(0x000000165cb00000,0x000000165cc00000)]
  0x0000019706398270 JavaThread "C2 CompilerThread0" daemon [_thread_blocked, id=2008, stack(0x000000165cc00000,0x000000165cd00000)]
  0x000001970639ac40 JavaThread "C1 CompilerThread0" daemon [_thread_blocked, id=9120, stack(0x000000165cd00000,0x000000165ce00000)]
  0x000001970639d560 JavaThread "Sweeper thread" daemon [_thread_blocked, id=15532, stack(0x000000165ce00000,0x000000165cf00000)]
  0x000001970619adf0 JavaThread "Common-Cleaner" daemon [_thread_blocked, id=3644, stack(0x000000165cf00000,0x000000165d000000)]
  0x0000019706669680 JavaThread "Notification Thread" daemon [_thread_blocked, id=8312, stack(0x000000165d000000,0x000000165d100000)]
  0x000001970bd262f0 JavaThread "Daemon health stats" [_thread_blocked, id=7556, stack(0x000000165d700000,0x000000165d800000)]
  0x000001970c558ed0 JavaThread "Incoming local TCP Connector on port 57073" [_thread_in_native, id=13792, stack(0x000000165d800000,0x000000165d900000)]
  0x000001970c486850 JavaThread "Daemon periodic checks" [_thread_blocked, id=8564, stack(0x000000165d900000,0x000000165da00000)]
  0x000001970c94ef20 JavaThread "Daemon" [_thread_blocked, id=13584, stack(0x000000165da00000,0x000000165db00000)]
  0x000001970d081d80 JavaThread "Handler for socket connection from /127.0.0.1:57073 to /127.0.0.1:57074" [_thread_in_native, id=5108, stack(0x000000165db00000,0x000000165dc00000)]
  0x000001970c870ae0 JavaThread "Cancel handler" [_thread_blocked, id=13652, stack(0x000000165dc00000,0x000000165dd00000)]
  0x000001970d0e1c80 JavaThread "Daemon worker" [_thread_blocked, id=13968, stack(0x000000165dd00000,0x000000165de00000)]
  0x000001970c147340 JavaThread "Asynchronous log dispatcher for DefaultDaemonConnection: socket connection from /127.0.0.1:57073 to /127.0.0.1:57074" [_thread_blocked, id=8992, stack(0x000000165de00000,0x000000165df00000)]
  0x000001970c146920 JavaThread "Stdin handler" [_thread_blocked, id=9628, stack(0x000000165df00000,0x000000165e000000)]
  0x000001970c146e30 JavaThread "Daemon client event forwarder" [_thread_blocked, id=11012, stack(0x000000165e000000,0x000000165e100000)]
  0x000001970c144fd0 JavaThread "Cache worker for journal cache (C:\Users\mka23\.gradle\caches\journal-1)" [_thread_blocked, id=15440, stack(0x000000165e500000,0x000000165e600000)]
  0x000001970c1454e0 JavaThread "File lock request listener" [_thread_in_native, id=9992, stack(0x000000165e600000,0x000000165e700000)]
  0x000001970c1440a0 JavaThread "Cache worker for file hash cache (C:\Users\mka23\.gradle\caches\8.7\fileHashes)" [_thread_blocked, id=14796, stack(0x000000165e700000,0x000000165e800000)]
  0x000001970c1459f0 JavaThread "Cache worker for file hash cache (C:\Users\mka23\AndroidStudioProjects\ShopListrYeah\.gradle\8.7\fileHashes)" [_thread_blocked, id=4580, stack(0x000000165e800000,0x000000165e900000)]
  0x000001970c1445b0 JavaThread "File watcher server" daemon [_thread_in_native, id=5760, stack(0x000000165e900000,0x000000165ea00000)]
  0x000001970c145f00 JavaThread "File watcher consumer" daemon [_thread_blocked, id=8300, stack(0x000000165ea00000,0x000000165eb00000)]
  0x000001970c146410 JavaThread "jar transforms" [_thread_blocked, id=6440, stack(0x000000165eb00000,0x000000165ec00000)]
  0x000001970e2d7b40 JavaThread "jar transforms Thread 2" [_thread_blocked, id=9772, stack(0x000000165ec00000,0x000000165ed00000)]
  0x000001970e2d8050 JavaThread "jar transforms Thread 3" [_thread_blocked, id=1888, stack(0x000000165ed00000,0x000000165ee00000)]
  0x000001970e2dcc40 JavaThread "jar transforms Thread 4" [_thread_blocked, id=6624, stack(0x000000165ee00000,0x000000165ef00000)]
  0x000001970e2dbd10 JavaThread "jar transforms Thread 5" [_thread_blocked, id=7848, stack(0x000000165ef00000,0x000000165f000000)]
  0x000001970e2dc730 JavaThread "jar transforms Thread 6" [_thread_blocked, id=8260, stack(0x000000165f000000,0x000000165f100000)]
  0x000001970e2de590 JavaThread "jar transforms Thread 7" [_thread_blocked, id=9404, stack(0x000000165f100000,0x000000165f200000)]
  0x000001970e2dc220 JavaThread "jar transforms Thread 8" [_thread_blocked, id=13028, stack(0x000000165f200000,0x000000165f300000)]
  0x000001970e2d8a70 JavaThread "Cache worker for checksums cache (C:\Users\mka23\AndroidStudioProjects\ShopListrYeah\.gradle\8.7\checksums)" [_thread_blocked, id=7408, stack(0x000000165f300000,0x000000165f400000)]
  0x000001970e2d8f80 JavaThread "Cache worker for cache directory md-supplier (C:\Users\mka23\.gradle\caches\8.7\md-supplier)" [_thread_blocked, id=14104, stack(0x000000165f400000,0x000000165f500000)]
  0x000001970e2dd150 JavaThread "Cache worker for cache directory md-rule (C:\Users\mka23\.gradle\caches\8.7\md-rule)" [_thread_blocked, id=2836, stack(0x000000165f500000,0x000000165f600000)]
  0x000001970e2de080 JavaThread "Cache worker for file content cache (C:\Users\mka23\.gradle\caches\8.7\fileContent)" [_thread_blocked, id=9996, stack(0x000000165f600000,0x000000165f700000)]
  0x000001970e2deaa0 JavaThread "Unconstrained build operations" [_thread_blocked, id=992, stack(0x000000165f700000,0x000000165f800000)]
  0x000001970e2d9eb0 JavaThread "Unconstrained build operations Thread 2" [_thread_blocked, id=7760, stack(0x000000165f800000,0x000000165f900000)]
  0x000001970e2defb0 JavaThread "Unconstrained build operations Thread 3" [_thread_blocked, id=5560, stack(0x000000165f900000,0x000000165fa00000)]
  0x000001970e2da8d0 JavaThread "Unconstrained build operations Thread 4" [_thread_blocked, id=16160, stack(0x000000165fa00000,0x000000165fb00000)]
  0x000001970e2dd660 JavaThread "Unconstrained build operations Thread 5" [_thread_blocked, id=2600, stack(0x000000165fb00000,0x000000165fc00000)]
  0x000001970e2ddb70 JavaThread "Unconstrained build operations Thread 6" [_thread_blocked, id=8360, stack(0x000000165fc00000,0x000000165fd00000)]
  0x000001970e2da3c0 JavaThread "Unconstrained build operations Thread 7" [_thread_blocked, id=2932, stack(0x000000165fd00000,0x000000165fe00000)]
  0x000001970e2df4c0 JavaThread "Unconstrained build operations Thread 8" [_thread_blocked, id=9432, stack(0x000000165fe00000,0x000000165ff00000)]
  0x000001970e2d8560 JavaThread "Unconstrained build operations Thread 9" [_thread_blocked, id=6336, stack(0x000000165ff00000,0x0000001660000000)]

Other Threads:
=>0x00000197061f67b0 VMThread "VM Thread" [stack: 0x000000165c500000,0x000000165c600000] [id=12380]
  0x0000019706669b60 WatcherThread [stack: 0x000000165d100000,0x000000165d200000] [id=16052]
  0x000001976c2cad20 GCTaskThread "GC Thread#0" [stack: 0x000000165c000000,0x000000165c100000] [id=14328]
  0x000001970b12bca0 GCTaskThread "GC Thread#1" [stack: 0x000000165d300000,0x000000165d400000] [id=7128]
  0x000001970bf60010 GCTaskThread "GC Thread#2" [stack: 0x000000165d400000,0x000000165d500000] [id=3968]
  0x000001970ba767e0 GCTaskThread "GC Thread#3" [stack: 0x000000165d500000,0x000000165d600000] [id=6788]
  0x000001970bb9f450 GCTaskThread "GC Thread#4" [stack: 0x000000165d600000,0x000000165d700000] [id=15640]
  0x000001970dc85390 GCTaskThread "GC Thread#5" [stack: 0x000000165e100000,0x000000165e200000] [id=10696]
  0x000001970cd1d5c0 GCTaskThread "GC Thread#6" [stack: 0x000000165e200000,0x000000165e300000] [id=1828]
  0x000001970c828c80 GCTaskThread "GC Thread#7" [stack: 0x000000165e300000,0x000000165e400000] [id=10808]
  0x000001976c2dbb80 ConcurrentGCThread "G1 Main Marker" [stack: 0x000000165c100000,0x000000165c200000] [id=3056]
  0x000001976c2dcc50 ConcurrentGCThread "G1 Conc#0" [stack: 0x000000165c200000,0x000000165c300000] [id=880]
  0x000001970d95b000 ConcurrentGCThread "G1 Conc#1" [stack: 0x000000165e400000,0x000000165e500000] [id=16224]
  0x0000019706060e20 ConcurrentGCThread "G1 Refine#0" [stack: 0x000000165c300000,0x000000165c400000] [id=6864]
  0x000001970f5aaf20 ConcurrentGCThread "G1 Refine#1" [stack: 0x000000165d200000,0x000000165d300000] [id=11436]
  0x000001970f5aac30 ConcurrentGCThread "G1 Refine#2" [stack: 0x0000001660000000,0x0000001660100000] [id=4260]
  0x000001970f5abae0 ConcurrentGCThread "G1 Refine#3" [stack: 0x0000001660100000,0x0000001660200000] [id=16276]
  0x000001970f5aa360 ConcurrentGCThread "G1 Refine#4" [stack: 0x0000001660200000,0x0000001660300000] [id=11736]
  0x000001970f5ab7f0 ConcurrentGCThread "G1 Refine#5" [stack: 0x0000001660300000,0x0000001660400000] [id=6488]
  0x000001970f5aa650 ConcurrentGCThread "G1 Refine#6" [stack: 0x0000001660400000,0x0000001660500000] [id=13612]
  0x000001970f5ab210 ConcurrentGCThread "G1 Refine#7" [stack: 0x0000001660500000,0x0000001660600000] [id=1628]
  0x0000019706062670 ConcurrentGCThread "G1 Service" [stack: 0x000000165c400000,0x000000165c500000] [id=9240]

Threads with active compile tasks:
C2 CompilerThread0     7487 6220       4       java.lang.ClassLoader::postDefineClass (39 bytes)
C1 CompilerThread0     7487 6228       3       org.jetbrains.kotlin.metadata.ProtoBuf$Class::getSupertypeCount (10 bytes)

VM state: at safepoint (normal execution)

VM Mutex/Monitor currently owned by a thread:  ([mutex/lock_event])
[0x000001976c269600] Threads_lock - owner thread: 0x00000197061f67b0
[0x000001976c268910] Heap_lock - owner thread: 0x000001970d0e1c80

Heap address: 0x0000000080000000, size: 2048 MB, Compressed Oops mode: 32-bit

CDS archive(s) not mapped
Compressed class space mapped at: 0x0000000100000000-0x0000000140000000, reserved size: 1073741824
Narrow klass base: 0x0000000000000000, Narrow klass shift: 3, Narrow klass range: 0x140000000

GC Precious Log:
 CPUs: 8 total, 8 available
 Memory: 8034M
 Large Page Support: Disabled
 NUMA Support: Disabled
 Compressed Oops: Enabled (32-bit)
 Heap Region Size: 1M
 Heap Min Capacity: 8M
 Heap Initial Capacity: 126M
 Heap Max Capacity: 2G
 Pre-touch: Disabled
 Parallel Workers: 8
 Concurrent Workers: 2
 Concurrent Refinement Workers: 8
 Periodic GC: Disabled

Heap:
 garbage-first heap   total 168960K, used 98560K [0x0000000080000000, 0x0000000100000000)
  region size 1024K, 1 young (1024K), 1 survivors (1024K)
 Metaspace       used 90495K, committed 91136K, reserved 1179648K
  class space    used 12148K, committed 12416K, reserved 1048576K

Heap Regions: E=young(eden), S=young(survivor), O=old, HS=humongous(starts), HC=humongous(continues), CS=collection set, F=free, OA=open archive, CA=closed archive, TAMS=top-at-mark-start (previous, next)
|   0|0x0000000080000000, 0x0000000080100000, 0x0000000080100000|100%|HS|  |TAMS 0x0000000080100000, 0x0000000080100000| Complete 
|   1|0x0000000080100000, 0x0000000080200000, 0x0000000080200000|100%|HC|  |TAMS 0x0000000080200000, 0x0000000080200000| Complete 
|   2|0x0000000080200000, 0x0000000080300000, 0x0000000080300000|100%|HC|  |TAMS 0x0000000080300000, 0x0000000080300000| Complete 
|   3|0x0000000080300000, 0x0000000080400000, 0x0000000080400000|100%|HC|  |TAMS 0x0000000080400000, 0x0000000080400000| Complete 
|   4|0x0000000080400000, 0x0000000080500000, 0x0000000080500000|100%| O|  |TAMS 0x0000000080500000, 0x0000000080500000| Untracked 
|   5|0x0000000080500000, 0x0000000080600000, 0x0000000080600000|100%| O|  |TAMS 0x0000000080600000, 0x0000000080600000| Untracked 
|   6|0x0000000080600000, 0x0000000080700000, 0x0000000080700000|100%| O|  |TAMS 0x0000000080700000, 0x0000000080700000| Untracked 
|   7|0x0000000080700000, 0x0000000080800000, 0x0000000080800000|100%| O|  |TAMS 0x0000000080800000, 0x0000000080800000| Untracked 
|   8|0x0000000080800000, 0x0000000080900000, 0x0000000080900000|100%| O|  |TAMS 0x0000000080900000, 0x0000000080900000| Untracked 
|   9|0x0000000080900000, 0x0000000080a00000, 0x0000000080a00000|100%| O|  |TAMS 0x0000000080a00000, 0x0000000080a00000| Untracked 
|  10|0x0000000080a00000, 0x0000000080b00000, 0x0000000080b00000|100%| O|  |TAMS 0x0000000080b00000, 0x0000000080b00000| Untracked 
|  11|0x0000000080b00000, 0x0000000080c00000, 0x0000000080c00000|100%| O|  |TAMS 0x0000000080c00000, 0x0000000080c00000| Untracked 
|  12|0x0000000080c00000, 0x0000000080d00000, 0x0000000080d00000|100%| O|  |TAMS 0x0000000080d00000, 0x0000000080d00000| Untracked 
|  13|0x0000000080d00000, 0x0000000080e00000, 0x0000000080e00000|100%| O|  |TAMS 0x0000000080e00000, 0x0000000080e00000| Untracked 
|  14|0x0000000080e00000, 0x0000000080f00000, 0x0000000080f00000|100%| O|  |TAMS 0x0000000080f00000, 0x0000000080f00000| Untracked 
|  15|0x0000000080f00000, 0x0000000081000000, 0x0000000081000000|100%| O|  |TAMS 0x0000000081000000, 0x0000000081000000| Untracked 
|  16|0x0000000081000000, 0x0000000081100000, 0x0000000081100000|100%| O|  |TAMS 0x0000000081100000, 0x0000000081100000| Untracked 
|  17|0x0000000081100000, 0x0000000081200000, 0x0000000081200000|100%| O|  |TAMS 0x0000000081200000, 0x0000000081200000| Untracked 
|  18|0x0000000081200000, 0x0000000081300000, 0x0000000081300000|100%| O|  |TAMS 0x0000000081300000, 0x0000000081300000| Untracked 
|  19|0x0000000081300000, 0x0000000081400000, 0x0000000081400000|100%| O|  |TAMS 0x0000000081400000, 0x0000000081400000| Untracked 
|  20|0x0000000081400000, 0x0000000081500000, 0x0000000081500000|100%| O|  |TAMS 0x0000000081500000, 0x0000000081500000| Untracked 
|  21|0x0000000081500000, 0x0000000081600000, 0x0000000081600000|100%| O|  |TAMS 0x0000000081600000, 0x0000000081600000| Untracked 
|  22|0x0000000081600000, 0x0000000081700000, 0x0000000081700000|100%|HS|  |TAMS 0x0000000081700000, 0x0000000081700000| Complete 
|  23|0x0000000081700000, 0x0000000081800000, 0x0000000081800000|100%|HC|  |TAMS 0x0000000081800000, 0x0000000081800000| Complete 
|  24|0x0000000081800000, 0x0000000081900000, 0x0000000081900000|100%|HC|  |TAMS 0x0000000081900000, 0x0000000081900000| Complete 
|  25|0x0000000081900000, 0x0000000081a00000, 0x0000000081a00000|100%|HC|  |TAMS 0x0000000081a00000, 0x0000000081a00000| Complete 
|  26|0x0000000081a00000, 0x0000000081b00000, 0x0000000081b00000|100%|HC|  |TAMS 0x0000000081b00000, 0x0000000081b00000| Complete 
|  27|0x0000000081b00000, 0x0000000081c00000, 0x0000000081c00000|100%|HS|  |TAMS 0x0000000081c00000, 0x0000000081c00000| Complete 
|  28|0x0000000081c00000, 0x0000000081d00000, 0x0000000081d00000|100%|HC|  |TAMS 0x0000000081d00000, 0x0000000081d00000| Complete 
|  29|0x0000000081d00000, 0x0000000081e00000, 0x0000000081e00000|100%|HC|  |TAMS 0x0000000081e00000, 0x0000000081e00000| Complete 
|  30|0x0000000081e00000, 0x0000000081f00000, 0x0000000081f00000|100%|HS|  |TAMS 0x0000000081f00000, 0x0000000081f00000| Complete 
|  31|0x0000000081f00000, 0x0000000082000000, 0x0000000082000000|100%|HC|  |TAMS 0x0000000082000000, 0x0000000082000000| Complete 
|  32|0x0000000082000000, 0x0000000082100000, 0x0000000082100000|100%|HC|  |TAMS 0x0000000082100000, 0x0000000082100000| Complete 
|  33|0x0000000082100000, 0x0000000082200000, 0x0000000082200000|100%| O|  |TAMS 0x0000000082200000, 0x0000000082200000| Untracked 
|  34|0x0000000082200000, 0x0000000082300000, 0x0000000082300000|100%| O|  |TAMS 0x0000000082300000, 0x0000000082300000| Untracked 
|  35|0x0000000082300000, 0x0000000082400000, 0x0000000082400000|100%| O|  |TAMS 0x0000000082400000, 0x0000000082400000| Untracked 
|  36|0x0000000082400000, 0x0000000082500000, 0x0000000082500000|100%| O|  |TAMS 0x0000000082500000, 0x0000000082500000| Untracked 
|  37|0x0000000082500000, 0x0000000082600000, 0x0000000082600000|100%| O|  |TAMS 0x0000000082600000, 0x0000000082600000| Untracked 
|  38|0x0000000082600000, 0x0000000082700000, 0x0000000082700000|100%|HS|  |TAMS 0x0000000082700000, 0x0000000082700000| Complete 
|  39|0x0000000082700000, 0x0000000082800000, 0x0000000082800000|100%| O|  |TAMS 0x0000000082800000, 0x0000000082800000| Untracked 
|  40|0x0000000082800000, 0x0000000082800000, 0x0000000082900000|  0%| F|  |TAMS 0x0000000082800000, 0x0000000082800000| Untracked 
|  41|0x0000000082900000, 0x0000000082a00000, 0x0000000082a00000|100%| O|  |TAMS 0x0000000082a00000, 0x0000000082a00000| Untracked 
|  42|0x0000000082a00000, 0x0000000082b00000, 0x0000000082b00000|100%| O|  |TAMS 0x0000000082b00000, 0x0000000082b00000| Untracked 
|  43|0x0000000082b00000, 0x0000000082c00000, 0x0000000082c00000|100%| O|  |TAMS 0x0000000082c00000, 0x0000000082c00000| Untracked 
|  44|0x0000000082c00000, 0x0000000082d00000, 0x0000000082d00000|100%| O|  |TAMS 0x0000000082d00000, 0x0000000082d00000| Untracked 
|  45|0x0000000082d00000, 0x0000000082e00000, 0x0000000082e00000|100%| O|  |TAMS 0x0000000082e00000, 0x0000000082e00000| Untracked 
|  46|0x0000000082e00000, 0x0000000082f00000, 0x0000000082f00000|100%| O|  |TAMS 0x0000000082f00000, 0x0000000082f00000| Untracked 
|  47|0x0000000082f00000, 0x0000000083000000, 0x0000000083000000|100%| O|  |TAMS 0x0000000083000000, 0x0000000083000000| Untracked 
|  48|0x0000000083000000, 0x0000000083100000, 0x0000000083100000|100%| O|  |TAMS 0x0000000083100000, 0x0000000083100000| Untracked 
|  49|0x0000000083100000, 0x0000000083200000, 0x0000000083200000|100%|HS|  |TAMS 0x0000000083200000, 0x0000000083200000| Complete 
|  50|0x0000000083200000, 0x0000000083300000, 0x0000000083300000|100%|HC|  |TAMS 0x0000000083300000, 0x0000000083300000| Complete 
|  51|0x0000000083300000, 0x0000000083400000, 0x0000000083400000|100%|HC|  |TAMS 0x0000000083400000, 0x0000000083400000| Complete 
|  52|0x0000000083400000, 0x0000000083500000, 0x0000000083500000|100%|HC|  |TAMS 0x0000000083500000, 0x0000000083500000| Complete 
|  53|0x0000000083500000, 0x0000000083600000, 0x0000000083600000|100%|HC|  |TAMS 0x0000000083600000, 0x0000000083600000| Complete 
|  54|0x0000000083600000, 0x0000000083700000, 0x0000000083700000|100%|HS|  |TAMS 0x0000000083700000, 0x0000000083700000| Complete 
|  55|0x0000000083700000, 0x0000000083800000, 0x0000000083800000|100%|HC|  |TAMS 0x0000000083800000, 0x0000000083800000| Complete 
|  56|0x0000000083800000, 0x0000000083900000, 0x0000000083900000|100%|HC|  |TAMS 0x0000000083900000, 0x0000000083900000| Complete 
|  57|0x0000000083900000, 0x0000000083a00000, 0x0000000083a00000|100%| O|  |TAMS 0x0000000083a00000, 0x0000000083a00000| Untracked 
|  58|0x0000000083a00000, 0x0000000083b00000, 0x0000000083b00000|100%| O|  |TAMS 0x0000000083b00000, 0x0000000083b00000| Untracked 
|  59|0x0000000083b00000, 0x0000000083c00000, 0x0000000083c00000|100%|HS|  |TAMS 0x0000000083c00000, 0x0000000083c00000| Complete 
|  60|0x0000000083c00000, 0x0000000083d00000, 0x0000000083d00000|100%|HC|  |TAMS 0x0000000083d00000, 0x0000000083d00000| Complete 
|  61|0x0000000083d00000, 0x0000000083e00000, 0x0000000083e00000|100%|HC|  |TAMS 0x0000000083e00000, 0x0000000083e00000| Complete 
|  62|0x0000000083e00000, 0x0000000083f00000, 0x0000000083f00000|100%|HC|  |TAMS 0x0000000083f00000, 0x0000000083f00000| Complete 
|  63|0x0000000083f00000, 0x0000000084000000, 0x0000000084000000|100%|HC|  |TAMS 0x0000000084000000, 0x0000000084000000| Complete 
|  64|0x0000000084000000, 0x0000000084100000, 0x0000000084100000|100%| O|  |TAMS 0x0000000084100000, 0x0000000084100000| Untracked 
|  65|0x0000000084100000, 0x0000000084200000, 0x0000000084200000|100%| O|  |TAMS 0x0000000084200000, 0x0000000084200000| Untracked 
|  66|0x0000000084200000, 0x0000000084300000, 0x0000000084300000|100%| O|  |TAMS 0x0000000084300000, 0x0000000084300000| Untracked 
|  67|0x0000000084300000, 0x0000000084400000, 0x0000000084400000|100%| O|  |TAMS 0x0000000084400000, 0x0000000084400000| Untracked 
|  68|0x0000000084400000, 0x0000000084500000, 0x0000000084500000|100%| O|  |TAMS 0x0000000084500000, 0x0000000084500000| Untracked 
|  69|0x0000000084500000, 0x0000000084600000, 0x0000000084600000|100%| O|  |TAMS 0x0000000084600000, 0x0000000084600000| Untracked 
|  70|0x0000000084600000, 0x0000000084700000, 0x0000000084700000|100%| O|  |TAMS 0x0000000084700000, 0x0000000084700000| Untracked 
|  71|0x0000000084700000, 0x0000000084800000, 0x0000000084800000|100%| O|  |TAMS 0x0000000084800000, 0x0000000084800000| Untracked 
|  72|0x0000000084800000, 0x0000000084900000, 0x0000000084900000|100%| O|  |TAMS 0x0000000084900000, 0x0000000084900000| Untracked 
|  73|0x0000000084900000, 0x0000000084a00000, 0x0000000084a00000|100%| O|  |TAMS 0x0000000084a00000, 0x0000000084a00000| Untracked 
|  74|0x0000000084a00000, 0x0000000084b00000, 0x0000000084b00000|100%|HS|  |TAMS 0x0000000084b00000, 0x0000000084b00000| Complete 
|  75|0x0000000084b00000, 0x0000000084c00000, 0x0000000084c00000|100%| O|  |TAMS 0x0000000084c00000, 0x0000000084c00000| Untracked 
|  76|0x0000000084c00000, 0x0000000084d00000, 0x0000000084d00000|100%| O|  |TAMS 0x0000000084d00000, 0x0000000084d00000| Untracked 
|  77|0x0000000084d00000, 0x0000000084e00000, 0x0000000084e00000|100%| O|  |TAMS 0x0000000084e00000, 0x0000000084e00000| Untracked 
|  78|0x0000000084e00000, 0x0000000084f00000, 0x0000000084f00000|100%| O|  |TAMS 0x0000000084f00000, 0x0000000084f00000| Untracked 
|  79|0x0000000084f00000, 0x0000000085000000, 0x0000000085000000|100%| O|  |TAMS 0x0000000085000000, 0x0000000085000000| Untracked 
|  80|0x0000000085000000, 0x0000000085100000, 0x0000000085100000|100%| O|  |TAMS 0x0000000085100000, 0x0000000085100000| Untracked 
|  81|0x0000000085100000, 0x0000000085200000, 0x0000000085200000|100%| O|  |TAMS 0x0000000085200000, 0x0000000085200000| Untracked 
|  82|0x0000000085200000, 0x0000000085300000, 0x0000000085300000|100%|HS|  |TAMS 0x0000000085300000, 0x0000000085300000| Complete 
|  83|0x0000000085300000, 0x0000000085400000, 0x0000000085400000|100%|HC|  |TAMS 0x0000000085400000, 0x0000000085400000| Complete 
|  84|0x0000000085400000, 0x0000000085500000, 0x0000000085500000|100%|HC|  |TAMS 0x0000000085500000, 0x0000000085500000| Complete 
|  85|0x0000000085500000, 0x0000000085600000, 0x0000000085600000|100%|HC|  |TAMS 0x0000000085600000, 0x0000000085600000| Complete 
|  86|0x0000000085600000, 0x0000000085700000, 0x0000000085700000|100%|HC|  |TAMS 0x0000000085700000, 0x0000000085700000| Complete 
|  87|0x0000000085700000, 0x0000000085800000, 0x0000000085800000|100%|HC|  |TAMS 0x0000000085800000, 0x0000000085800000| Complete 
|  88|0x0000000085800000, 0x0000000085900000, 0x0000000085900000|100%| O|  |TAMS 0x0000000085800000, 0x0000000085900000| Untracked 
|  89|0x0000000085900000, 0x0000000085a00000, 0x0000000085a00000|100%| O|  |TAMS 0x0000000085900000, 0x0000000085a00000| Untracked 
|  90|0x0000000085a00000, 0x0000000085b00000, 0x0000000085b00000|100%| O|  |TAMS 0x0000000085a00000, 0x0000000085b00000| Untracked 
|  91|0x0000000085b00000, 0x0000000085c00000, 0x0000000085c00000|100%| O|  |TAMS 0x0000000085b00000, 0x0000000085c00000| Untracked 
|  92|0x0000000085c00000, 0x0000000085d00000, 0x0000000085d00000|100%| O|  |TAMS 0x0000000085c00000, 0x0000000085d00000| Untracked 
|  93|0x0000000085d00000, 0x0000000085e00000, 0x0000000085e00000|100%| O|  |TAMS 0x0000000085d00000, 0x0000000085e00000| Untracked 
|  94|0x0000000085e00000, 0x0000000085f00000, 0x0000000085f00000|100%| O|  |TAMS 0x0000000085e00000, 0x0000000085f00000| Untracked 
|  95|0x0000000085f00000, 0x0000000086000000, 0x0000000086000000|100%| O|  |TAMS 0x0000000085f00000, 0x0000000086000000| Untracked 
|  96|0x0000000086000000, 0x0000000086040000, 0x0000000086100000| 25%| O|  |TAMS 0x0000000086000000, 0x0000000086040000| Untracked 
|  97|0x0000000086100000, 0x0000000086100000, 0x0000000086200000|  0%| F|  |TAMS 0x0000000086100000, 0x0000000086100000| Untracked 
|  98|0x0000000086200000, 0x0000000086200000, 0x0000000086300000|  0%| F|  |TAMS 0x0000000086200000, 0x0000000086200000| Untracked 
|  99|0x0000000086300000, 0x0000000086300000, 0x0000000086400000|  0%| F|  |TAMS 0x0000000086300000, 0x0000000086300000| Untracked 
| 100|0x0000000086400000, 0x0000000086400000, 0x0000000086500000|  0%| F|  |TAMS 0x0000000086400000, 0x0000000086400000| Untracked 
| 101|0x0000000086500000, 0x0000000086500000, 0x0000000086600000|  0%| F|  |TAMS 0x0000000086500000, 0x0000000086500000| Untracked 
| 102|0x0000000086600000, 0x0000000086600000, 0x0000000086700000|  0%| F|  |TAMS 0x0000000086600000, 0x0000000086600000| Untracked 
| 103|0x0000000086700000, 0x0000000086700000, 0x0000000086800000|  0%| F|  |TAMS 0x0000000086700000, 0x0000000086700000| Untracked 
| 104|0x0000000086800000, 0x0000000086800000, 0x0000000086900000|  0%| F|  |TAMS 0x0000000086800000, 0x0000000086800000| Untracked 
| 105|0x0000000086900000, 0x0000000086900000, 0x0000000086a00000|  0%| F|  |TAMS 0x0000000086900000, 0x0000000086900000| Untracked 
| 106|0x0000000086a00000, 0x0000000086a00000, 0x0000000086b00000|  0%| F|  |TAMS 0x0000000086a00000, 0x0000000086a00000| Untracked 
| 107|0x0000000086b00000, 0x0000000086b00000, 0x0000000086c00000|  0%| F|  |TAMS 0x0000000086b00000, 0x0000000086b00000| Untracked 
| 108|0x0000000086c00000, 0x0000000086c00000, 0x0000000086d00000|  0%| F|  |TAMS 0x0000000086c00000, 0x0000000086c00000| Untracked 
| 109|0x0000000086d00000, 0x0000000086d00000, 0x0000000086e00000|  0%| F|  |TAMS 0x0000000086d00000, 0x0000000086d00000| Untracked 
| 110|0x0000000086e00000, 0x0000000086e00000, 0x0000000086f00000|  0%| F|  |TAMS 0x0000000086e00000, 0x0000000086e00000| Untracked 
| 111|0x0000000086f00000, 0x0000000086f00000, 0x0000000087000000|  0%| F|  |TAMS 0x0000000086f00000, 0x0000000086f00000| Untracked 
| 112|0x0000000087000000, 0x0000000087000000, 0x0000000087100000|  0%| F|  |TAMS 0x0000000087000000, 0x0000000087000000| Untracked 
| 113|0x0000000087100000, 0x0000000087100000, 0x0000000087200000|  0%| F|  |TAMS 0x0000000087100000, 0x0000000087100000| Untracked 
| 114|0x0000000087200000, 0x0000000087200000, 0x0000000087300000|  0%| F|  |TAMS 0x0000000087200000, 0x0000000087200000| Untracked 
| 115|0x0000000087300000, 0x0000000087300000, 0x0000000087400000|  0%| F|  |TAMS 0x0000000087300000, 0x0000000087300000| Untracked 
| 116|0x0000000087400000, 0x0000000087400000, 0x0000000087500000|  0%| F|  |TAMS 0x0000000087400000, 0x0000000087400000| Untracked 
| 117|0x0000000087500000, 0x0000000087500000, 0x0000000087600000|  0%| F|  |TAMS 0x0000000087500000, 0x0000000087500000| Untracked 
| 118|0x0000000087600000, 0x0000000087600000, 0x0000000087700000|  0%| F|  |TAMS 0x0000000087600000, 0x0000000087600000| Untracked 
| 119|0x0000000087700000, 0x0000000087700000, 0x0000000087800000|  0%| F|  |TAMS 0x0000000087700000, 0x0000000087700000| Untracked 
| 120|0x0000000087800000, 0x0000000087800000, 0x0000000087900000|  0%| F|  |TAMS 0x0000000087800000, 0x0000000087800000| Untracked 
| 121|0x0000000087900000, 0x0000000087900000, 0x0000000087a00000|  0%| F|  |TAMS 0x0000000087900000, 0x0000000087900000| Untracked 
| 122|0x0000000087a00000, 0x0000000087a00000, 0x0000000087b00000|  0%| F|  |TAMS 0x0000000087a00000, 0x0000000087a00000| Untracked 
| 123|0x0000000087b00000, 0x0000000087b00000, 0x0000000087c00000|  0%| F|  |TAMS 0x0000000087b00000, 0x0000000087b00000| Untracked 
| 124|0x0000000087c00000, 0x0000000087c00000, 0x0000000087d00000|  0%| F|  |TAMS 0x0000000087c00000, 0x0000000087c00000| Untracked 
| 125|0x0000000087d00000, 0x0000000087d00000, 0x0000000087e00000|  0%| F|  |TAMS 0x0000000087d00000, 0x0000000087d00000| Untracked 
| 126|0x0000000087e00000, 0x0000000087e00000, 0x0000000087f00000|  0%| F|  |TAMS 0x0000000087e00000, 0x0000000087e00000| Untracked 
| 127|0x0000000087f00000, 0x0000000087f00000, 0x0000000088000000|  0%| F|  |TAMS 0x0000000087f00000, 0x0000000087f00000| Untracked 
| 128|0x0000000088000000, 0x0000000088000000, 0x0000000088100000|  0%| F|  |TAMS 0x0000000088000000, 0x0000000088000000| Untracked 
| 129|0x0000000088100000, 0x0000000088100000, 0x0000000088200000|  0%| F|  |TAMS 0x0000000088100000, 0x0000000088100000| Untracked 
| 130|0x0000000088200000, 0x0000000088200000, 0x0000000088300000|  0%| F|  |TAMS 0x0000000088200000, 0x0000000088200000| Untracked 
| 131|0x0000000088300000, 0x0000000088300000, 0x0000000088400000|  0%| F|  |TAMS 0x0000000088300000, 0x0000000088300000| Untracked 
| 132|0x0000000088400000, 0x0000000088400000, 0x0000000088500000|  0%| F|  |TAMS 0x0000000088400000, 0x0000000088400000| Untracked 
| 133|0x0000000088500000, 0x0000000088500000, 0x0000000088600000|  0%| F|  |TAMS 0x0000000088500000, 0x0000000088500000| Untracked 
| 134|0x0000000088600000, 0x0000000088600000, 0x0000000088700000|  0%| F|  |TAMS 0x0000000088600000, 0x0000000088600000| Untracked 
| 135|0x0000000088700000, 0x0000000088700000, 0x0000000088800000|  0%| F|  |TAMS 0x0000000088700000, 0x0000000088700000| Untracked 
| 136|0x0000000088800000, 0x0000000088800000, 0x0000000088900000|  0%| F|  |TAMS 0x0000000088800000, 0x0000000088800000| Untracked 
| 137|0x0000000088900000, 0x0000000088900000, 0x0000000088a00000|  0%| F|  |TAMS 0x0000000088900000, 0x0000000088900000| Untracked 
| 138|0x0000000088a00000, 0x0000000088a00000, 0x0000000088b00000|  0%| F|  |TAMS 0x0000000088a00000, 0x0000000088a00000| Untracked 
| 139|0x0000000088b00000, 0x0000000088b00000, 0x0000000088c00000|  0%| F|  |TAMS 0x0000000088b00000, 0x0000000088b00000| Untracked 
| 140|0x0000000088c00000, 0x0000000088c00000, 0x0000000088d00000|  0%| F|  |TAMS 0x0000000088c00000, 0x0000000088c00000| Untracked 
| 141|0x0000000088d00000, 0x0000000088d00000, 0x0000000088e00000|  0%| F|  |TAMS 0x0000000088d00000, 0x0000000088d00000| Untracked 
| 142|0x0000000088e00000, 0x0000000088e00000, 0x0000000088f00000|  0%| F|  |TAMS 0x0000000088e00000, 0x0000000088e00000| Untracked 
| 143|0x0000000088f00000, 0x0000000088f00000, 0x0000000089000000|  0%| F|  |TAMS 0x0000000088f00000, 0x0000000088f00000| Untracked 
| 144|0x0000000089000000, 0x0000000089000000, 0x0000000089100000|  0%| F|  |TAMS 0x0000000089000000, 0x0000000089000000| Untracked 
| 145|0x0000000089100000, 0x0000000089100000, 0x0000000089200000|  0%| F|  |TAMS 0x0000000089100000, 0x0000000089100000| Untracked 
| 146|0x0000000089200000, 0x0000000089200000, 0x0000000089300000|  0%| F|  |TAMS 0x0000000089200000, 0x0000000089200000| Untracked 
| 147|0x0000000089300000, 0x0000000089300000, 0x0000000089400000|  0%| F|  |TAMS 0x0000000089300000, 0x0000000089300000| Untracked 
| 148|0x0000000089400000, 0x0000000089400000, 0x0000000089500000|  0%| F|  |TAMS 0x0000000089400000, 0x0000000089400000| Untracked 
| 149|0x0000000089500000, 0x0000000089500000, 0x0000000089600000|  0%| F|  |TAMS 0x0000000089500000, 0x0000000089500000| Untracked 
| 150|0x0000000089600000, 0x0000000089600000, 0x0000000089700000|  0%| F|  |TAMS 0x0000000089600000, 0x0000000089600000| Untracked 
| 151|0x0000000089700000, 0x0000000089800000, 0x0000000089800000|100%| S|CS|TAMS 0x0000000089700000, 0x0000000089700000| Complete 
| 152|0x0000000089800000, 0x0000000089800000, 0x0000000089900000|  0%| F|  |TAMS 0x0000000089800000, 0x0000000089800000| Untracked 
| 153|0x0000000089900000, 0x0000000089900000, 0x0000000089a00000|  0%| F|  |TAMS 0x0000000089900000, 0x0000000089900000| Untracked 
| 154|0x0000000089a00000, 0x0000000089a00000, 0x0000000089b00000|  0%| F|  |TAMS 0x0000000089a00000, 0x0000000089a00000| Untracked 
| 155|0x0000000089b00000, 0x0000000089b00000, 0x0000000089c00000|  0%| F|  |TAMS 0x0000000089b00000, 0x0000000089b00000| Untracked 
| 156|0x0000000089c00000, 0x0000000089c00000, 0x0000000089d00000|  0%| F|  |TAMS 0x0000000089c00000, 0x0000000089c00000| Untracked 
| 157|0x0000000089d00000, 0x0000000089d00000, 0x0000000089e00000|  0%| F|  |TAMS 0x0000000089d00000, 0x0000000089d00000| Untracked 
| 158|0x0000000089e00000, 0x0000000089e00000, 0x0000000089f00000|  0%| F|  |TAMS 0x0000000089e00000, 0x0000000089e00000| Untracked 
| 159|0x0000000089f00000, 0x0000000089f00000, 0x000000008a000000|  0%| F|  |TAMS 0x0000000089f00000, 0x0000000089f00000| Untracked 
| 160|0x000000008a000000, 0x000000008a000000, 0x000000008a100000|  0%| F|  |TAMS 0x000000008a000000, 0x000000008a000000| Untracked 
| 161|0x000000008a100000, 0x000000008a100000, 0x000000008a200000|  0%| F|  |TAMS 0x000000008a100000, 0x000000008a100000| Untracked 
| 162|0x000000008a200000, 0x000000008a200000, 0x000000008a300000|  0%| F|  |TAMS 0x000000008a200000, 0x000000008a200000| Untracked 
| 163|0x000000008a300000, 0x000000008a300000, 0x000000008a400000|  0%| F|  |TAMS 0x000000008a300000, 0x000000008a300000| Untracked 
| 164|0x000000008a400000, 0x000000008a400000, 0x000000008a500000|  0%| F|  |TAMS 0x000000008a400000, 0x000000008a400000| Untracked 

Card table byte_map: [0x000001977ee80000,0x000001977f280000] _byte_map_base: 0x000001977ea80000

Marking Bits (Prev, Next): (CMBitMap*) 0x000001976c2cb290, (CMBitMap*) 0x000001976c2cb250
 Prev Bits: [0x0000019702000000, 0x0000019704000000)
 Next Bits: [0x0000019700000000, 0x0000019702000000)

Polling page: 0x000001976a200000

Metaspace:

Usage:
  Non-class:     76.51 MB used.
      Class:     11.86 MB used.
       Both:     88.37 MB used.

Virtual space:
  Non-class space:      128.00 MB reserved,      76.88 MB ( 60%) committed,  2 nodes.
      Class space:        1.00 GB reserved,      12.12 MB (  1%) committed,  1 nodes.
             Both:        1.12 GB reserved,      89.00 MB (  8%) committed. 

Chunk freelists:
   Non-Class:  2.73 MB
       Class:  3.91 MB
        Both:  6.64 MB

MaxMetaspaceSize: unlimited
CompressedClassSpaceSize: 1.00 GB
Initial GC threshold: 21.00 MB
Current GC threshold: 138.75 MB
CDS: off
MetaspaceReclaimPolicy: balanced
 - commit_granule_bytes: 65536.
 - commit_granule_words: 8192.
 - virtual_space_node_default_size: 8388608.
 - enlarge_chunks_in_place: 1.
 - new_chunks_are_fully_committed: 0.
 - uncommit_free_chunks: 1.
 - use_allocation_guard: 0.
 - handle_deallocations: 1.


Internal statistics:

num_allocs_failed_limit: 6.
num_arena_births: 714.
num_arena_deaths: 0.
num_vsnodes_births: 3.
num_vsnodes_deaths: 0.
num_space_committed: 1422.
num_space_uncommitted: 0.
num_chunks_returned_to_freelist: 6.
num_chunks_taken_from_freelist: 3710.
num_chunk_merges: 6.
num_chunk_splits: 2738.
num_chunks_enlarged: 2165.
num_inconsistent_stats: 0.

CodeHeap 'non-profiled nmethods': size=120000Kb used=3057Kb max_used=3098Kb free=116942Kb
 bounds [0x0000019777220000, 0x0000019777550000, 0x000001977e750000]
CodeHeap 'profiled nmethods': size=120000Kb used=11262Kb max_used=11262Kb free=108737Kb
 bounds [0x000001976f750000, 0x0000019770250000, 0x0000019776c80000]
CodeHeap 'non-nmethods': size=5760Kb used=2394Kb max_used=2436Kb free=3365Kb
 bounds [0x0000019776c80000, 0x0000019776f00000, 0x0000019777220000]
 total_blobs=6434 nmethods=5504 adapters=842
 compilation: enabled
              stopped_count=0, restarted_count=0
 full_count=0

Compilation events (20 events):
Event: 7.451 Thread 0x000001970639ac40 nmethod 6219 0x000001977738c290 code [0x000001977738c420, 0x000001977738c4f8]
Event: 7.451 Thread 0x000001970639ac40 6212       1       org.jetbrains.kotlin.com.intellij.openapi.util.Ref::set (6 bytes)
Event: 7.451 Thread 0x000001970639ac40 nmethod 6212 0x000001977738bf90 code [0x000001977738c120, 0x000001977738c238]
Event: 7.451 Thread 0x000001970639ac40 6217       1       org.jetbrains.kotlin.com.intellij.openapi.vfs.impl.jar.CoreJarVirtualFile::getModificationStamp (2 bytes)
Event: 7.451 Thread 0x000001970639ac40 nmethod 6217 0x000001977738bc90 code [0x000001977738be20, 0x000001977738bef8]
Event: 7.458 Thread 0x000001970639ac40 6222       3       org.jetbrains.kotlin.name.FqNameUnsafe::pathSegments (39 bytes)
Event: 7.459 Thread 0x000001970639ac40 nmethod 6222 0x0000019770249510 code [0x0000019770249700, 0x0000019770249b68]
Event: 7.459 Thread 0x0000019706398270 nmethod 6216 0x0000019777389990 code [0x0000019777389c00, 0x000001977738b260]
Event: 7.459 Thread 0x0000019706398270 6220       4       java.lang.ClassLoader::postDefineClass (39 bytes)
Event: 7.459 Thread 0x000001970639ac40 6223       3       org.jetbrains.kotlin.metadata.ProtoBuf$Class$1::parsePartialFrom (7 bytes)
Event: 7.459 Thread 0x000001970639ac40 nmethod 6223 0x0000019770249d10 code [0x0000019770249ea0, 0x0000019770249fe8]
Event: 7.459 Thread 0x000001970639ac40 6226       3       org.jetbrains.kotlin.metadata.ProtoBuf$QualifiedNameTable$QualifiedName::isInitialized (39 bytes)
Event: 7.459 Thread 0x000001970639ac40 nmethod 6226 0x000001977024a090 code [0x000001977024a240, 0x000001977024a558]
Event: 7.459 Thread 0x000001970639ac40 6229       3       org.jetbrains.kotlin.metadata.ProtoBuf$Class::isInitialized (407 bytes)
Event: 7.460 Thread 0x000001970639ac40 nmethod 6229 0x000001977024a610 code [0x000001977024abc0, 0x000001977024dd18]
Event: 7.460 Thread 0x000001970639ac40 6227       3       org.jetbrains.kotlin.metadata.ProtoBuf$QualifiedNameTable$QualifiedName::hasShortName (16 bytes)
Event: 7.460 Thread 0x000001970639ac40 nmethod 6227 0x000001977024eb90 code [0x000001977024ed20, 0x000001977024ee98]
Event: 7.460 Thread 0x000001970639ac40 6231       3       org.jetbrains.org.objectweb.asm.ClassReader::getFirstAttributeOffset (136 bytes)
Event: 7.461 Thread 0x000001970639ac40 nmethod 6231 0x000001977024ef10 code [0x000001977024f140, 0x000001977024f748]
Event: 7.461 Thread 0x000001970639ac40 6228       3       org.jetbrains.kotlin.metadata.ProtoBuf$Class::getSupertypeCount (10 bytes)

GC Heap History (20 events):
Event: 5.171 GC heap after
{Heap after GC invocations=27 (full 0):
 garbage-first heap   total 122880K, used 70509K [0x0000000080000000, 0x0000000100000000)
  region size 1024K, 3 young (3072K), 3 survivors (3072K)
 Metaspace       used 59176K, committed 59712K, reserved 1114112K
  class space    used 8386K, committed 8640K, reserved 1048576K
}
Event: 5.362 GC heap before
{Heap before GC invocations=27 (full 0):
 garbage-first heap   total 122880K, used 95085K [0x0000000080000000, 0x0000000100000000)
  region size 1024K, 28 young (28672K), 3 survivors (3072K)
 Metaspace       used 62244K, committed 62848K, reserved 1114112K
  class space    used 8803K, committed 9088K, reserved 1048576K
}
Event: 5.365 GC heap after
{Heap after GC invocations=28 (full 0):
 garbage-first heap   total 147456K, used 71182K [0x0000000080000000, 0x0000000100000000)
  region size 1024K, 3 young (3072K), 3 survivors (3072K)
 Metaspace       used 62244K, committed 62848K, reserved 1114112K
  class space    used 8803K, committed 9088K, reserved 1048576K
}
Event: 5.807 GC heap before
{Heap before GC invocations=29 (full 0):
 garbage-first heap   total 147456K, used 113166K [0x0000000080000000, 0x0000000100000000)
  region size 1024K, 44 young (45056K), 3 survivors (3072K)
 Metaspace       used 68283K, committed 68928K, reserved 1114112K
  class space    used 9561K, committed 9856K, reserved 1048576K
}
Event: 5.810 GC heap after
{Heap after GC invocations=30 (full 0):
 garbage-first heap   total 147456K, used 72091K [0x0000000080000000, 0x0000000100000000)
  region size 1024K, 3 young (3072K), 3 survivors (3072K)
 Metaspace       used 68283K, committed 68928K, reserved 1114112K
  class space    used 9561K, committed 9856K, reserved 1048576K
}
Event: 5.982 GC heap before
{Heap before GC invocations=30 (full 0):
 garbage-first heap   total 147456K, used 93595K [0x0000000080000000, 0x0000000100000000)
  region size 1024K, 25 young (25600K), 3 survivors (3072K)
 Metaspace       used 71670K, committed 72320K, reserved 1114112K
  class space    used 10018K, committed 10304K, reserved 1048576K
}
Event: 5.985 GC heap after
{Heap after GC invocations=31 (full 0):
 garbage-first heap   total 147456K, used 72528K [0x0000000080000000, 0x0000000100000000)
  region size 1024K, 4 young (4096K), 4 survivors (4096K)
 Metaspace       used 71670K, committed 72320K, reserved 1114112K
  class space    used 10018K, committed 10304K, reserved 1048576K
}
Event: 6.215 GC heap before
{Heap before GC invocations=32 (full 0):
 garbage-first heap   total 147456K, used 124752K [0x0000000080000000, 0x0000000100000000)
  region size 1024K, 48 young (49152K), 4 survivors (4096K)
 Metaspace       used 72717K, committed 73280K, reserved 1114112K
  class space    used 10134K, committed 10368K, reserved 1048576K
}
Event: 6.226 GC heap after
{Heap after GC invocations=33 (full 0):
 garbage-first heap   total 147456K, used 82636K [0x0000000080000000, 0x0000000100000000)
  region size 1024K, 6 young (6144K), 6 survivors (6144K)
 Metaspace       used 72717K, committed 73280K, reserved 1114112K
  class space    used 10134K, committed 10368K, reserved 1048576K
}
Event: 6.432 GC heap before
{Heap before GC invocations=33 (full 0):
 garbage-first heap   total 147456K, used 107212K [0x0000000080000000, 0x0000000100000000)
  region size 1024K, 31 young (31744K), 6 survivors (6144K)
 Metaspace       used 76110K, committed 76736K, reserved 1179648K
  class space    used 10534K, committed 10816K, reserved 1048576K
}
Event: 6.437 GC heap after
{Heap after GC invocations=34 (full 0):
 garbage-first heap   total 147456K, used 84717K [0x0000000080000000, 0x0000000100000000)
  region size 1024K, 2 young (2048K), 2 survivors (2048K)
 Metaspace       used 76110K, committed 76736K, reserved 1179648K
  class space    used 10534K, committed 10816K, reserved 1048576K
}
Event: 6.715 GC heap before
{Heap before GC invocations=35 (full 0):
 garbage-first heap   total 158720K, used 126701K [0x0000000080000000, 0x0000000100000000)
  region size 1024K, 36 young (36864K), 2 survivors (2048K)
 Metaspace       used 79762K, committed 80384K, reserved 1179648K
  class space    used 10920K, committed 11200K, reserved 1048576K
}
Event: 6.717 GC heap after
{Heap after GC invocations=36 (full 0):
 garbage-first heap   total 158720K, used 94024K [0x0000000080000000, 0x0000000100000000)
  region size 1024K, 4 young (4096K), 4 survivors (4096K)
 Metaspace       used 79762K, committed 80384K, reserved 1179648K
  class space    used 10920K, committed 11200K, reserved 1048576K
}
Event: 6.982 GC heap before
{Heap before GC invocations=36 (full 0):
 garbage-first heap   total 158720K, used 129864K [0x0000000080000000, 0x0000000100000000)
  region size 1024K, 39 young (39936K), 4 survivors (4096K)
 Metaspace       used 84263K, committed 84864K, reserved 1179648K
  class space    used 11344K, committed 11584K, reserved 1048576K
}
Event: 6.986 GC heap after
{Heap after GC invocations=37 (full 0):
 garbage-first heap   total 158720K, used 95769K [0x0000000080000000, 0x0000000100000000)
  region size 1024K, 5 young (5120K), 5 survivors (5120K)
 Metaspace       used 84263K, committed 84864K, reserved 1179648K
  class space    used 11344K, committed 11584K, reserved 1048576K
}
Event: 7.282 GC heap before
{Heap before GC invocations=38 (full 0):
 garbage-first heap   total 168960K, used 130585K [0x0000000080000000, 0x0000000100000000)
  region size 1024K, 39 young (39936K), 5 survivors (5120K)
 Metaspace       used 88529K, committed 89088K, reserved 1179648K
  class space    used 11921K, committed 12160K, reserved 1048576K
}
Event: 7.286 GC heap after
{Heap after GC invocations=39 (full 0):
 garbage-first heap   total 168960K, used 98237K [0x0000000080000000, 0x0000000100000000)
  region size 1024K, 5 young (5120K), 5 survivors (5120K)
 Metaspace       used 88529K, committed 89088K, reserved 1179648K
  class space    used 11921K, committed 12160K, reserved 1048576K
}
Event: 7.314 GC heap before
{Heap before GC invocations=39 (full 0):
 garbage-first heap   total 168960K, used 100285K [0x0000000080000000, 0x0000000100000000)
  region size 1024K, 8 young (8192K), 5 survivors (5120K)
 Metaspace       used 89059K, committed 89664K, reserved 1179648K
  class space    used 11979K, committed 12224K, reserved 1048576K
}
Event: 7.317 GC heap after
{Heap after GC invocations=40 (full 0):
 garbage-first heap   total 168960K, used 98228K [0x0000000080000000, 0x0000000100000000)
  region size 1024K, 1 young (1024K), 1 survivors (1024K)
 Metaspace       used 89059K, committed 89664K, reserved 1179648K
  class space    used 11979K, committed 12224K, reserved 1048576K
}
Event: 7.461 GC heap before
{Heap before GC invocations=40 (full 0):
 garbage-first heap   total 168960K, used 109492K [0x0000000080000000, 0x0000000100000000)
  region size 1024K, 13 young (13312K), 1 survivors (1024K)
 Metaspace       used 90495K, committed 91136K, reserved 1179648K
  class space    used 12148K, committed 12416K, reserved 1048576K
}

Dll operation events (3 events):
Event: 0.010 Loaded shared library C:\Users\mka23\AppData\Local\Programs\Android Studio\jbr\bin\java.dll
Event: 0.093 Loaded shared library C:\Users\mka23\AppData\Local\Programs\Android Studio\jbr\bin\zip.dll
Event: 0.328 Loaded shared library C:\Users\mka23\AppData\Local\Programs\Android Studio\jbr\bin\verify.dll

Deoptimization events (20 events):
Event: 7.054 Thread 0x000001970d0e1c80 Uncommon trap: trap_request=0xffffffc6 fr.pc=0x00000197772a561c relative=0x000000000000061c
Event: 7.054 Thread 0x000001970d0e1c80 Uncommon trap: reason=bimorphic_or_optimized_type_check action=maybe_recompile pc=0x00000197772a561c method=org.jetbrains.kotlin.protobuf.CodedInputStream.tryRefillBuffer(I)Z @ 177 c2
Event: 7.054 Thread 0x000001970d0e1c80 DEOPT PACKING pc=0x00000197772a561c sp=0x000000165ddf48c0
Event: 7.054 Thread 0x000001970d0e1c80 DEOPT UNPACKING pc=0x0000019776cd69a3 sp=0x000000165ddf47a8 mode 2
Event: 7.054 Thread 0x000001970d0e1c80 Uncommon trap: trap_request=0xffffffc6 fr.pc=0x00000197772a561c relative=0x000000000000061c
Event: 7.054 Thread 0x000001970d0e1c80 Uncommon trap: reason=bimorphic_or_optimized_type_check action=maybe_recompile pc=0x00000197772a561c method=org.jetbrains.kotlin.protobuf.CodedInputStream.tryRefillBuffer(I)Z @ 177 c2
Event: 7.054 Thread 0x000001970d0e1c80 DEOPT PACKING pc=0x00000197772a561c sp=0x000000165ddf49c0
Event: 7.054 Thread 0x000001970d0e1c80 DEOPT UNPACKING pc=0x0000019776cd69a3 sp=0x000000165ddf48a8 mode 2
Event: 7.056 Thread 0x000001970d0e1c80 Uncommon trap: trap_request=0xffffffc6 fr.pc=0x00000197772a561c relative=0x000000000000061c
Event: 7.056 Thread 0x000001970d0e1c80 Uncommon trap: reason=bimorphic_or_optimized_type_check action=maybe_recompile pc=0x00000197772a561c method=org.jetbrains.kotlin.protobuf.CodedInputStream.tryRefillBuffer(I)Z @ 177 c2
Event: 7.056 Thread 0x000001970d0e1c80 DEOPT PACKING pc=0x00000197772a561c sp=0x000000165ddf49c0
Event: 7.056 Thread 0x000001970d0e1c80 DEOPT UNPACKING pc=0x0000019776cd69a3 sp=0x000000165ddf48a8 mode 2
Event: 7.060 Thread 0x000001970d0e1c80 Uncommon trap: trap_request=0xffffff45 fr.pc=0x0000019777270244 relative=0x00000000000005a4
Event: 7.060 Thread 0x000001970d0e1c80 Uncommon trap: reason=unstable_if action=reinterpret pc=0x0000019777270244 method=org.jetbrains.org.objectweb.asm.ClassReader.readUtf(II[C)Ljava/lang/String; @ 41 c2
Event: 7.060 Thread 0x000001970d0e1c80 DEOPT PACKING pc=0x0000019777270244 sp=0x000000165ddf3f70
Event: 7.060 Thread 0x000001970d0e1c80 DEOPT UNPACKING pc=0x0000019776cd69a3 sp=0x000000165ddf3f38 mode 2
Event: 7.360 Thread 0x000001970d0e1c80 Uncommon trap: trap_request=0xffffff45 fr.pc=0x000001977743a3fc relative=0x00000000000000dc
Event: 7.360 Thread 0x000001970d0e1c80 Uncommon trap: reason=unstable_if action=reinterpret pc=0x000001977743a3fc method=java.text.StringCharacterIterator.current()C @ 19 c2
Event: 7.360 Thread 0x000001970d0e1c80 DEOPT PACKING pc=0x000001977743a3fc sp=0x000000165ddf2290
Event: 7.360 Thread 0x000001970d0e1c80 DEOPT UNPACKING pc=0x0000019776cd69a3 sp=0x000000165ddf2228 mode 2

Classes unloaded (0 events):
No events

Classes redefined (0 events):
No events

Internal exceptions (20 events):
Event: 4.790 Thread 0x000001970d0e1c80 Exception <a 'java/lang/NoSuchMethodError'{0x0000000086c78728}: 'void java.lang.invoke.DirectMethodHandle$Holder.invokeStatic(java.lang.Object, java.lang.Object, java.lang.Object, java.lang.Object, java.lang.Object, java.lang.Object)'> (0x0000000086c78728) 
thrown [s\src\hotspot\share\interpreter\linkResolver.cpp, line 771]
Event: 4.820 Thread 0x000001970d0e1c80 Exception <a 'java/lang/NoSuchMethodError'{0x0000000086aea0b8}: 'java.lang.Object java.lang.invoke.DirectMethodHandle$Holder.invokeStaticInit(java.lang.Object, int)'> (0x0000000086aea0b8) 
thrown [s\src\hotspot\share\interpreter\linkResolver.cpp, line 771]
Event: 5.197 Thread 0x000001970d0e1c80 Implicit null exception at 0x000001977725e872 to 0x000001977725ee8c
Event: 5.264 Thread 0x000001970d0e1c80 Implicit null exception at 0x000001977727f072 to 0x000001977727f68c
Event: 5.404 Thread 0x000001970d0e1c80 Exception <a 'sun/nio/fs/WindowsException'{0x0000000088e4a200}> (0x0000000088e4a200) 
thrown [s\src\hotspot\share\prims\jni.cpp, line 531]
Event: 5.404 Thread 0x000001970d0e1c80 Exception <a 'sun/nio/fs/WindowsException'{0x0000000088e4c000}> (0x0000000088e4c000) 
thrown [s\src\hotspot\share\prims\jni.cpp, line 531]
Event: 5.522 Thread 0x000001970d0e1c80 Exception <a 'java/lang/NoSuchMethodError'{0x00000000884cdf18}: 'long java.lang.invoke.DirectMethodHandle$Holder.invokeStatic(java.lang.Object)'> (0x00000000884cdf18) 
thrown [s\src\hotspot\share\interpreter\linkResolver.cpp, line 771]
Event: 5.522 Thread 0x000001970d0e1c80 Exception <a 'java/lang/NoSuchMethodError'{0x00000000884d2b00}: 'long java.lang.invoke.DirectMethodHandle$Holder.invokeStaticInit(java.lang.Object)'> (0x00000000884d2b00) 
thrown [s\src\hotspot\share\interpreter\linkResolver.cpp, line 771]
Event: 5.572 Thread 0x000001970d0e1c80 Exception <a 'java/lang/NoSuchMethodError'{0x0000000087e16298}: 'long java.lang.invoke.Invokers$Holder.invoke_MT(java.lang.Object, java.lang.Object, java.lang.Object, java.lang.Object)'> (0x0000000087e16298) 
thrown [s\src\hotspot\share\interpreter\linkResolver.cpp, line 771]
Event: 5.572 Thread 0x000001970d0e1c80 Exception <a 'java/lang/NoSuchMethodError'{0x0000000087e1f640}: 'int java.lang.invoke.Invokers$Holder.invoke_MT(java.lang.Object, java.lang.Object, java.lang.Object, java.lang.Object)'> (0x0000000087e1f640) 
thrown [s\src\hotspot\share\interpreter\linkResolver.cpp, line 771]
Event: 5.573 Thread 0x000001970d0e1c80 Exception <a 'java/lang/NoSuchMethodError'{0x0000000087e2fef8}: 'void java.lang.invoke.DelegatingMethodHandle$Holder.reinvoke_L(java.lang.Object, java.lang.Object, java.lang.Object, long, java.lang.Object)'> (0x0000000087e2fef8) 
thrown [s\src\hotspot\share\interpreter\linkResolver.cpp, line 771]
Event: 5.574 Thread 0x000001970d0e1c80 Exception <a 'java/lang/NoSuchMethodError'{0x0000000087e38828}: 'java.lang.Object java.lang.invoke.DirectMethodHandle$Holder.invokeSpecial(java.lang.Object, java.lang.Object, java.lang.Object, java.lang.Object, long)'> (0x0000000087e38828) 
thrown [s\src\hotspot\share\interpreter\linkResolver.cpp, line 771]
Event: 5.574 Thread 0x000001970d0e1c80 Exception <a 'java/lang/NoSuchMethodError'{0x0000000087e492a0}: 'int java.lang.invoke.DelegatingMethodHandle$Holder.reinvoke_L(java.lang.Object, java.lang.Object, java.lang.Object, long, java.lang.Object, java.lang.Object)'> (0x0000000087e492a0) 
thrown [s\src\hotspot\share\interpreter\linkResolver.cpp, line 771]
Event: 5.575 Thread 0x000001970d0e1c80 Exception <a 'java/lang/NoSuchMethodError'{0x0000000087e59370}: 'int java.lang.invoke.DelegatingMethodHandle$Holder.reinvoke_L(java.lang.Object, java.lang.Object, java.lang.Object, long, int, int)'> (0x0000000087e59370) 
thrown [s\src\hotspot\share\interpreter\linkResolver.cpp, line 771]
Event: 5.576 Thread 0x000001970d0e1c80 Exception <a 'java/lang/NoSuchMethodError'{0x0000000087e691e8}: 'int java.lang.invoke.DelegatingMethodHandle$Holder.reinvoke_L(java.lang.Object, java.lang.Object, java.lang.Object, long, long, long)'> (0x0000000087e691e8) 
thrown [s\src\hotspot\share\interpreter\linkResolver.cpp, line 771]
Event: 5.577 Thread 0x000001970d0e1c80 Exception <a 'java/lang/NoSuchMethodError'{0x0000000087e78d40}: 'int java.lang.invoke.DelegatingMethodHandle$Holder.reinvoke_L(java.lang.Object, java.lang.Object, java.lang.Object, long, int)'> (0x0000000087e78d40) 
thrown [s\src\hotspot\share\interpreter\linkResolver.cpp, line 771]
Event: 5.837 Thread 0x000001970d0e1c80 Exception <a 'java/lang/NoSuchMethodError'{0x0000000088c77130}: 'void java.lang.invoke.DirectMethodHandle$Holder.invokeVirtual(java.lang.Object, java.lang.Object)'> (0x0000000088c77130) 
thrown [s\src\hotspot\share\interpreter\linkResolver.cpp, line 771]
Event: 5.947 Thread 0x000001970d0e1c80 Exception <a 'java/lang/NoSuchMethodError'{0x0000000087ead6d0}: 'java.lang.Object java.lang.invoke.Invokers$Holder.invokeExact_MT(java.lang.Object, java.lang.Object, long, java.lang.Object)'> (0x0000000087ead6d0) 
thrown [s\src\hotspot\share\interpreter\linkResolver.cpp, line 771]
Event: 5.969 Thread 0x000001970d0e1c80 Exception <a 'java/lang/NoSuchMethodError'{0x0000000087b201f8}: 'java.lang.Object java.lang.invoke.Invokers$Holder.invoke_MT(java.lang.Object, java.lang.Object, java.lang.Object)'> (0x0000000087b201f8) 
thrown [s\src\hotspot\share\interpreter\linkResolver.cpp, line 771]
Event: 7.309 Thread 0x000001970d0e1c80 Exception <a 'java/lang/NoSuchMethodError'{0x000000008a23b920}: 'java.lang.Object java.lang.invoke.DirectMethodHandle$Holder.invokeStatic(java.lang.Object, java.lang.Object, java.lang.Object, java.lang.Object, int)'> (0x000000008a23b920) 
thrown [s\src\hotspot\share\interpreter\linkResolver.cpp, line 771]

VM Operations (20 events):
Event: 6.960 Executing VM operation: HandshakeAllThreads done
Event: 6.981 Executing VM operation: G1CollectForAllocation
Event: 6.986 Executing VM operation: G1CollectForAllocation done
Event: 6.994 Executing VM operation: HandshakeAllThreads
Event: 6.994 Executing VM operation: HandshakeAllThreads done
Event: 7.019 Executing VM operation: G1PauseRemark
Event: 7.021 Executing VM operation: G1PauseRemark done
Event: 7.035 Executing VM operation: G1PauseCleanup
Event: 7.035 Executing VM operation: G1PauseCleanup done
Event: 7.050 Executing VM operation: HandshakeAllThreads
Event: 7.050 Executing VM operation: HandshakeAllThreads done
Event: 7.143 Executing VM operation: HandshakeAllThreads
Event: 7.143 Executing VM operation: HandshakeAllThreads done
Event: 7.282 Executing VM operation: G1CollectForAllocation
Event: 7.286 Executing VM operation: G1CollectForAllocation done
Event: 7.314 Executing VM operation: G1CollectForAllocation
Event: 7.317 Executing VM operation: G1CollectForAllocation done
Event: 7.348 Executing VM operation: HandshakeAllThreads
Event: 7.348 Executing VM operation: HandshakeAllThreads done
Event: 7.461 Executing VM operation: G1TryInitiateConcMark

Events (20 events):
Event: 5.980 loading class java/util/DualPivotQuicksort
Event: 5.980 loading class java/util/DualPivotQuicksort done
Event: 6.146 loading class java/nio/channels/Channels$ReadableByteChannelImpl
Event: 6.146 loading class java/nio/channels/Channels$ReadableByteChannelImpl done
Event: 6.146 loading class java/nio/channels/NonWritableChannelException
Event: 6.146 loading class java/nio/channels/NonWritableChannelException done
Event: 7.091 loading class java/text/StringCharacterIterator
Event: 7.092 loading class java/text/CharacterIterator
Event: 7.092 loading class java/text/CharacterIterator done
Event: 7.092 loading class java/text/StringCharacterIterator done
Event: 7.124 loading class java/io/NotSerializableException
Event: 7.124 loading class java/io/NotSerializableException done
Event: 7.143 loading class java/util/AbstractList$ListItr
Event: 7.143 loading class java/util/AbstractList$ListItr done
Event: 7.260 loading class java/util/function/IntUnaryOperator
Event: 7.260 loading class java/util/function/IntUnaryOperator done
Event: 7.294 loading class java/util/AbstractList$SubList
Event: 7.294 loading class java/util/AbstractList$SubList done
Event: 7.294 loading class java/util/AbstractList$SubList$1
Event: 7.294 loading class java/util/AbstractList$SubList$1 done


Dynamic libraries:
0x00007ff795fa0000 - 0x00007ff795faa000 	C:\Users\mka23\AppData\Local\Programs\Android Studio\jbr\bin\java.exe
0x00007ffc74c90000 - 0x00007ffc74e88000 	C:\Windows\SYSTEM32\ntdll.dll
0x00007ffc74400000 - 0x00007ffc744c1000 	C:\Windows\System32\KERNEL32.DLL
0x00007ffc72500000 - 0x00007ffc727fd000 	C:\Windows\System32\KERNELBASE.dll
0x00007ffc72a80000 - 0x00007ffc72b80000 	C:\Windows\System32\ucrtbase.dll
0x00007ffc4cdd0000 - 0x00007ffc4cde7000 	C:\Users\mka23\AppData\Local\Programs\Android Studio\jbr\bin\jli.dll
0x00007ffc46a60000 - 0x00007ffc46a7b000 	C:\Users\mka23\AppData\Local\Programs\Android Studio\jbr\bin\VCRUNTIME140.dll
0x00007ffc74a90000 - 0x00007ffc74c2d000 	C:\Windows\System32\USER32.dll
0x00007ffc72c40000 - 0x00007ffc72c62000 	C:\Windows\System32\win32u.dll
0x00007ffc5a0f0000 - 0x00007ffc5a38a000 	C:\Windows\WinSxS\amd64_microsoft.windows.common-controls_6595b64144ccf1df_6.0.19041.4355_none_60b8b9eb71f62e16\COMCTL32.dll
0x00007ffc73f40000 - 0x00007ffc73f6b000 	C:\Windows\System32\GDI32.dll
0x00007ffc73ea0000 - 0x00007ffc73f3e000 	C:\Windows\System32\msvcrt.dll
0x00007ffc72800000 - 0x00007ffc72917000 	C:\Windows\System32\gdi32full.dll
0x00007ffc723f0000 - 0x00007ffc7248d000 	C:\Windows\System32\msvcp_win.dll
0x00007ffc74a00000 - 0x00007ffc74a2f000 	C:\Windows\System32\IMM32.DLL
0x00007ffc4aa40000 - 0x00007ffc4aa4c000 	C:\Users\mka23\AppData\Local\Programs\Android Studio\jbr\bin\vcruntime140_1.dll
0x00007ffc2b5e0000 - 0x00007ffc2b66d000 	C:\Users\mka23\AppData\Local\Programs\Android Studio\jbr\bin\msvcp140.dll
0x00007ffc17470000 - 0x00007ffc180f3000 	C:\Users\mka23\AppData\Local\Programs\Android Studio\jbr\bin\server\jvm.dll
0x00007ffc74210000 - 0x00007ffc742c0000 	C:\Windows\System32\ADVAPI32.dll
0x00007ffc73620000 - 0x00007ffc736c0000 	C:\Windows\System32\sechost.dll
0x00007ffc740e0000 - 0x00007ffc74203000 	C:\Windows\System32\RPCRT4.dll
0x00007ffc72c10000 - 0x00007ffc72c37000 	C:\Windows\System32\bcrypt.dll
0x00007ffc718c0000 - 0x00007ffc7190b000 	C:\Windows\SYSTEM32\POWRPROF.dll
0x00007ffc63b20000 - 0x00007ffc63b47000 	C:\Windows\SYSTEM32\WINMM.dll
0x00007ffc5ae20000 - 0x00007ffc5ae29000 	C:\Windows\SYSTEM32\WSOCK32.dll
0x00007ffc742d0000 - 0x00007ffc7433b000 	C:\Windows\System32\WS2_32.dll
0x00007ffc6d790000 - 0x00007ffc6d79a000 	C:\Windows\SYSTEM32\VERSION.dll
0x00007ffc71730000 - 0x00007ffc71742000 	C:\Windows\SYSTEM32\UMPDC.dll
0x00007ffc701c0000 - 0x00007ffc701d2000 	C:\Windows\SYSTEM32\kernel.appcore.dll
0x00007ffc6e7b0000 - 0x00007ffc6e7ba000 	C:\Users\mka23\AppData\Local\Programs\Android Studio\jbr\bin\jimage.dll
0x00007ffc62a90000 - 0x00007ffc62c74000 	C:\Windows\SYSTEM32\DBGHELP.DLL
0x00007ffc49750000 - 0x00007ffc49784000 	C:\Windows\SYSTEM32\dbgcore.DLL
0x00007ffc72b80000 - 0x00007ffc72c02000 	C:\Windows\System32\bcryptPrimitives.dll
0x00007ffc579f0000 - 0x00007ffc579fe000 	C:\Users\mka23\AppData\Local\Programs\Android Studio\jbr\bin\instrument.dll
0x00007ffc6da40000 - 0x00007ffc6da65000 	C:\Users\mka23\AppData\Local\Programs\Android Studio\jbr\bin\java.dll
0x00007ffc58440000 - 0x00007ffc58458000 	C:\Users\mka23\AppData\Local\Programs\Android Studio\jbr\bin\zip.dll
0x00007ffc73730000 - 0x00007ffc73e9f000 	C:\Windows\System32\SHELL32.dll
0x00007ffc703c0000 - 0x00007ffc70b5f000 	C:\Windows\SYSTEM32\windows.storage.dll
0x00007ffc72e60000 - 0x00007ffc731b3000 	C:\Windows\System32\combase.dll
0x00007ffc71d60000 - 0x00007ffc71d8e000 	C:\Windows\SYSTEM32\Wldp.dll
0x00007ffc73420000 - 0x00007ffc734ed000 	C:\Windows\System32\OLEAUT32.dll
0x00007ffc731c0000 - 0x00007ffc7326d000 	C:\Windows\System32\SHCORE.dll
0x00007ffc74340000 - 0x00007ffc74395000 	C:\Windows\System32\shlwapi.dll
0x00007ffc72270000 - 0x00007ffc72294000 	C:\Windows\SYSTEM32\profapi.dll
0x00007ffc58420000 - 0x00007ffc58439000 	C:\Users\mka23\AppData\Local\Programs\Android Studio\jbr\bin\net.dll
0x00007ffc6bc20000 - 0x00007ffc6bd2d000 	C:\Windows\SYSTEM32\WINHTTP.dll
0x00007ffc71ac0000 - 0x00007ffc71b2a000 	C:\Windows\system32\mswsock.dll
0x00007ffc57f00000 - 0x00007ffc57f16000 	C:\Users\mka23\AppData\Local\Programs\Android Studio\jbr\bin\nio.dll
0x00007ffc57b30000 - 0x00007ffc57b40000 	C:\Users\mka23\AppData\Local\Programs\Android Studio\jbr\bin\verify.dll
0x00007ffc472f0000 - 0x00007ffc47317000 	C:\Users\mka23\.gradle\native\c067742578af261105cb4f569cf0c3c89f3d7b1fecec35dd04571415982c5e48\windows-amd64\native-platform.dll
0x00007ffc204a0000 - 0x00007ffc205e4000 	C:\Users\mka23\.gradle\native\38dada09dfb8b06ba9b0570ebf7e218e3eb74d4ef43ca46872605cf95ebc2f47\windows-amd64\native-platform-file-events.dll
0x00007ffc58300000 - 0x00007ffc58309000 	C:\Users\mka23\AppData\Local\Programs\Android Studio\jbr\bin\management.dll
0x00007ffc57b40000 - 0x00007ffc57b4b000 	C:\Users\mka23\AppData\Local\Programs\Android Studio\jbr\bin\management_ext.dll
0x00007ffc74940000 - 0x00007ffc74948000 	C:\Windows\System32\PSAPI.DLL
0x00007ffc71cb0000 - 0x00007ffc71cc8000 	C:\Windows\SYSTEM32\CRYPTSP.dll
0x00007ffc71370000 - 0x00007ffc713a4000 	C:\Windows\system32\rsaenh.dll
0x00007ffc721e0000 - 0x00007ffc7220e000 	C:\Windows\SYSTEM32\USERENV.dll
0x00007ffc71cd0000 - 0x00007ffc71cdc000 	C:\Windows\SYSTEM32\CRYPTBASE.dll
0x00007ffc71750000 - 0x00007ffc7178b000 	C:\Windows\SYSTEM32\IPHLPAPI.DLL
0x00007ffc736c0000 - 0x00007ffc736c8000 	C:\Windows\System32\NSI.dll
0x00007ffc6e120000 - 0x00007ffc6e137000 	C:\Windows\SYSTEM32\dhcpcsvc6.DLL
0x00007ffc6f2e0000 - 0x00007ffc6f2fd000 	C:\Windows\SYSTEM32\dhcpcsvc.DLL
0x00007ffc71790000 - 0x00007ffc7185a000 	C:\Windows\SYSTEM32\DNSAPI.dll
0x00007ffc6a6e0000 - 0x00007ffc6a6e9000 	C:\Users\mka23\AppData\Local\Programs\Android Studio\jbr\bin\extnet.dll
0x00007ffc6da30000 - 0x00007ffc6da37000 	C:\Windows\system32\wshunix.dll

dbghelp: loaded successfully - version: 4.0.5 - missing functions: none
symbol engine: initialized successfully - sym options: 0x614 - pdb path: .;C:\Users\mka23\AppData\Local\Programs\Android Studio\jbr\bin;C:\Windows\SYSTEM32;C:\Windows\WinSxS\amd64_microsoft.windows.common-controls_6595b64144ccf1df_6.0.19041.4355_none_60b8b9eb71f62e16;C:\Users\mka23\AppData\Local\Programs\Android Studio\jbr\bin\server;C:\Users\mka23\.gradle\native\c067742578af261105cb4f569cf0c3c89f3d7b1fecec35dd04571415982c5e48\windows-amd64;C:\Users\mka23\.gradle\native\38dada09dfb8b06ba9b0570ebf7e218e3eb74d4ef43ca46872605cf95ebc2f47\windows-amd64

VM Arguments:
jvm_args: --add-opens=java.base/java.util=ALL-UNNAMED --add-opens=java.base/java.lang=ALL-UNNAMED --add-opens=java.base/java.lang.invoke=ALL-UNNAMED --add-opens=java.prefs/java.util.prefs=ALL-UNNAMED --add-opens=java.base/java.nio.charset=ALL-UNNAMED --add-opens=java.base/java.net=ALL-UNNAMED --add-opens=java.base/java.util.concurrent.atomic=ALL-UNNAMED -Xmx2048m -Dfile.encoding=UTF-8 -Duser.country=RU -Duser.language=ru -Duser.variant -javaagent:C:\Users\mka23\.gradle\wrapper\dists\gradle-8.7-bin\bhs2wmbdwecv87pi65oeuq5iu\gradle-8.7\lib\agents\gradle-instrumentation-agent-8.7.jar 
java_command: org.gradle.launcher.daemon.bootstrap.GradleDaemon 8.7
java_class_path (initial): C:\Users\mka23\.gradle\wrapper\dists\gradle-8.7-bin\bhs2wmbdwecv87pi65oeuq5iu\gradle-8.7\lib\gradle-launcher-8.7.jar
Launcher Type: SUN_STANDARD

[Global flags]
     intx CICompilerCount                          = 4                                         {product} {ergonomic}
     uint ConcGCThreads                            = 2                                         {product} {ergonomic}
     uint G1ConcRefinementThreads                  = 8                                         {product} {ergonomic}
   size_t G1HeapRegionSize                         = 1048576                                   {product} {ergonomic}
    uintx GCDrainStackTargetSize                   = 64                                        {product} {ergonomic}
   size_t InitialHeapSize                          = 132120576                                 {product} {ergonomic}
   size_t MarkStackSize                            = 4194304                                   {product} {ergonomic}
   size_t MaxHeapSize                              = 2147483648                                {product} {command line}
   size_t MaxNewSize                               = 1287651328                                {product} {ergonomic}
   size_t MinHeapDeltaBytes                        = 1048576                                   {product} {ergonomic}
   size_t MinHeapSize                              = 8388608                                   {product} {ergonomic}
    uintx NonNMethodCodeHeapSize                   = 5839372                                {pd product} {ergonomic}
    uintx NonProfiledCodeHeapSize                  = 122909434                              {pd product} {ergonomic}
    uintx ProfiledCodeHeapSize                     = 122909434                              {pd product} {ergonomic}
    uintx ReservedCodeCacheSize                    = 251658240                              {pd product} {ergonomic}
     bool SegmentedCodeCache                       = true                                      {product} {ergonomic}
   size_t SoftMaxHeapSize                          = 2147483648                             {manageable} {ergonomic}
     bool UseCompressedClassPointers               = true                           {product lp64_product} {ergonomic}
     bool UseCompressedOops                        = true                           {product lp64_product} {ergonomic}
     bool UseG1GC                                  = true                                      {product} {ergonomic}
     bool UseLargePagesIndividualAllocation        = false                                  {pd product} {ergonomic}

Logging:
Log output configuration:
 #0: stdout all=warning uptime,level,tags
 #1: stderr all=off uptime,level,tags

Environment Variables:
PATH=C:\Program Files (x86)\Intel\Intel(R) Management Engine Components\iCLS\;C:\Program Files\Intel\Intel(R) Management Engine Components\iCLS\;C:\Windows\system32;C:\Windows;C:\Windows\System32\Wbem;C:\Windows\System32\WindowsPowerShell\v1.0\;C:\Windows\System32\OpenSSH\;C:\Program Files\NVIDIA Corporation\NVIDIA NvDLISR;C:\Program Files (x86)\Intel\Intel(R) Management Engine Components\DAL;C:\Program Files\Intel\Intel(R) Management Engine Components\DAL;C:\Program Files (x86)\Intel\Intel(R) Management Engine Components\IPT;C:\Program Files\Intel\Intel(R) Management Engine Components\IPT;C:\Program Files\Intel\WiFi\bin\;C:\Program Files\Common Files\Intel\WirelessCommon\;C:\Program Files (x86)\NVIDIA Corporation\PhysX\Common;C:\Program Files\Microsoft SQL Server\130\Tools\Binn\;C:\Users\mka23\Desktop\gitt\Git\cmd;C:\Users\mka23\AppData\Local\Microsoft\WindowsApps;C:\Users\mka23\.dotnet\tools;%IntelliJ IDEA%;C:\Users\mka23\AppData\Local\JetBrains\Toolbox\scripts
USERNAME=mka23
OS=Windows_NT
PROCESSOR_IDENTIFIER=Intel64 Family 6 Model 158 Stepping 13, GenuineIntel
TMP=C:\Users\mka23\AppData\Local\Temp
TEMP=C:\Users\mka23\AppData\Local\Temp



Periodic native trim disabled

JNI global refs:
JNI global refs: 28, weak refs: 3

JNI global refs memory usage: 843, weak refs: 841

Process memory usage:
Resident Set Size: 413168K (5% of 8226880K total physical memory with 333676K free physical memory)

OOME stack traces (most recent first):
Classloader memory used:
Loader org.gradle.internal.classloader.VisitableURLClassLoader                         : 7732K
Loader bootstrap                                                                       : 2476K
Loader org.gradle.initialization.MixInLegacyTypesClassLoader                           : 770K
Loader org.gradle.internal.classloader.VisitableURLClassLoader                         : 86854B
Loader org.gradle.internal.classloader.VisitableURLClassLoader$InstrumentingVisitableURLClassLoader: 74419B
Loader jdk.internal.loader.ClassLoaders$PlatformClassLoader                            : 67536B
Loader jdk.internal.jrtfs.JrtFileSystemProvider$JrtFsLoader                            : 39325B
Loader jdk.internal.loader.ClassLoaders$AppClassLoader                                 : 28721B
Loader jdk.internal.reflect.DelegatingClassLoader                                      : 27214B
Loader org.gradle.groovy.scripts.internal.DefaultScriptCompilationHandler$ScriptClassLoader: 10678B
Loader org.codehaus.groovy.runtime.callsite.CallSiteClassLoader                        : 5853B

Classes loaded by more than one classloader:
Class org.gradle.api.GradleException                                                  : loaded 3 times (x 80B)
Class org.gradle.util.GradleVersion                                                   : loaded 2 times (x 81B)
Class kotlin.collections.AbstractList                                                 : loaded 2 times (x 157B)
Class kotlin.collections.AbstractCollection                                           : loaded 2 times (x 115B)
Class org.jetbrains.plugins.gradle.model.MavenRepositoryModel                         : loaded 2 times (x 68B)
Class org.gradle.internal.classpath.ClassPath                                         : loaded 2 times (x 68B)
Class org.gradle.api.internal.classpath.DefaultModuleRegistry                         : loaded 2 times (x 84B)
Class org.gradle.internal.exceptions.NonGradleCauseExceptionsHolder                   : loaded 2 times (x 68B)
Class jdk.internal.jimage.BasicImageReader$1                                          : loaded 2 times (x 75B)
Class kotlin.enums.EnumEntries                                                        : loaded 2 times (x 68B)
Class org.gradle.api.Action                                                           : loaded 2 times (x 68B)
Class kotlin.enums.EnumEntriesKt                                                      : loaded 2 times (x 69B)
Class jdk.internal.jimage.ImageBufferCache$1                                          : loaded 2 times (x 78B)
Class jdk.internal.jimage.ImageBufferCache$2                                          : loaded 2 times (x 89B)
Class org.gradle.api.internal.DefaultClassPathProvider                                : loaded 2 times (x 74B)
Class org.gradle.internal.installation.GradleInstallation$1                           : loaded 2 times (x 73B)
Class jdk.internal.jrtfs.SystemImage$1                                                : loaded 2 times (x 76B)
Class jdk.internal.jrtfs.SystemImage$2                                                : loaded 2 times (x 74B)
Class org.gradle.internal.exceptions.DefaultMultiCauseException                       : loaded 2 times (x 93B)
Class org.gradle.internal.time.MonotonicClock                                         : loaded 2 times (x 75B)
Class org.gradle.internal.classloader.FilteringClassLoader                            : loaded 2 times (x 103B)
Class jdk.internal.jimage.ImageReader$Resource                                        : loaded 2 times (x 82B)
Class jdk.internal.jrtfs.SystemImage                                                  : loaded 2 times (x 72B)
Class org.gradle.internal.classpath.DefaultClassPath$ImmutableUniqueList$Builder      : loaded 2 times (x 73B)
Class kotlin.UninitializedPropertyAccessException                                     : loaded 2 times (x 80B)
Class jdk.internal.jrtfs.JrtDirectoryStream$1                                         : loaded 2 times (x 81B)
Class org.gradle.internal.classloader.ClassLoaderVisitor                              : loaded 2 times (x 74B)
Class org.gradle.internal.time.DefaultCountdownTimer                                  : loaded 2 times (x 86B)
Class org.gradle.internal.service.DefaultServiceLocator                               : loaded 2 times (x 81B)
Class org.gradle.internal.service.UnknownServiceException                             : loaded 2 times (x 81B)
Class org.gradle.internal.classloader.DefaultClassLoaderFactory                       : loaded 2 times (x 80B)
Class jdk.internal.jimage.ImageReader$SharedImageReader                               : loaded 2 times (x 93B)
Class jdk.internal.jimage.decompressor.ZipDecompressorFactory                         : loaded 2 times (x 72B)
Class org.gradle.internal.classloader.VisitableURLClassLoader$Spec                    : loaded 2 times (x 72B)
Class org.gradle.tooling.model.ProjectModel                                           : loaded 2 times (x 68B)
Class org.gradle.internal.installation.GradleInstallation                             : loaded 2 times (x 73B)
Class org.gradle.api.internal.classpath.ModuleRegistry                                : loaded 2 times (x 68B)
Class org.jetbrains.plugins.gradle.model.RepositoriesModel                            : loaded 2 times (x 68B)
Class kotlin.jvm.internal.markers.KMappedMarker                                       : loaded 2 times (x 68B)
Class org.gradle.api.internal.ClassPathProvider                                       : loaded 2 times (x 68B)
Class org.gradle.internal.classloader.ClasspathUtil$1                                 : loaded 2 times (x 74B)
Class org.gradle.internal.classloader.ClassLoaderFactory                              : loaded 2 times (x 68B)
Class jdk.internal.jimage.ImageHeader                                                 : loaded 2 times (x 69B)
Class org.gradle.api.internal.classpath.ManifestUtil                                  : loaded 2 times (x 69B)
Class org.gradle.api.specs.Spec                                                       : loaded 2 times (x 68B)
Class kotlin.jvm.internal.Intrinsics                                                  : loaded 2 times (x 69B)
Class org.gradle.internal.IoActions                                                   : loaded 2 times (x 69B)
Class jdk.internal.jimage.decompressor.StringSharingDecompressorFactory               : loaded 2 times (x 72B)
Class org.gradle.api.internal.classpath.EffectiveClassPath                            : loaded 2 times (x 88B)
Class kotlin.jvm.internal.DefaultConstructorMarker                                    : loaded 2 times (x 69B)
Class org.gradle.internal.exceptions.ResolutionProvider                               : loaded 2 times (x 68B)
Class org.gradle.internal.installation.CurrentGradleInstallation                      : loaded 2 times (x 71B)
Class org.gradle.internal.agents.InstrumentingClassLoader                             : loaded 2 times (x 68B)
Class org.gradle.internal.installation.CurrentGradleInstallationLocator               : loaded 2 times (x 69B)
Class org.gradle.api.internal.classpath.Module                                        : loaded 2 times (x 68B)
Class org.gradle.internal.service.CachingServiceLocator                               : loaded 2 times (x 80B)
Class org.gradle.internal.time.Timer                                                  : loaded 2 times (x 68B)
Class org.gradle.internal.classpath.DefaultClassPath                                  : loaded 2 times (x 88B)
Class sync_studio_tooling11_6gbadooclnhhwcj0kqup7045l                                 : loaded 2 times (x 177B)
Class jdk.internal.jimage.BasicImageReader                                            : loaded 2 times (x 93B)
Class kotlin.enums.EnumEntriesList                                                    : loaded 2 times (x 183B)
Class jdk.internal.jimage.ImageLocation                                               : loaded 2 times (x 88B)
Class kotlin.jvm.functions.Function1                                                  : loaded 2 times (x 68B)
Class jdk.internal.jimage.ImageReader$Node                                            : loaded 2 times (x 82B)
Class org.gradle.internal.time.Time                                                   : loaded 2 times (x 69B)
Class jdk.internal.jimage.decompressor.CompressedResourceHeader                       : loaded 2 times (x 69B)
Class org.gradle.internal.time.TimeSource$1                                           : loaded 2 times (x 75B)
Class kotlin.KotlinNullPointerException                                               : loaded 2 times (x 81B)
Class jdk.internal.jrtfs.JrtPath                                                      : loaded 2 times (x 116B)
Class jdk.internal.jimage.ImageStrings                                                : loaded 2 times (x 68B)
Class jdk.internal.jrtfs.JrtFileAttributes                                            : loaded 2 times (x 81B)
Class org.gradle.internal.classloader.SystemClassLoaderSpec                           : loaded 2 times (x 69B)
Class jdk.internal.jimage.decompressor.ResourceDecompressorRepository                 : loaded 2 times (x 69B)
Class kotlin.Function                                                                 : loaded 2 times (x 68B)
Class org.gradle.api.UncheckedIOException                                             : loaded 2 times (x 80B)
Class jdk.internal.jimage.decompressor.ResourceDecompressor$StringsProvider           : loaded 2 times (x 68B)
Class jdk.internal.jimage.decompressor.Decompressor                                   : loaded 2 times (x 70B)
Class jdk.internal.jrtfs.JrtFileSystem                                                : loaded 2 times (x 100B)
Class jdk.internal.jrtfs.JrtFileSystemProvider                                        : loaded 2 times (x 97B)
Class org.gradle.internal.time.CountdownTimer                                         : loaded 2 times (x 68B)
Class org.gradle.internal.time.Clock                                                  : loaded 2 times (x 68B)
Class org.gradle.internal.classloader.ClasspathUtil                                   : loaded 2 times (x 69B)
Class jdk.internal.jrtfs.JrtDirectoryStream                                           : loaded 2 times (x 87B)
Class jdk.internal.jimage.decompressor.ResourceDecompressor                           : loaded 2 times (x 68B)
Class org.gradle.api.internal.DefaultClassPathRegistry                                : loaded 2 times (x 74B)
Class org.gradle.api.internal.classpath.DefaultModuleRegistry$DefaultModule           : loaded 2 times (x 84B)
Class org.gradle.internal.time.TimeSource                                             : loaded 2 times (x 68B)
Class org.gradle.api.internal.classpath.UnknownModuleException                        : loaded 2 times (x 80B)
Class org.gradle.internal.service.ServiceLookupException                              : loaded 2 times (x 80B)
Class jdk.internal.jimage.ImageStringsReader                                          : loaded 2 times (x 78B)
Class org.gradle.cache.GlobalCache                                                    : loaded 2 times (x 68B)
Class jdk.internal.jimage.decompressor.ResourceDecompressorFactory                    : loaded 2 times (x 72B)
Class [Lorg.gradle.api.internal.ClassPathProvider;                                    : loaded 2 times (x 67B)
Class jdk.internal.jimage.ImageReader$SharedImageReader$LocationVisitor               : loaded 2 times (x 68B)
Class org.gradle.internal.operations.MultipleBuildOperationFailures                   : loaded 2 times (x 93B)
Class org.gradle.util.internal.GUtil                                                  : loaded 2 times (x 69B)
Class jdk.internal.jimage.decompressor.ZipDecompressor                                : loaded 2 times (x 73B)
Class org.gradle.internal.classloader.ClassLoaderSpec                                 : loaded 2 times (x 69B)
Class ijInit1_dcuugnd84nsh7kvhrzzmc2nw3                                               : loaded 2 times (x 177B)
Class org.gradle.internal.classloader.VisitableURLClassLoader                         : loaded 2 times (x 115B)
Class org.gradle.internal.Cast                                                        : loaded 2 times (x 69B)
Class org.gradle.api.internal.ClassPathRegistry                                       : loaded 2 times (x 68B)
Class org.gradle.internal.classloader.VisitableURLClassLoader$InstrumentingVisitableURLClassLoader: loaded 2 times (x 121B)
Class org.gradle.internal.classloader.ClassLoaderHierarchy                            : loaded 2 times (x 68B)
Class org.gradle.internal.exceptions.MultiCauseException                              : loaded 2 times (x 68B)
Class jdk.internal.jimage.ImageReader                                                 : loaded 2 times (x 73B)
Class org.gradle.internal.InternalTransformer                                         : loaded 2 times (x 68B)
Class org.gradle.internal.service.ServiceLocator                                      : loaded 2 times (x 68B)
Class sync_studio_tooling11_6gbadooclnhhwcj0kqup7045l$_run_closure1                   : loaded 2 times (x 137B)
Class org.gradle.internal.classpath.DefaultClassPath$ImmutableUniqueList              : loaded 2 times (x 159B)
Class jdk.internal.jimage.ImageBufferCache                                            : loaded 2 times (x 69B)
Class org.gradle.internal.time.DefaultTimer                                           : loaded 2 times (x 78B)
Class org.gradle.internal.classpath.TransformedClassPath                              : loaded 2 times (x 94B)
Class kotlin.collections.AbstractList$Companion                                       : loaded 2 times (x 69B)
Class jdk.internal.jimage.ImageReader$Directory                                       : loaded 2 times (x 82B)


---------------  S Y S T E M  ---------------

OS:
 Windows 10 , 64 bit Build 19041 (10.0.19041.4717)
OS uptime: 0 days 1:05 hours

CPU: total 8 (initial active 8) (4 cores per cpu, 2 threads per core) family 6 model 158 stepping 13 microcode 0xb8, cx8, cmov, fxsr, ht, mmx, 3dnowpref, sse, sse2, sse3, ssse3, sse4.1, sse4.2, popcnt, lzcnt, tsc, tscinvbit, avx, avx2, aes, erms, clmul, bmi1, bmi2, adx, fma, vzeroupper, clflush, clflushopt
Processor Information for all 8 processors :
  Max Mhz: 2401, Current Mhz: 2400, Mhz Limit: 2376

Memory: 4k page, system-wide physical 8034M (326M free)
TotalPageFile size 12130M (AvailPageFile size 41M)
current process WorkingSet (physical memory assigned to process): 403M, peak: 403M
current process commit charge ("private bytes"): 436M, peak: 499M

vm_info: OpenJDK 64-Bit Server VM (17.0.11+0--11852314) for windows-amd64 JRE (17.0.11+0--11852314), built on May 16 2024 21:29:20 by "androidbuild" with MS VC++ 16.10 / 16.11 (VS2019)

END.
