#
# There is insufficient memory for the Java Runtime Environment to continue.
# Native memory allocation (malloc) failed to allocate 1145600 bytes. Error detail: Chunk::new
# Possible reasons:
#   The system is out of physical RAM or swap space
#   This process is running with CompressedOops enabled, and the Java Heap may be blocking the growth of the native heap
# Possible solutions:
#   Reduce memory load on the system
#   Increase physical memory or swap space
#   Check if swap backing store is full
#   Decrease Java heap size (-Xmx/-Xms)
#   Decrease number of Java threads
#   Decrease Java thread stack sizes (-Xss)
#   Set larger code cache with -XX:ReservedCodeCacheSize=
#   JVM is running with Unscaled Compressed Oops mode in which the Java heap is
#     placed in the first 4GB address space. The Java Heap base address is the
#     maximum limit for the native heap growth. Please use -XX:HeapBaseMinAddress
#     to set the Java Heap base and to place the Java Heap above 4GB virtual address.
# This output file may be truncated or incomplete.
#
#  Out of Memory Error (arena.cpp:191), pid=8576, tid=3148
#
# JRE version: OpenJDK Runtime Environment (17.0.11) (build 17.0.11+0--11852314)
# Java VM: OpenJDK 64-Bit Server VM (17.0.11+0--11852314, mixed mode, tiered, compressed oops, compressed class ptrs, g1 gc, windows-amd64)
# No core dump will be written. Minidumps are not enabled by default on client versions of Windows
#

---------------  S U M M A R Y ------------

Command Line: --add-opens=java.base/java.util=ALL-UNNAMED --add-opens=java.base/java.lang=ALL-UNNAMED --add-opens=java.base/java.lang.invoke=ALL-UNNAMED --add-opens=java.prefs/java.util.prefs=ALL-UNNAMED --add-opens=java.base/java.nio.charset=ALL-UNNAMED --add-opens=java.base/java.net=ALL-UNNAMED --add-opens=java.base/java.util.concurrent.atomic=ALL-UNNAMED -Xmx2048m -Dfile.encoding=UTF-8 -Duser.country=RU -Duser.language=ru -Duser.variant -javaagent:C:\Users\mka23\.gradle\wrapper\dists\gradle-8.7-bin\bhs2wmbdwecv87pi65oeuq5iu\gradle-8.7\lib\agents\gradle-instrumentation-agent-8.7.jar org.gradle.launcher.daemon.bootstrap.GradleDaemon 8.7

Host: Intel(R) Core(TM) i5-9300H CPU @ 2.40GHz, 8 cores, 7G,  Windows 10 , 64 bit Build 19041 (10.0.19041.4717)
Time: Fri Aug 30 20:01:10 2024 RTZ 2 (s 10 , 64 bit Build 19041 (10.0.19041.4717) elapsed time: 7.903896 seconds (0d 0h 0m 7s)

---------------  T H R E A D  ---------------

Current thread (0x00000186a4335250):  JavaThread "C2 CompilerThread0" daemon [_thread_in_native, id=3148, stack(0x00000045faa00000,0x00000045fab00000)]


Current CompileTask:
C2:   7904 5794  s!   4       jdk.internal.loader.URLClassPath::getLoader (194 bytes)

Stack: [0x00000045faa00000,0x00000045fab00000]
Native frames: (J=compiled Java code, j=interpreted, Vv=VM code, C=native code)
V  [jvm.dll+0x687bb9]
V  [jvm.dll+0x84142a]
V  [jvm.dll+0x8430ae]
V  [jvm.dll+0x843713]
V  [jvm.dll+0x24a35f]
V  [jvm.dll+0xac544]
V  [jvm.dll+0xacb8c]
V  [jvm.dll+0x369c37]
V  [jvm.dll+0x1be312]
V  [jvm.dll+0x21c029]
V  [jvm.dll+0x21b311]
V  [jvm.dll+0x1a63ed]
V  [jvm.dll+0x22b1ee]
V  [jvm.dll+0x229375]
V  [jvm.dll+0x7f5647]
V  [jvm.dll+0x7efa4a]
V  [jvm.dll+0x686a35]
C  [ucrtbase.dll+0x21bb2]
C  [KERNEL32.DLL+0x17374]
C  [ntdll.dll+0x4cc91]


---------------  P R O C E S S  ---------------

Threads class SMR info:
_java_thread_list=0x00000186ac300ed0, length=49, elements={
0x000001868a320df0, 0x00000186a42f3620, 0x00000186a42f5260, 0x00000186a432c580,
0x00000186a432d260, 0x00000186a4322bd0, 0x00000186a4323c40, 0x00000186a4335250,
0x00000186a4337b70, 0x00000186a4338c20, 0x00000186a44b9020, 0x00000186a45774e0,
0x00000186a98c4390, 0x00000186a99b1040, 0x00000186aa1d1080, 0x00000186aa1ca470,
0x00000186a9fae040, 0x00000186aa1ea070, 0x00000186aa1eaa90, 0x00000186aa1ec8f0,
0x00000186aa1ec3e0, 0x00000186aa1ed310, 0x00000186aa1ece00, 0x00000186aa1ed820,
0x00000186aa1eb9c0, 0x00000186aa1eafa0, 0x00000186aa1ebed0, 0x00000186aa1ea580,
0x00000186aa3d57a0, 0x00000186aa3d70f0, 0x00000186aa3d3940, 0x00000186aa3cfc80,
0x00000186aa3d7600, 0x00000186aa3d4d80, 0x00000186aa3d1ff0, 0x00000186aa3d3e50,
0x00000186aa3d2500, 0x00000186aa3d06a0, 0x00000186aa3d4870, 0x00000186aa3d2f20,
0x00000186aa3d0190, 0x00000186aa3d5cb0, 0x00000186aa3d0bb0, 0x00000186aa3d10c0,
0x00000186aa3d2a10, 0x00000186aa3d15d0, 0x00000186aa3d6be0, 0x00000186aa3d61c0,
0x00000186aa3d66d0
}

Java Threads: ( => current thread )
  0x000001868a320df0 JavaThread "main" [_thread_blocked, id=10412, stack(0x00000045f9d00000,0x00000045f9e00000)]
  0x00000186a42f3620 JavaThread "Reference Handler" daemon [_thread_blocked, id=7408, stack(0x00000045fa400000,0x00000045fa500000)]
  0x00000186a42f5260 JavaThread "Finalizer" daemon [_thread_blocked, id=14104, stack(0x00000045fa500000,0x00000045fa600000)]
  0x00000186a432c580 JavaThread "Signal Dispatcher" daemon [_thread_blocked, id=2836, stack(0x00000045fa600000,0x00000045fa700000)]
  0x00000186a432d260 JavaThread "Attach Listener" daemon [_thread_blocked, id=9996, stack(0x00000045fa700000,0x00000045fa800000)]
  0x00000186a4322bd0 JavaThread "Service Thread" daemon [_thread_blocked, id=6140, stack(0x00000045fa800000,0x00000045fa900000)]
  0x00000186a4323c40 JavaThread "Monitor Deflation Thread" daemon [_thread_blocked, id=3392, stack(0x00000045fa900000,0x00000045faa00000)]
=>0x00000186a4335250 JavaThread "C2 CompilerThread0" daemon [_thread_in_native, id=3148, stack(0x00000045faa00000,0x00000045fab00000)]
  0x00000186a4337b70 JavaThread "C1 CompilerThread0" daemon [_thread_blocked, id=13728, stack(0x00000045fab00000,0x00000045fac00000)]
  0x00000186a4338c20 JavaThread "Sweeper thread" daemon [_thread_blocked, id=992, stack(0x00000045fac00000,0x00000045fad00000)]
  0x00000186a44b9020 JavaThread "Common-Cleaner" daemon [_thread_blocked, id=7760, stack(0x00000045fad00000,0x00000045fae00000)]
  0x00000186a45774e0 JavaThread "Notification Thread" daemon [_thread_blocked, id=5560, stack(0x00000045fae00000,0x00000045faf00000)]
  0x00000186a98c4390 JavaThread "Daemon health stats" [_thread_blocked, id=6336, stack(0x00000045fb400000,0x00000045fb500000)]
  0x00000186a99b1040 JavaThread "Incoming local TCP Connector on port 57027" [_thread_in_native, id=15592, stack(0x00000045fb500000,0x00000045fb600000)]
  0x00000186aa1d1080 JavaThread "Daemon periodic checks" [_thread_blocked, id=11436, stack(0x00000045fb600000,0x00000045fb700000)]
  0x00000186aa1ca470 JavaThread "Daemon" [_thread_blocked, id=4260, stack(0x00000045fb700000,0x00000045fb800000)]
  0x00000186a9fae040 JavaThread "Handler for socket connection from /127.0.0.1:57027 to /127.0.0.1:57028" [_thread_in_native, id=16276, stack(0x00000045fb800000,0x00000045fb900000)]
  0x00000186aa1ea070 JavaThread "Cancel handler" [_thread_blocked, id=11736, stack(0x00000045fb900000,0x00000045fba00000)]
  0x00000186aa1eaa90 JavaThread "Daemon worker" [_thread_in_vm, id=6488, stack(0x00000045fba00000,0x00000045fbb00000)]
  0x00000186aa1ec8f0 JavaThread "Asynchronous log dispatcher for DefaultDaemonConnection: socket connection from /127.0.0.1:57027 to /127.0.0.1:57028" [_thread_blocked, id=13936, stack(0x00000045fbb00000,0x00000045fbc00000)]
  0x00000186aa1ec3e0 JavaThread "Stdin handler" [_thread_blocked, id=13612, stack(0x00000045fbc00000,0x00000045fbd00000)]
  0x00000186aa1ed310 JavaThread "Daemon client event forwarder" [_thread_blocked, id=1628, stack(0x00000045fbd00000,0x00000045fbe00000)]
  0x00000186aa1ece00 JavaThread "Cache worker for journal cache (C:\Users\mka23\.gradle\caches\journal-1)" [_thread_blocked, id=14696, stack(0x00000045fc200000,0x00000045fc300000)]
  0x00000186aa1ed820 JavaThread "File lock request listener" [_thread_in_native, id=12572, stack(0x00000045fc300000,0x00000045fc400000)]
  0x00000186aa1eb9c0 JavaThread "Cache worker for file hash cache (C:\Users\mka23\.gradle\caches\8.7\fileHashes)" [_thread_blocked, id=12252, stack(0x00000045fc400000,0x00000045fc500000)]
  0x00000186aa1eafa0 JavaThread "Cache worker for file hash cache (C:\Users\mka23\AndroidStudioProjects\ShopListrYeah\.gradle\8.7\fileHashes)" [_thread_blocked, id=13952, stack(0x00000045fc500000,0x00000045fc600000)]
  0x00000186aa1ebed0 JavaThread "File watcher server" daemon [_thread_in_native, id=13292, stack(0x00000045fc600000,0x00000045fc700000)]
  0x00000186aa1ea580 JavaThread "File watcher consumer" daemon [_thread_blocked, id=12376, stack(0x00000045fc700000,0x00000045fc800000)]
  0x00000186aa3d57a0 JavaThread "jar transforms" [_thread_blocked, id=7300, stack(0x00000045fc800000,0x00000045fc900000)]
  0x00000186aa3d70f0 JavaThread "jar transforms Thread 2" [_thread_blocked, id=15692, stack(0x00000045fc900000,0x00000045fca00000)]
  0x00000186aa3d3940 JavaThread "jar transforms Thread 3" [_thread_blocked, id=6264, stack(0x00000045fca00000,0x00000045fcb00000)]
  0x00000186aa3cfc80 JavaThread "jar transforms Thread 4" [_thread_blocked, id=1704, stack(0x00000045fcb00000,0x00000045fcc00000)]
  0x00000186aa3d7600 JavaThread "jar transforms Thread 5" [_thread_blocked, id=4016, stack(0x00000045fcc00000,0x00000045fcd00000)]
  0x00000186aa3d4d80 JavaThread "jar transforms Thread 6" [_thread_blocked, id=9640, stack(0x00000045fcd00000,0x00000045fce00000)]
  0x00000186aa3d1ff0 JavaThread "jar transforms Thread 7" [_thread_blocked, id=12456, stack(0x00000045fce00000,0x00000045fcf00000)]
  0x00000186aa3d3e50 JavaThread "jar transforms Thread 8" [_thread_blocked, id=1192, stack(0x00000045fcf00000,0x00000045fd000000)]
  0x00000186aa3d2500 JavaThread "Cache worker for checksums cache (C:\Users\mka23\AndroidStudioProjects\ShopListrYeah\.gradle\8.7\checksums)" [_thread_blocked, id=10276, stack(0x00000045fd000000,0x00000045fd100000)]
  0x00000186aa3d06a0 JavaThread "Cache worker for cache directory md-supplier (C:\Users\mka23\.gradle\caches\8.7\md-supplier)" [_thread_blocked, id=8228, stack(0x00000045fd100000,0x00000045fd200000)]
  0x00000186aa3d4870 JavaThread "Cache worker for cache directory md-rule (C:\Users\mka23\.gradle\caches\8.7\md-rule)" [_thread_blocked, id=5196, stack(0x00000045fd200000,0x00000045fd300000)]
  0x00000186aa3d2f20 JavaThread "Cache worker for file content cache (C:\Users\mka23\.gradle\caches\8.7\fileContent)" [_thread_blocked, id=2940, stack(0x00000045fd300000,0x00000045fd400000)]
  0x00000186aa3d0190 JavaThread "Unconstrained build operations" [_thread_blocked, id=9320, stack(0x00000045fd400000,0x00000045fd500000)]
  0x00000186aa3d5cb0 JavaThread "Unconstrained build operations Thread 2" [_thread_blocked, id=10044, stack(0x00000045fd500000,0x00000045fd600000)]
  0x00000186aa3d0bb0 JavaThread "Unconstrained build operations Thread 3" [_thread_blocked, id=15628, stack(0x00000045fd600000,0x00000045fd700000)]
  0x00000186aa3d10c0 JavaThread "Unconstrained build operations Thread 4" [_thread_blocked, id=13216, stack(0x00000045fd700000,0x00000045fd800000)]
  0x00000186aa3d2a10 JavaThread "Unconstrained build operations Thread 5" [_thread_blocked, id=6328, stack(0x00000045fd800000,0x00000045fd900000)]
  0x00000186aa3d15d0 JavaThread "Unconstrained build operations Thread 6" [_thread_blocked, id=4656, stack(0x00000045fd900000,0x00000045fda00000)]
  0x00000186aa3d6be0 JavaThread "Unconstrained build operations Thread 7" [_thread_blocked, id=15704, stack(0x00000045fda00000,0x00000045fdb00000)]
  0x00000186aa3d61c0 JavaThread "Unconstrained build operations Thread 8" [_thread_blocked, id=9808, stack(0x00000045fdb00000,0x00000045fdc00000)]
  0x00000186aa3d66d0 JavaThread "Unconstrained build operations Thread 9" [_thread_blocked, id=15908, stack(0x00000045fdc00000,0x00000045fdd00000)]

Other Threads:
  0x00000186a418e840 VMThread "VM Thread" [stack: 0x00000045fa300000,0x00000045fa400000] [id=13708]
  0x00000186a45779c0 WatcherThread [stack: 0x00000045faf00000,0x00000045fb000000] [id=16160]
  0x000001868a37cb90 GCTaskThread "GC Thread#0" [stack: 0x00000045f9e00000,0x00000045f9f00000] [id=7848]
  0x00000186a910dee0 GCTaskThread "GC Thread#1" [stack: 0x00000045fb000000,0x00000045fb100000] [id=2600]
  0x00000186a937a9a0 GCTaskThread "GC Thread#2" [stack: 0x00000045fb100000,0x00000045fb200000] [id=8360]
  0x00000186a9328240 GCTaskThread "GC Thread#3" [stack: 0x00000045fb200000,0x00000045fb300000] [id=2932]
  0x00000186a46cda10 GCTaskThread "GC Thread#4" [stack: 0x00000045fb300000,0x00000045fb400000] [id=9432]
  0x00000186a9f53610 GCTaskThread "GC Thread#5" [stack: 0x00000045fbe00000,0x00000045fbf00000] [id=1360]
  0x00000186a9dbb370 GCTaskThread "GC Thread#6" [stack: 0x00000045fbf00000,0x00000045fc000000] [id=12724]
  0x00000186aa075180 GCTaskThread "GC Thread#7" [stack: 0x00000045fc000000,0x00000045fc100000] [id=11780]
  0x000001868a38d9f0 ConcurrentGCThread "G1 Main Marker" [stack: 0x00000045f9f00000,0x00000045fa000000] [id=8260]
  0x000001868a38e320 ConcurrentGCThread "G1 Conc#0" [stack: 0x00000045fa000000,0x00000045fa100000] [id=9404]
  0x00000186aa21a210 ConcurrentGCThread "G1 Conc#1" [stack: 0x00000045fc100000,0x00000045fc200000] [id=8116]
  0x000001868a3dd3f0 ConcurrentGCThread "G1 Refine#0" [stack: 0x00000045fa100000,0x00000045fa200000] [id=13028]
  0x00000186aa711f20 ConcurrentGCThread "G1 Refine#1" [stack: 0x00000045fdd00000,0x00000045fde00000] [id=6768]
  0x00000186aa711360 ConcurrentGCThread "G1 Refine#2" [stack: 0x00000045fde00000,0x00000045fdf00000] [id=15512]
  0x00000186aa711070 ConcurrentGCThread "G1 Refine#3" [stack: 0x00000045fdf00000,0x00000045fe000000] [id=5916]
  0x00000186aa712210 ConcurrentGCThread "G1 Refine#4" [stack: 0x00000045fe000000,0x00000045fe100000] [id=1836]
  0x00000186aa712500 ConcurrentGCThread "G1 Refine#5" [stack: 0x00000045fe100000,0x00000045fe200000] [id=13960]
  0x00000186a3fe80f0 ConcurrentGCThread "G1 Service" [stack: 0x00000045fa200000,0x00000045fa300000] [id=2688]

Threads with active compile tasks:
C2 CompilerThread0     7931 5794  s!   4       jdk.internal.loader.URLClassPath::getLoader (194 bytes)

VM state: not at safepoint (normal execution)

VM Mutex/Monitor currently owned by a thread: None

Heap address: 0x0000000080000000, size: 2048 MB, Compressed Oops mode: 32-bit

CDS archive(s) not mapped
Compressed class space mapped at: 0x0000000100000000-0x0000000140000000, reserved size: 1073741824
Narrow klass base: 0x0000000000000000, Narrow klass shift: 3, Narrow klass range: 0x140000000

GC Precious Log:
 CPUs: 8 total, 8 available
 Memory: 8034M
 Large Page Support: Disabled
 NUMA Support: Disabled
 Compressed Oops: Enabled (32-bit)
 Heap Region Size: 1M
 Heap Min Capacity: 8M
 Heap Initial Capacity: 126M
 Heap Max Capacity: 2G
 Pre-touch: Disabled
 Parallel Workers: 8
 Concurrent Workers: 2
 Concurrent Refinement Workers: 8
 Periodic GC: Disabled

Heap:
 garbage-first heap   total 165888K, used 97912K [0x0000000080000000, 0x0000000100000000)
  region size 1024K, 6 young (6144K), 3 survivors (3072K)
 Metaspace       used 85883K, committed 86464K, reserved 1179648K
  class space    used 11561K, committed 11840K, reserved 1048576K

Heap Regions: E=young(eden), S=young(survivor), O=old, HS=humongous(starts), HC=humongous(continues), CS=collection set, F=free, OA=open archive, CA=closed archive, TAMS=top-at-mark-start (previous, next)
|   0|0x0000000080000000, 0x0000000080100000, 0x0000000080100000|100%|HS|  |TAMS 0x0000000080100000, 0x0000000080000000| Complete 
|   1|0x0000000080100000, 0x0000000080200000, 0x0000000080200000|100%|HC|  |TAMS 0x0000000080200000, 0x0000000080100000| Complete 
|   2|0x0000000080200000, 0x0000000080300000, 0x0000000080300000|100%|HC|  |TAMS 0x0000000080300000, 0x0000000080200000| Complete 
|   3|0x0000000080300000, 0x0000000080400000, 0x0000000080400000|100%|HC|  |TAMS 0x0000000080400000, 0x0000000080300000| Complete 
|   4|0x0000000080400000, 0x0000000080500000, 0x0000000080500000|100%| O|  |TAMS 0x0000000080500000, 0x0000000080400000| Untracked 
|   5|0x0000000080500000, 0x0000000080600000, 0x0000000080600000|100%| O|  |TAMS 0x0000000080600000, 0x0000000080500000| Untracked 
|   6|0x0000000080600000, 0x0000000080700000, 0x0000000080700000|100%| O|  |TAMS 0x0000000080700000, 0x0000000080600000| Untracked 
|   7|0x0000000080700000, 0x0000000080800000, 0x0000000080800000|100%| O|  |TAMS 0x0000000080800000, 0x0000000080700000| Untracked 
|   8|0x0000000080800000, 0x0000000080900000, 0x0000000080900000|100%| O|  |TAMS 0x0000000080900000, 0x0000000080800000| Untracked 
|   9|0x0000000080900000, 0x0000000080a00000, 0x0000000080a00000|100%| O|  |TAMS 0x0000000080a00000, 0x0000000080900000| Untracked 
|  10|0x0000000080a00000, 0x0000000080b00000, 0x0000000080b00000|100%| O|  |TAMS 0x0000000080b00000, 0x0000000080a00000| Untracked 
|  11|0x0000000080b00000, 0x0000000080c00000, 0x0000000080c00000|100%| O|  |TAMS 0x0000000080c00000, 0x0000000080b00000| Untracked 
|  12|0x0000000080c00000, 0x0000000080d00000, 0x0000000080d00000|100%| O|  |TAMS 0x0000000080d00000, 0x0000000080c00000| Untracked 
|  13|0x0000000080d00000, 0x0000000080e00000, 0x0000000080e00000|100%| O|  |TAMS 0x0000000080e00000, 0x0000000080d00000| Untracked 
|  14|0x0000000080e00000, 0x0000000080f00000, 0x0000000080f00000|100%| O|  |TAMS 0x0000000080f00000, 0x0000000080e00000| Untracked 
|  15|0x0000000080f00000, 0x0000000081000000, 0x0000000081000000|100%| O|  |TAMS 0x0000000081000000, 0x0000000080f00000| Untracked 
|  16|0x0000000081000000, 0x0000000081100000, 0x0000000081100000|100%| O|  |TAMS 0x0000000081100000, 0x0000000081000000| Untracked 
|  17|0x0000000081100000, 0x0000000081200000, 0x0000000081200000|100%| O|  |TAMS 0x0000000081200000, 0x0000000081100000| Untracked 
|  18|0x0000000081200000, 0x0000000081300000, 0x0000000081300000|100%| O|  |TAMS 0x0000000081300000, 0x0000000081200000| Untracked 
|  19|0x0000000081300000, 0x0000000081400000, 0x0000000081400000|100%| O|  |TAMS 0x0000000081400000, 0x0000000081300000| Untracked 
|  20|0x0000000081400000, 0x0000000081500000, 0x0000000081500000|100%|HS|  |TAMS 0x0000000081500000, 0x0000000081400000| Complete 
|  21|0x0000000081500000, 0x0000000081600000, 0x0000000081600000|100%|HC|  |TAMS 0x0000000081600000, 0x0000000081500000| Complete 
|  22|0x0000000081600000, 0x0000000081700000, 0x0000000081700000|100%|HC|  |TAMS 0x0000000081700000, 0x0000000081600000| Complete 
|  23|0x0000000081700000, 0x0000000081800000, 0x0000000081800000|100%|HC|  |TAMS 0x0000000081800000, 0x0000000081700000| Complete 
|  24|0x0000000081800000, 0x0000000081900000, 0x0000000081900000|100%|HC|  |TAMS 0x0000000081900000, 0x0000000081800000| Complete 
|  25|0x0000000081900000, 0x0000000081a00000, 0x0000000081a00000|100%|HS|  |TAMS 0x0000000081a00000, 0x0000000081900000| Complete 
|  26|0x0000000081a00000, 0x0000000081b00000, 0x0000000081b00000|100%|HC|  |TAMS 0x0000000081b00000, 0x0000000081a00000| Complete 
|  27|0x0000000081b00000, 0x0000000081c00000, 0x0000000081c00000|100%|HC|  |TAMS 0x0000000081c00000, 0x0000000081b00000| Complete 
|  28|0x0000000081c00000, 0x0000000081d00000, 0x0000000081d00000|100%|HS|  |TAMS 0x0000000081d00000, 0x0000000081c00000| Complete 
|  29|0x0000000081d00000, 0x0000000081e00000, 0x0000000081e00000|100%|HC|  |TAMS 0x0000000081e00000, 0x0000000081d00000| Complete 
|  30|0x0000000081e00000, 0x0000000081f00000, 0x0000000081f00000|100%|HC|  |TAMS 0x0000000081f00000, 0x0000000081e00000| Complete 
|  31|0x0000000081f00000, 0x0000000082000000, 0x0000000082000000|100%| O|  |TAMS 0x0000000082000000, 0x0000000081f00000| Untracked 
|  32|0x0000000082000000, 0x0000000082100000, 0x0000000082100000|100%| O|  |TAMS 0x0000000082100000, 0x0000000082000000| Untracked 
|  33|0x0000000082100000, 0x0000000082200000, 0x0000000082200000|100%| O|  |TAMS 0x0000000082200000, 0x0000000082100000| Untracked 
|  34|0x0000000082200000, 0x0000000082300000, 0x0000000082300000|100%|HS|  |TAMS 0x0000000082300000, 0x0000000082200000| Complete 
|  35|0x0000000082300000, 0x0000000082400000, 0x0000000082400000|100%| O|  |TAMS 0x0000000082400000, 0x0000000082300000| Untracked 
|  36|0x0000000082400000, 0x0000000082500000, 0x0000000082500000|100%| O|  |TAMS 0x0000000082500000, 0x0000000082400000| Untracked 
|  37|0x0000000082500000, 0x0000000082600000, 0x0000000082600000|100%| O|  |TAMS 0x0000000082600000, 0x0000000082500000| Untracked 
|  38|0x0000000082600000, 0x0000000082700000, 0x0000000082700000|100%| O|  |TAMS 0x0000000082700000, 0x0000000082600000| Untracked 
|  39|0x0000000082700000, 0x0000000082800000, 0x0000000082800000|100%| O|  |TAMS 0x0000000082800000, 0x0000000082700000| Untracked 
|  40|0x0000000082800000, 0x0000000082900000, 0x0000000082900000|100%| O|  |TAMS 0x0000000082900000, 0x0000000082800000| Untracked 
|  41|0x0000000082900000, 0x0000000082a00000, 0x0000000082a00000|100%| O|  |TAMS 0x0000000082a00000, 0x0000000082900000| Untracked 
|  42|0x0000000082a00000, 0x0000000082b00000, 0x0000000082b00000|100%| O|  |TAMS 0x0000000082b00000, 0x0000000082a00000| Untracked 
|  43|0x0000000082b00000, 0x0000000082c00000, 0x0000000082c00000|100%| O|  |TAMS 0x0000000082c00000, 0x0000000082b00000| Untracked 
|  44|0x0000000082c00000, 0x0000000082d00000, 0x0000000082d00000|100%| O|  |TAMS 0x0000000082d00000, 0x0000000082c00000| Untracked 
|  45|0x0000000082d00000, 0x0000000082e00000, 0x0000000082e00000|100%| O|  |TAMS 0x0000000082e00000, 0x0000000082d00000| Untracked 
|  46|0x0000000082e00000, 0x0000000082f00000, 0x0000000082f00000|100%|HS|  |TAMS 0x0000000082f00000, 0x0000000082e00000| Complete 
|  47|0x0000000082f00000, 0x0000000083000000, 0x0000000083000000|100%|HC|  |TAMS 0x0000000083000000, 0x0000000082f00000| Complete 
|  48|0x0000000083000000, 0x0000000083100000, 0x0000000083100000|100%|HC|  |TAMS 0x0000000083100000, 0x0000000083000000| Complete 
|  49|0x0000000083100000, 0x0000000083200000, 0x0000000083200000|100%|HC|  |TAMS 0x0000000083200000, 0x0000000083100000| Complete 
|  50|0x0000000083200000, 0x0000000083300000, 0x0000000083300000|100%|HC|  |TAMS 0x0000000083300000, 0x0000000083200000| Complete 
|  51|0x0000000083300000, 0x0000000083400000, 0x0000000083400000|100%| O|  |TAMS 0x0000000083400000, 0x0000000083300000| Untracked 
|  52|0x0000000083400000, 0x0000000083500000, 0x0000000083500000|100%| O|  |TAMS 0x0000000083500000, 0x0000000083400000| Untracked 
|  53|0x0000000083500000, 0x0000000083600000, 0x0000000083600000|100%| O|  |TAMS 0x0000000083600000, 0x0000000083500000| Untracked 
|  54|0x0000000083600000, 0x0000000083700000, 0x0000000083700000|100%| O|  |TAMS 0x0000000083700000, 0x0000000083600000| Untracked 
|  55|0x0000000083700000, 0x0000000083800000, 0x0000000083800000|100%| O|  |TAMS 0x0000000083800000, 0x0000000083700000| Untracked 
|  56|0x0000000083800000, 0x0000000083900000, 0x0000000083900000|100%|HS|  |TAMS 0x0000000083900000, 0x0000000083800000| Complete 
|  57|0x0000000083900000, 0x0000000083a00000, 0x0000000083a00000|100%|HC|  |TAMS 0x0000000083a00000, 0x0000000083900000| Complete 
|  58|0x0000000083a00000, 0x0000000083b00000, 0x0000000083b00000|100%|HC|  |TAMS 0x0000000083b00000, 0x0000000083a00000| Complete 
|  59|0x0000000083b00000, 0x0000000083c00000, 0x0000000083c00000|100%|HS|  |TAMS 0x0000000083c00000, 0x0000000083b00000| Complete 
|  60|0x0000000083c00000, 0x0000000083d00000, 0x0000000083d00000|100%|HC|  |TAMS 0x0000000083d00000, 0x0000000083c00000| Complete 
|  61|0x0000000083d00000, 0x0000000083e00000, 0x0000000083e00000|100%|HC|  |TAMS 0x0000000083e00000, 0x0000000083d00000| Complete 
|  62|0x0000000083e00000, 0x0000000083f00000, 0x0000000083f00000|100%|HC|  |TAMS 0x0000000083f00000, 0x0000000083e00000| Complete 
|  63|0x0000000083f00000, 0x0000000084000000, 0x0000000084000000|100%|HC|  |TAMS 0x0000000084000000, 0x0000000083f00000| Complete 
|  64|0x0000000084000000, 0x0000000084100000, 0x0000000084100000|100%| O|  |TAMS 0x0000000084100000, 0x0000000084000000| Untracked 
|  65|0x0000000084100000, 0x0000000084200000, 0x0000000084200000|100%| O|  |TAMS 0x0000000084200000, 0x0000000084100000| Untracked 
|  66|0x0000000084200000, 0x0000000084300000, 0x0000000084300000|100%| O|  |TAMS 0x0000000084300000, 0x0000000084200000| Untracked 
|  67|0x0000000084300000, 0x0000000084400000, 0x0000000084400000|100%| O|  |TAMS 0x0000000084400000, 0x0000000084300000| Untracked 
|  68|0x0000000084400000, 0x0000000084500000, 0x0000000084500000|100%| O|  |TAMS 0x0000000084500000, 0x0000000084400000| Untracked 
|  69|0x0000000084500000, 0x0000000084600000, 0x0000000084600000|100%| O|  |TAMS 0x0000000084600000, 0x0000000084500000| Untracked 
|  70|0x0000000084600000, 0x0000000084700000, 0x0000000084700000|100%| O|  |TAMS 0x0000000084700000, 0x0000000084600000| Untracked 
|  71|0x0000000084700000, 0x0000000084800000, 0x0000000084800000|100%| O|  |TAMS 0x0000000084800000, 0x0000000084700000| Untracked 
|  72|0x0000000084800000, 0x0000000084900000, 0x0000000084900000|100%| O|  |TAMS 0x0000000084900000, 0x0000000084800000| Untracked 
|  73|0x0000000084900000, 0x0000000084a00000, 0x0000000084a00000|100%| O|  |TAMS 0x0000000084a00000, 0x0000000084900000| Untracked 
|  74|0x0000000084a00000, 0x0000000084b00000, 0x0000000084b00000|100%| O|  |TAMS 0x0000000084a53600, 0x0000000084a00000| Untracked 
|  75|0x0000000084b00000, 0x0000000084c00000, 0x0000000084c00000|100%|HS|  |TAMS 0x0000000084c00000, 0x0000000084b00000| Complete 
|  76|0x0000000084c00000, 0x0000000084d00000, 0x0000000084d00000|100%| O|  |TAMS 0x0000000084d00000, 0x0000000084c00000| Untracked 
|  77|0x0000000084d00000, 0x0000000084e00000, 0x0000000084e00000|100%| O|  |TAMS 0x0000000084e00000, 0x0000000084d00000| Untracked 
|  78|0x0000000084e00000, 0x0000000084f00000, 0x0000000084f00000|100%| O|  |TAMS 0x0000000084f00000, 0x0000000084e00000| Untracked 
|  79|0x0000000084f00000, 0x0000000085000000, 0x0000000085000000|100%| O|  |TAMS 0x0000000085000000, 0x0000000084f00000| Untracked 
|  80|0x0000000085000000, 0x0000000085100000, 0x0000000085100000|100%| O|  |TAMS 0x0000000085100000, 0x0000000085000000| Untracked 
|  81|0x0000000085100000, 0x0000000085200000, 0x0000000085200000|100%| O|  |TAMS 0x0000000085200000, 0x0000000085100000| Untracked 
|  82|0x0000000085200000, 0x0000000085300000, 0x0000000085300000|100%|HS|  |TAMS 0x0000000085300000, 0x0000000085200000| Complete 
|  83|0x0000000085300000, 0x0000000085400000, 0x0000000085400000|100%|HC|  |TAMS 0x0000000085400000, 0x0000000085300000| Complete 
|  84|0x0000000085400000, 0x0000000085500000, 0x0000000085500000|100%|HC|  |TAMS 0x0000000085500000, 0x0000000085400000| Complete 
|  85|0x0000000085500000, 0x0000000085600000, 0x0000000085600000|100%|HC|  |TAMS 0x0000000085600000, 0x0000000085500000| Complete 
|  86|0x0000000085600000, 0x0000000085700000, 0x0000000085700000|100%|HC|  |TAMS 0x0000000085700000, 0x0000000085600000| Complete 
|  87|0x0000000085700000, 0x0000000085800000, 0x0000000085800000|100%|HC|  |TAMS 0x0000000085800000, 0x0000000085700000| Complete 
|  88|0x0000000085800000, 0x0000000085900000, 0x0000000085900000|100%| O|  |TAMS 0x0000000085800000, 0x0000000085800000| Untracked 
|  89|0x0000000085900000, 0x0000000085a00000, 0x0000000085a00000|100%| O|  |TAMS 0x0000000085900000, 0x0000000085900000| Untracked 
|  90|0x0000000085a00000, 0x0000000085a9e000, 0x0000000085b00000| 61%| O|  |TAMS 0x0000000085a00000, 0x0000000085a00000| Untracked 
|  91|0x0000000085b00000, 0x0000000085b00000, 0x0000000085c00000|  0%| F|  |TAMS 0x0000000085b00000, 0x0000000085b00000| Untracked 
|  92|0x0000000085c00000, 0x0000000085c00000, 0x0000000085d00000|  0%| F|  |TAMS 0x0000000085c00000, 0x0000000085c00000| Untracked 
|  93|0x0000000085d00000, 0x0000000085d00000, 0x0000000085e00000|  0%| F|  |TAMS 0x0000000085d00000, 0x0000000085d00000| Untracked 
|  94|0x0000000085e00000, 0x0000000085e00000, 0x0000000085f00000|  0%| F|  |TAMS 0x0000000085e00000, 0x0000000085e00000| Untracked 
|  95|0x0000000085f00000, 0x0000000085f00000, 0x0000000086000000|  0%| F|  |TAMS 0x0000000085f00000, 0x0000000085f00000| Untracked 
|  96|0x0000000086000000, 0x0000000086000000, 0x0000000086100000|  0%| F|  |TAMS 0x0000000086000000, 0x0000000086000000| Untracked 
|  97|0x0000000086100000, 0x0000000086100000, 0x0000000086200000|  0%| F|  |TAMS 0x0000000086100000, 0x0000000086100000| Untracked 
|  98|0x0000000086200000, 0x0000000086200000, 0x0000000086300000|  0%| F|  |TAMS 0x0000000086200000, 0x0000000086200000| Untracked 
|  99|0x0000000086300000, 0x0000000086300000, 0x0000000086400000|  0%| F|  |TAMS 0x0000000086300000, 0x0000000086300000| Untracked 
| 100|0x0000000086400000, 0x0000000086400000, 0x0000000086500000|  0%| F|  |TAMS 0x0000000086400000, 0x0000000086400000| Untracked 
| 101|0x0000000086500000, 0x0000000086500000, 0x0000000086600000|  0%| F|  |TAMS 0x0000000086500000, 0x0000000086500000| Untracked 
| 102|0x0000000086600000, 0x0000000086600000, 0x0000000086700000|  0%| F|  |TAMS 0x0000000086600000, 0x0000000086600000| Untracked 
| 103|0x0000000086700000, 0x0000000086700000, 0x0000000086800000|  0%| F|  |TAMS 0x0000000086700000, 0x0000000086700000| Untracked 
| 104|0x0000000086800000, 0x0000000086800000, 0x0000000086900000|  0%| F|  |TAMS 0x0000000086800000, 0x0000000086800000| Untracked 
| 105|0x0000000086900000, 0x0000000086900000, 0x0000000086a00000|  0%| F|  |TAMS 0x0000000086900000, 0x0000000086900000| Untracked 
| 106|0x0000000086a00000, 0x0000000086a00000, 0x0000000086b00000|  0%| F|  |TAMS 0x0000000086a00000, 0x0000000086a00000| Untracked 
| 107|0x0000000086b00000, 0x0000000086b00000, 0x0000000086c00000|  0%| F|  |TAMS 0x0000000086b00000, 0x0000000086b00000| Untracked 
| 108|0x0000000086c00000, 0x0000000086c00000, 0x0000000086d00000|  0%| F|  |TAMS 0x0000000086c00000, 0x0000000086c00000| Untracked 
| 109|0x0000000086d00000, 0x0000000086d00000, 0x0000000086e00000|  0%| F|  |TAMS 0x0000000086d00000, 0x0000000086d00000| Untracked 
| 110|0x0000000086e00000, 0x0000000086e00000, 0x0000000086f00000|  0%| F|  |TAMS 0x0000000086e00000, 0x0000000086e00000| Untracked 
| 111|0x0000000086f00000, 0x0000000086f00000, 0x0000000087000000|  0%| F|  |TAMS 0x0000000086f00000, 0x0000000086f00000| Untracked 
| 112|0x0000000087000000, 0x0000000087000000, 0x0000000087100000|  0%| F|  |TAMS 0x0000000087000000, 0x0000000087000000| Untracked 
| 113|0x0000000087100000, 0x0000000087100000, 0x0000000087200000|  0%| F|  |TAMS 0x0000000087100000, 0x0000000087100000| Untracked 
| 114|0x0000000087200000, 0x0000000087200000, 0x0000000087300000|  0%| F|  |TAMS 0x0000000087200000, 0x0000000087200000| Untracked 
| 115|0x0000000087300000, 0x0000000087300000, 0x0000000087400000|  0%| F|  |TAMS 0x0000000087300000, 0x0000000087300000| Untracked 
| 116|0x0000000087400000, 0x0000000087400000, 0x0000000087500000|  0%| F|  |TAMS 0x0000000087400000, 0x0000000087400000| Untracked 
| 117|0x0000000087500000, 0x0000000087500000, 0x0000000087600000|  0%| F|  |TAMS 0x0000000087500000, 0x0000000087500000| Untracked 
| 118|0x0000000087600000, 0x0000000087600000, 0x0000000087700000|  0%| F|  |TAMS 0x0000000087600000, 0x0000000087600000| Untracked 
| 119|0x0000000087700000, 0x0000000087700000, 0x0000000087800000|  0%| F|  |TAMS 0x0000000087700000, 0x0000000087700000| Untracked 
| 120|0x0000000087800000, 0x0000000087800000, 0x0000000087900000|  0%| F|  |TAMS 0x0000000087800000, 0x0000000087800000| Untracked 
| 121|0x0000000087900000, 0x0000000087900000, 0x0000000087a00000|  0%| F|  |TAMS 0x0000000087900000, 0x0000000087900000| Untracked 
| 122|0x0000000087a00000, 0x0000000087a00000, 0x0000000087b00000|  0%| F|  |TAMS 0x0000000087a00000, 0x0000000087a00000| Untracked 
| 123|0x0000000087b00000, 0x0000000087b00000, 0x0000000087c00000|  0%| F|  |TAMS 0x0000000087b00000, 0x0000000087b00000| Untracked 
| 124|0x0000000087c00000, 0x0000000087c00000, 0x0000000087d00000|  0%| F|  |TAMS 0x0000000087c00000, 0x0000000087c00000| Untracked 
| 125|0x0000000087d00000, 0x0000000087d00000, 0x0000000087e00000|  0%| F|  |TAMS 0x0000000087d00000, 0x0000000087d00000| Untracked 
| 126|0x0000000087e00000, 0x0000000087e00000, 0x0000000087f00000|  0%| F|  |TAMS 0x0000000087e00000, 0x0000000087e00000| Untracked 
| 127|0x0000000087f00000, 0x0000000087f00000, 0x0000000088000000|  0%| F|  |TAMS 0x0000000087f00000, 0x0000000087f00000| Untracked 
| 128|0x0000000088000000, 0x0000000088000000, 0x0000000088100000|  0%| F|  |TAMS 0x0000000088000000, 0x0000000088000000| Untracked 
| 129|0x0000000088100000, 0x0000000088100000, 0x0000000088200000|  0%| F|  |TAMS 0x0000000088100000, 0x0000000088100000| Untracked 
| 130|0x0000000088200000, 0x0000000088200000, 0x0000000088300000|  0%| F|  |TAMS 0x0000000088200000, 0x0000000088200000| Untracked 
| 131|0x0000000088300000, 0x0000000088400000, 0x0000000088400000|100%| S|CS|TAMS 0x0000000088300000, 0x0000000088300000| Complete 
| 132|0x0000000088400000, 0x0000000088500000, 0x0000000088500000|100%| S|CS|TAMS 0x0000000088400000, 0x0000000088400000| Complete 
| 133|0x0000000088500000, 0x0000000088600000, 0x0000000088600000|100%| S|CS|TAMS 0x0000000088500000, 0x0000000088500000| Complete 
| 134|0x0000000088600000, 0x0000000088600000, 0x0000000088700000|  0%| F|  |TAMS 0x0000000088600000, 0x0000000088600000| Untracked 
| 135|0x0000000088700000, 0x0000000088700000, 0x0000000088800000|  0%| F|  |TAMS 0x0000000088700000, 0x0000000088700000| Untracked 
| 136|0x0000000088800000, 0x0000000088800000, 0x0000000088900000|  0%| F|  |TAMS 0x0000000088800000, 0x0000000088800000| Untracked 
| 137|0x0000000088900000, 0x0000000088900000, 0x0000000088a00000|  0%| F|  |TAMS 0x0000000088900000, 0x0000000088900000| Untracked 
| 138|0x0000000088a00000, 0x0000000088a00000, 0x0000000088b00000|  0%| F|  |TAMS 0x0000000088a00000, 0x0000000088a00000| Untracked 
| 139|0x0000000088b00000, 0x0000000088b00000, 0x0000000088c00000|  0%| F|  |TAMS 0x0000000088b00000, 0x0000000088b00000| Untracked 
| 140|0x0000000088c00000, 0x0000000088c00000, 0x0000000088d00000|  0%| F|  |TAMS 0x0000000088c00000, 0x0000000088c00000| Untracked 
| 141|0x0000000088d00000, 0x0000000088d00000, 0x0000000088e00000|  0%| F|  |TAMS 0x0000000088d00000, 0x0000000088d00000| Untracked 
| 142|0x0000000088e00000, 0x0000000088e00000, 0x0000000088f00000|  0%| F|  |TAMS 0x0000000088e00000, 0x0000000088e00000| Untracked 
| 143|0x0000000088f00000, 0x0000000088f00000, 0x0000000089000000|  0%| F|  |TAMS 0x0000000088f00000, 0x0000000088f00000| Untracked 
| 144|0x0000000089000000, 0x0000000089000000, 0x0000000089100000|  0%| F|  |TAMS 0x0000000089000000, 0x0000000089000000| Untracked 
| 145|0x0000000089100000, 0x0000000089100000, 0x0000000089200000|  0%| F|  |TAMS 0x0000000089100000, 0x0000000089100000| Untracked 
| 146|0x0000000089200000, 0x0000000089200000, 0x0000000089300000|  0%| F|  |TAMS 0x0000000089200000, 0x0000000089200000| Untracked 
| 147|0x0000000089300000, 0x0000000089300000, 0x0000000089400000|  0%| F|  |TAMS 0x0000000089300000, 0x0000000089300000| Untracked 
| 148|0x0000000089400000, 0x0000000089400000, 0x0000000089500000|  0%| F|  |TAMS 0x0000000089400000, 0x0000000089400000| Untracked 
| 149|0x0000000089500000, 0x0000000089500000, 0x0000000089600000|  0%| F|  |TAMS 0x0000000089500000, 0x0000000089500000| Untracked 
| 150|0x0000000089600000, 0x0000000089600000, 0x0000000089700000|  0%| F|  |TAMS 0x0000000089600000, 0x0000000089600000| Untracked 
| 151|0x0000000089700000, 0x0000000089700000, 0x0000000089800000|  0%| F|  |TAMS 0x0000000089700000, 0x0000000089700000| Untracked 
| 152|0x0000000089800000, 0x0000000089800000, 0x0000000089900000|  0%| F|  |TAMS 0x0000000089800000, 0x0000000089800000| Untracked 
| 153|0x0000000089900000, 0x0000000089900000, 0x0000000089a00000|  0%| F|  |TAMS 0x0000000089900000, 0x0000000089900000| Untracked 
| 154|0x0000000089a00000, 0x0000000089a00000, 0x0000000089b00000|  0%| F|  |TAMS 0x0000000089a00000, 0x0000000089a00000| Untracked 
| 155|0x0000000089b00000, 0x0000000089b00000, 0x0000000089c00000|  0%| F|  |TAMS 0x0000000089b00000, 0x0000000089b00000| Untracked 
| 156|0x0000000089c00000, 0x0000000089c00000, 0x0000000089d00000|  0%| F|  |TAMS 0x0000000089c00000, 0x0000000089c00000| Untracked 
| 157|0x0000000089d00000, 0x0000000089d00000, 0x0000000089e00000|  0%| F|  |TAMS 0x0000000089d00000, 0x0000000089d00000| Untracked 
| 158|0x0000000089e00000, 0x0000000089e00000, 0x0000000089f00000|  0%| F|  |TAMS 0x0000000089e00000, 0x0000000089e00000| Untracked 
| 159|0x0000000089f00000, 0x000000008a000000, 0x000000008a000000|100%| E|  |TAMS 0x0000000089f00000, 0x0000000089f00000| Complete 
| 160|0x000000008a000000, 0x000000008a100000, 0x000000008a100000|100%| E|CS|TAMS 0x000000008a000000, 0x000000008a000000| Complete 
| 161|0x000000008a100000, 0x000000008a200000, 0x000000008a200000|100%| E|CS|TAMS 0x000000008a100000, 0x000000008a100000| Complete 

Card table byte_map: [0x000001869cf30000,0x000001869d330000] _byte_map_base: 0x000001869cb30000

Marking Bits (Prev, Next): (CMBitMap*) 0x000001868a37d0c0, (CMBitMap*) 0x000001868a37d100
 Prev Bits: [0x000001869d730000, 0x000001869f730000)
 Next Bits: [0x000001869f730000, 0x00000186a1730000)

Polling page: 0x00000186884b0000

Metaspace:

Usage:
  Non-class:     72.59 MB used.
      Class:     11.29 MB used.
       Both:     83.88 MB used.

Virtual space:
  Non-class space:      128.00 MB reserved,      72.88 MB ( 57%) committed,  2 nodes.
      Class space:        1.00 GB reserved,      11.56 MB (  1%) committed,  1 nodes.
             Both:        1.12 GB reserved,      84.44 MB (  7%) committed. 

Chunk freelists:
   Non-Class:  6.62 MB
       Class:  4.45 MB
        Both:  11.08 MB

MaxMetaspaceSize: unlimited
CompressedClassSpaceSize: 1.00 GB
Initial GC threshold: 21.00 MB
Current GC threshold: 135.31 MB
CDS: off
MetaspaceReclaimPolicy: balanced
 - commit_granule_bytes: 65536.
 - commit_granule_words: 8192.
 - virtual_space_node_default_size: 8388608.
 - enlarge_chunks_in_place: 1.
 - new_chunks_are_fully_committed: 0.
 - uncommit_free_chunks: 1.
 - use_allocation_guard: 0.
 - handle_deallocations: 1.


Internal statistics:

num_allocs_failed_limit: 3.
num_arena_births: 708.
num_arena_deaths: 0.
num_vsnodes_births: 3.
num_vsnodes_deaths: 0.
num_space_committed: 1349.
num_space_uncommitted: 0.
num_chunks_returned_to_freelist: 3.
num_chunks_taken_from_freelist: 3542.
num_chunk_merges: 3.
num_chunk_splits: 2585.
num_chunks_enlarged: 2031.
num_inconsistent_stats: 0.

CodeHeap 'non-profiled nmethods': size=120000Kb used=2406Kb max_used=3171Kb free=117593Kb
 bounds [0x00000186952d0000, 0x00000186955f0000, 0x000001869c800000]
CodeHeap 'profiled nmethods': size=120000Kb used=9430Kb max_used=11530Kb free=110569Kb
 bounds [0x000001868d800000, 0x000001868e350000, 0x0000018694d30000]
CodeHeap 'non-nmethods': size=5760Kb used=2382Kb max_used=2428Kb free=3377Kb
 bounds [0x0000018694d30000, 0x0000018694fa0000, 0x00000186952d0000]
 total_blobs=5877 nmethods=4964 adapters=825
 compilation: enabled
              stopped_count=0, restarted_count=0
 full_count=0

Compilation events (20 events):
Event: 7.860 Thread 0x00000186a4337b70 5827       3       org.jetbrains.kotlin.name.Name::guessByFirstCharacter (28 bytes)
Event: 7.860 Thread 0x00000186a4337b70 nmethod 5827 0x000001868d8dd310 code [0x000001868d8dd520, 0x000001868d8dda88]
Event: 7.866 Thread 0x00000186a4337b70 5832       3       org.jetbrains.kotlin.name.FqName::asString (16 bytes)
Event: 7.866 Thread 0x00000186a4337b70 nmethod 5832 0x000001868da37390 code [0x000001868da37540, 0x000001868da37798]
Event: 7.866 Thread 0x00000186a4337b70 5833       3       org.jetbrains.kotlin.name.FqNameUnsafe::asString (13 bytes)
Event: 7.866 Thread 0x00000186a4337b70 nmethod 5833 0x000001868d8f6710 code [0x000001868d8f68c0, 0x000001868d8f6a48]
Event: 7.866 Thread 0x00000186a4337b70 5834       3       org.jetbrains.kotlin.name.FqName::parent (70 bytes)
Event: 7.866 Thread 0x00000186a4337b70 nmethod 5834 0x000001868dabf990 code [0x000001868dabfbc0, 0x000001868dac02f8]
Event: 7.866 Thread 0x00000186a4337b70 5835       3       org.jetbrains.kotlin.name.FqName::topLevel (21 bytes)
Event: 7.867 Thread 0x00000186a4337b70 nmethod 5835 0x000001868d963b10 code [0x000001868d963ce0, 0x000001868d964068]
Event: 7.867 Thread 0x00000186a4337b70 5836       3       org.jetbrains.kotlin.name.FqNameUnsafe::compute (76 bytes)
Event: 7.868 Thread 0x00000186a4337b70 nmethod 5836 0x000001868d8e6f90 code [0x000001868d8e7320, 0x000001868d8e8818]
Event: 7.881 Thread 0x00000186a4337b70 5837       3       org.jetbrains.kotlin.com.intellij.openapi.vfs.impl.jar.CoreJarVirtualFile::getPath (130 bytes)
Event: 7.882 Thread 0x00000186a4337b70 nmethod 5837 0x000001868d8bad90 code [0x000001868d8bb140, 0x000001868d8bc538]
Event: 7.882 Thread 0x00000186a4337b70 5839       2       org.jetbrains.kotlin.protobuf.ByteString$Output::flushLastBuffer (96 bytes)
Event: 7.883 Thread 0x00000186a4337b70 nmethod 5839 0x000001868d85ff90 code [0x000001868d860160, 0x000001868d860548]
Event: 7.885 Thread 0x00000186a4337b70 5840       2       java.util.regex.Pattern::split (288 bytes)
Event: 7.886 Thread 0x00000186a4337b70 nmethod 5840 0x000001868dadc510 code [0x000001868dadc8a0, 0x000001868daddcc8]
Event: 7.886 Thread 0x00000186a4337b70 5842       1       org.jetbrains.kotlin.cli.jvm.index.JvmDependenciesIndexImpl$Cache::getRootIndices (5 bytes)
Event: 7.887 Thread 0x00000186a4337b70 nmethod 5842 0x00000186953bb690 code [0x00000186953bb820, 0x00000186953bb8f8]

GC Heap History (20 events):
Event: 5.117 GC heap before
{Heap before GC invocations=24 (full 0):
 garbage-first heap   total 106496K, used 84776K [0x0000000080000000, 0x0000000100000000)
  region size 1024K, 17 young (17408K), 1 survivors (1024K)
 Metaspace       used 53647K, committed 54272K, reserved 1114112K
  class space    used 7175K, committed 7488K, reserved 1048576K
}
Event: 5.118 GC heap after
{Heap after GC invocations=25 (full 0):
 garbage-first heap   total 136192K, used 69043K [0x0000000080000000, 0x0000000100000000)
  region size 1024K, 1 young (1024K), 1 survivors (1024K)
 Metaspace       used 53647K, committed 54272K, reserved 1114112K
  class space    used 7175K, committed 7488K, reserved 1048576K
}
Event: 5.558 GC heap before
{Heap before GC invocations=26 (full 0):
 garbage-first heap   total 136192K, used 103859K [0x0000000080000000, 0x0000000100000000)
  region size 1024K, 35 young (35840K), 1 survivors (1024K)
 Metaspace       used 58642K, committed 59200K, reserved 1114112K
  class space    used 8305K, committed 8576K, reserved 1048576K
}
Event: 5.561 GC heap after
{Heap after GC invocations=27 (full 0):
 garbage-first heap   total 136192K, used 70275K [0x0000000080000000, 0x0000000100000000)
  region size 1024K, 3 young (3072K), 3 survivors (3072K)
 Metaspace       used 58642K, committed 59200K, reserved 1114112K
  class space    used 8305K, committed 8576K, reserved 1048576K
}
Event: 5.588 GC heap before
{Heap before GC invocations=27 (full 0):
 garbage-first heap   total 136192K, used 73347K [0x0000000080000000, 0x0000000100000000)
  region size 1024K, 6 young (6144K), 3 survivors (3072K)
 Metaspace       used 58940K, committed 59520K, reserved 1114112K
  class space    used 8352K, committed 8640K, reserved 1048576K
}
Event: 5.591 GC heap after
{Heap after GC invocations=28 (full 0):
 garbage-first heap   total 136192K, used 70101K [0x0000000080000000, 0x0000000100000000)
  region size 1024K, 1 young (1024K), 1 survivors (1024K)
 Metaspace       used 58940K, committed 59520K, reserved 1114112K
  class space    used 8352K, committed 8640K, reserved 1048576K
}
Event: 5.887 GC heap before
{Heap before GC invocations=28 (full 0):
 garbage-first heap   total 136192K, used 104917K [0x0000000080000000, 0x0000000100000000)
  region size 1024K, 35 young (35840K), 1 survivors (1024K)
 Metaspace       used 63121K, committed 63680K, reserved 1114112K
  class space    used 8931K, committed 9216K, reserved 1048576K
}
Event: 5.889 GC heap after
{Heap after GC invocations=29 (full 0):
 garbage-first heap   total 136192K, used 70731K [0x0000000080000000, 0x0000000100000000)
  region size 1024K, 1 young (1024K), 1 survivors (1024K)
 Metaspace       used 63121K, committed 63680K, reserved 1114112K
  class space    used 8931K, committed 9216K, reserved 1048576K
}
Event: 6.256 GC heap before
{Heap before GC invocations=30 (full 0):
 garbage-first heap   total 136192K, used 107595K [0x0000000080000000, 0x0000000100000000)
  region size 1024K, 37 young (37888K), 1 survivors (1024K)
 Metaspace       used 68422K, committed 68992K, reserved 1114112K
  class space    used 9588K, committed 9856K, reserved 1048576K
}
Event: 6.259 GC heap after
{Heap after GC invocations=31 (full 0):
 garbage-first heap   total 136192K, used 71484K [0x0000000080000000, 0x0000000100000000)
  region size 1024K, 2 young (2048K), 2 survivors (2048K)
 Metaspace       used 68422K, committed 68992K, reserved 1114112K
  class space    used 9588K, committed 9856K, reserved 1048576K
}
Event: 6.465 GC heap before
{Heap before GC invocations=31 (full 0):
 garbage-first heap   total 136192K, used 91964K [0x0000000080000000, 0x0000000100000000)
  region size 1024K, 23 young (23552K), 2 survivors (2048K)
 Metaspace       used 71693K, committed 72320K, reserved 1114112K
  class space    used 10020K, committed 10304K, reserved 1048576K
}
Event: 6.468 GC heap after
{Heap after GC invocations=32 (full 0):
 garbage-first heap   total 136192K, used 71949K [0x0000000080000000, 0x0000000100000000)
  region size 1024K, 3 young (3072K), 3 survivors (3072K)
 Metaspace       used 71693K, committed 72320K, reserved 1114112K
  class space    used 10020K, committed 10304K, reserved 1048576K
}
Event: 6.677 GC heap before
{Heap before GC invocations=33 (full 0):
 garbage-first heap   total 137216K, used 118029K [0x0000000080000000, 0x0000000100000000)
  region size 1024K, 41 young (41984K), 3 survivors (3072K)
 Metaspace       used 72181K, committed 72832K, reserved 1114112K
  class space    used 10056K, committed 10368K, reserved 1048576K
}
Event: 6.686 GC heap after
{Heap after GC invocations=34 (full 0):
 garbage-first heap   total 137216K, used 81954K [0x0000000080000000, 0x0000000100000000)
  region size 1024K, 6 young (6144K), 6 survivors (6144K)
 Metaspace       used 72181K, committed 72832K, reserved 1114112K
  class space    used 10056K, committed 10368K, reserved 1048576K
}
Event: 6.967 GC heap before
{Heap before GC invocations=34 (full 0):
 garbage-first heap   total 137216K, used 109602K [0x0000000080000000, 0x0000000100000000)
  region size 1024K, 33 young (33792K), 6 survivors (6144K)
 Metaspace       used 75720K, committed 76288K, reserved 1179648K
  class space    used 10480K, committed 10752K, reserved 1048576K
}
Event: 6.973 GC heap after
{Heap after GC invocations=35 (full 0):
 garbage-first heap   total 137216K, used 84102K [0x0000000080000000, 0x0000000100000000)
  region size 1024K, 2 young (2048K), 2 survivors (2048K)
 Metaspace       used 75720K, committed 76288K, reserved 1179648K
  class space    used 10480K, committed 10752K, reserved 1048576K
}
Event: 7.309 GC heap before
{Heap before GC invocations=36 (full 0):
 garbage-first heap   total 148480K, used 118918K [0x0000000080000000, 0x0000000100000000)
  region size 1024K, 29 young (29696K), 2 survivors (2048K)
 Metaspace       used 78517K, committed 79104K, reserved 1179648K
  class space    used 10803K, committed 11072K, reserved 1048576K
}
Event: 7.312 GC heap after
{Heap after GC invocations=37 (full 0):
 garbage-first heap   total 148480K, used 92596K [0x0000000080000000, 0x0000000100000000)
  region size 1024K, 4 young (4096K), 4 survivors (4096K)
 Metaspace       used 78517K, committed 79104K, reserved 1179648K
  class space    used 10803K, committed 11072K, reserved 1048576K
}
Event: 7.585 GC heap before
{Heap before GC invocations=37 (full 0):
 garbage-first heap   total 148480K, used 122292K [0x0000000080000000, 0x0000000100000000)
  region size 1024K, 33 young (33792K), 4 survivors (4096K)
 Metaspace       used 82240K, committed 82816K, reserved 1179648K
  class space    used 11115K, committed 11392K, reserved 1048576K
}
Event: 7.589 GC heap after
{Heap after GC invocations=38 (full 0):
 garbage-first heap   total 148480K, used 94863K [0x0000000080000000, 0x0000000100000000)
  region size 1024K, 4 young (4096K), 4 survivors (4096K)
 Metaspace       used 82240K, committed 82816K, reserved 1179648K
  class space    used 11115K, committed 11392K, reserved 1048576K
}

Dll operation events (3 events):
Event: 0.019 Loaded shared library C:\Users\mka23\AppData\Local\Programs\Android Studio\jbr\bin\java.dll
Event: 0.325 Loaded shared library C:\Users\mka23\AppData\Local\Programs\Android Studio\jbr\bin\zip.dll
Event: 0.630 Loaded shared library C:\Users\mka23\AppData\Local\Programs\Android Studio\jbr\bin\verify.dll

Deoptimization events (20 events):
Event: 7.852 Thread 0x00000186aa1eaa90 Uncommon trap: trap_request=0xffffffc6 fr.pc=0x00000186955bbf3c relative=0x00000000000005dc
Event: 7.852 Thread 0x00000186aa1eaa90 Uncommon trap: reason=bimorphic_or_optimized_type_check action=maybe_recompile pc=0x00000186955bbf3c method=org.jetbrains.kotlin.protobuf.CodedInputStream.tryRefillBuffer(I)Z @ 177 c2
Event: 7.852 Thread 0x00000186aa1eaa90 DEOPT PACKING pc=0x00000186955bbf3c sp=0x00000045fbaf4960
Event: 7.852 Thread 0x00000186aa1eaa90 DEOPT UNPACKING pc=0x0000018694d869a3 sp=0x00000045fbaf4848 mode 2
Event: 7.853 Thread 0x00000186aa1eaa90 Uncommon trap: trap_request=0xffffffc6 fr.pc=0x00000186955bbf3c relative=0x00000000000005dc
Event: 7.853 Thread 0x00000186aa1eaa90 Uncommon trap: reason=bimorphic_or_optimized_type_check action=maybe_recompile pc=0x00000186955bbf3c method=org.jetbrains.kotlin.protobuf.CodedInputStream.tryRefillBuffer(I)Z @ 177 c2
Event: 7.853 Thread 0x00000186aa1eaa90 DEOPT PACKING pc=0x00000186955bbf3c sp=0x00000045fbaf4960
Event: 7.853 Thread 0x00000186aa1eaa90 DEOPT UNPACKING pc=0x0000018694d869a3 sp=0x00000045fbaf4848 mode 2
Event: 7.854 Thread 0x00000186aa1eaa90 Uncommon trap: trap_request=0xffffffc6 fr.pc=0x00000186955bbf3c relative=0x00000000000005dc
Event: 7.854 Thread 0x00000186aa1eaa90 Uncommon trap: reason=bimorphic_or_optimized_type_check action=maybe_recompile pc=0x00000186955bbf3c method=org.jetbrains.kotlin.protobuf.CodedInputStream.tryRefillBuffer(I)Z @ 177 c2
Event: 7.854 Thread 0x00000186aa1eaa90 DEOPT PACKING pc=0x00000186955bbf3c sp=0x00000045fbaf4a60
Event: 7.854 Thread 0x00000186aa1eaa90 DEOPT UNPACKING pc=0x0000018694d869a3 sp=0x00000045fbaf4948 mode 2
Event: 7.855 Thread 0x00000186aa1eaa90 Uncommon trap: trap_request=0xffffffc6 fr.pc=0x00000186955bbf3c relative=0x00000000000005dc
Event: 7.855 Thread 0x00000186aa1eaa90 Uncommon trap: reason=bimorphic_or_optimized_type_check action=maybe_recompile pc=0x00000186955bbf3c method=org.jetbrains.kotlin.protobuf.CodedInputStream.tryRefillBuffer(I)Z @ 177 c2
Event: 7.855 Thread 0x00000186aa1eaa90 DEOPT PACKING pc=0x00000186955bbf3c sp=0x00000045fbaf4a60
Event: 7.855 Thread 0x00000186aa1eaa90 DEOPT UNPACKING pc=0x0000018694d869a3 sp=0x00000045fbaf4948 mode 2
Event: 7.860 Thread 0x00000186aa1eaa90 Uncommon trap: trap_request=0xffffffc6 fr.pc=0x00000186955bd37c relative=0x000000000000031c
Event: 7.860 Thread 0x00000186aa1eaa90 Uncommon trap: reason=bimorphic_or_optimized_type_check action=maybe_recompile pc=0x00000186955bd37c method=org.jetbrains.kotlin.protobuf.CodedInputStream.tryRefillBuffer(I)Z @ 177 c2
Event: 7.860 Thread 0x00000186aa1eaa90 DEOPT PACKING pc=0x00000186955bd37c sp=0x00000045fbaf4330
Event: 7.860 Thread 0x00000186aa1eaa90 DEOPT UNPACKING pc=0x0000018694d869a3 sp=0x00000045fbaf4268 mode 2

Classes unloaded (0 events):
No events

Classes redefined (0 events):
No events

Internal exceptions (20 events):
Event: 5.196 Thread 0x00000186aa1eaa90 Exception <a 'java/lang/IncompatibleClassChangeError'{0x0000000087d699f8}: Found class java.lang.Object, but interface was expected> (0x0000000087d699f8) 
thrown [s\src\hotspot\share\interpreter\linkResolver.cpp, line 838]
Event: 5.199 Thread 0x00000186aa1eaa90 Exception <a 'java/lang/NoSuchMethodError'{0x0000000087dbd688}: 'void java.lang.invoke.DirectMethodHandle$Holder.invokeStatic(java.lang.Object, java.lang.Object, java.lang.Object, java.lang.Object, java.lang.Object, java.lang.Object)'> (0x0000000087dbd688) 
thrown [s\src\hotspot\share\interpreter\linkResolver.cpp, line 771]
Event: 5.232 Thread 0x00000186aa1eaa90 Exception <a 'java/lang/NoSuchMethodError'{0x0000000087a23e38}: 'java.lang.Object java.lang.invoke.DirectMethodHandle$Holder.invokeStaticInit(java.lang.Object, int)'> (0x0000000087a23e38) 
thrown [s\src\hotspot\share\interpreter\linkResolver.cpp, line 771]
Event: 5.644 Thread 0x00000186aa1eaa90 Implicit null exception at 0x000001869530cc72 to 0x000001869530d28c
Event: 5.712 Thread 0x00000186aa1eaa90 Implicit null exception at 0x00000186953417d2 to 0x0000018695341dd0
Event: 5.840 Thread 0x00000186aa1eaa90 Exception <a 'sun/nio/fs/WindowsException'{0x00000000867d5b98}> (0x00000000867d5b98) 
thrown [s\src\hotspot\share\prims\jni.cpp, line 531]
Event: 5.840 Thread 0x00000186aa1eaa90 Exception <a 'sun/nio/fs/WindowsException'{0x00000000867d7998}> (0x00000000867d7998) 
thrown [s\src\hotspot\share\prims\jni.cpp, line 531]
Event: 5.947 Thread 0x00000186aa1eaa90 Exception <a 'java/lang/NoSuchMethodError'{0x0000000087f5ee70}: 'long java.lang.invoke.DirectMethodHandle$Holder.invokeStatic(java.lang.Object)'> (0x0000000087f5ee70) 
thrown [s\src\hotspot\share\interpreter\linkResolver.cpp, line 771]
Event: 5.947 Thread 0x00000186aa1eaa90 Exception <a 'java/lang/NoSuchMethodError'{0x0000000087f63a58}: 'long java.lang.invoke.DirectMethodHandle$Holder.invokeStaticInit(java.lang.Object)'> (0x0000000087f63a58) 
thrown [s\src\hotspot\share\interpreter\linkResolver.cpp, line 771]
Event: 5.992 Thread 0x00000186aa1eaa90 Exception <a 'java/lang/NoSuchMethodError'{0x0000000087aa67c8}: 'long java.lang.invoke.Invokers$Holder.invoke_MT(java.lang.Object, java.lang.Object, java.lang.Object, java.lang.Object)'> (0x0000000087aa67c8) 
thrown [s\src\hotspot\share\interpreter\linkResolver.cpp, line 771]
Event: 5.993 Thread 0x00000186aa1eaa90 Exception <a 'java/lang/NoSuchMethodError'{0x0000000087aafb70}: 'int java.lang.invoke.Invokers$Holder.invoke_MT(java.lang.Object, java.lang.Object, java.lang.Object, java.lang.Object)'> (0x0000000087aafb70) 
thrown [s\src\hotspot\share\interpreter\linkResolver.cpp, line 771]
Event: 5.994 Thread 0x00000186aa1eaa90 Exception <a 'java/lang/NoSuchMethodError'{0x0000000087ac0428}: 'void java.lang.invoke.DelegatingMethodHandle$Holder.reinvoke_L(java.lang.Object, java.lang.Object, java.lang.Object, long, java.lang.Object)'> (0x0000000087ac0428) 
thrown [s\src\hotspot\share\interpreter\linkResolver.cpp, line 771]
Event: 5.994 Thread 0x00000186aa1eaa90 Exception <a 'java/lang/NoSuchMethodError'{0x0000000087ac8d58}: 'java.lang.Object java.lang.invoke.DirectMethodHandle$Holder.invokeSpecial(java.lang.Object, java.lang.Object, java.lang.Object, java.lang.Object, long)'> (0x0000000087ac8d58) 
thrown [s\src\hotspot\share\interpreter\linkResolver.cpp, line 771]
Event: 5.994 Thread 0x00000186aa1eaa90 Exception <a 'java/lang/NoSuchMethodError'{0x0000000087ad97d0}: 'int java.lang.invoke.DelegatingMethodHandle$Holder.reinvoke_L(java.lang.Object, java.lang.Object, java.lang.Object, long, java.lang.Object, java.lang.Object)'> (0x0000000087ad97d0) 
thrown [s\src\hotspot\share\interpreter\linkResolver.cpp, line 771]
Event: 5.995 Thread 0x00000186aa1eaa90 Exception <a 'java/lang/NoSuchMethodError'{0x0000000087ae98a0}: 'int java.lang.invoke.DelegatingMethodHandle$Holder.reinvoke_L(java.lang.Object, java.lang.Object, java.lang.Object, long, int, int)'> (0x0000000087ae98a0) 
thrown [s\src\hotspot\share\interpreter\linkResolver.cpp, line 771]
Event: 5.995 Thread 0x00000186aa1eaa90 Exception <a 'java/lang/NoSuchMethodError'{0x0000000087af9718}: 'int java.lang.invoke.DelegatingMethodHandle$Holder.reinvoke_L(java.lang.Object, java.lang.Object, java.lang.Object, long, long, long)'> (0x0000000087af9718) 
thrown [s\src\hotspot\share\interpreter\linkResolver.cpp, line 771]
Event: 5.996 Thread 0x00000186aa1eaa90 Exception <a 'java/lang/NoSuchMethodError'{0x0000000087909710}: 'int java.lang.invoke.DelegatingMethodHandle$Holder.reinvoke_L(java.lang.Object, java.lang.Object, java.lang.Object, long, int)'> (0x0000000087909710) 
thrown [s\src\hotspot\share\interpreter\linkResolver.cpp, line 771]
Event: 6.285 Thread 0x00000186aa1eaa90 Exception <a 'java/lang/NoSuchMethodError'{0x0000000088216b40}: 'void java.lang.invoke.DirectMethodHandle$Holder.invokeVirtual(java.lang.Object, java.lang.Object)'> (0x0000000088216b40) 
thrown [s\src\hotspot\share\interpreter\linkResolver.cpp, line 771]
Event: 6.430 Thread 0x00000186aa1eaa90 Exception <a 'java/lang/NoSuchMethodError'{0x0000000087456ed0}: 'java.lang.Object java.lang.invoke.Invokers$Holder.invokeExact_MT(java.lang.Object, java.lang.Object, long, java.lang.Object)'> (0x0000000087456ed0) 
thrown [s\src\hotspot\share\interpreter\linkResolver.cpp, line 771]
Event: 6.452 Thread 0x00000186aa1eaa90 Exception <a 'java/lang/NoSuchMethodError'{0x00000000872cd8b0}: 'java.lang.Object java.lang.invoke.Invokers$Holder.invoke_MT(java.lang.Object, java.lang.Object, java.lang.Object)'> (0x00000000872cd8b0) 
thrown [s\src\hotspot\share\interpreter\linkResolver.cpp, line 771]

VM Operations (20 events):
Event: 7.309 Executing VM operation: G1CollectForAllocation
Event: 7.312 Executing VM operation: G1CollectForAllocation done
Event: 7.584 Executing VM operation: G1CollectForAllocation
Event: 7.589 Executing VM operation: G1CollectForAllocation done
Event: 7.629 Executing VM operation: G1PauseRemark
Event: 7.631 Executing VM operation: G1PauseRemark done
Event: 7.648 Executing VM operation: G1PauseCleanup
Event: 7.648 Executing VM operation: G1PauseCleanup done
Event: 7.708 Executing VM operation: HandshakeAllThreads
Event: 7.709 Executing VM operation: HandshakeAllThreads done
Event: 7.756 Executing VM operation: HandshakeAllThreads
Event: 7.756 Executing VM operation: HandshakeAllThreads done
Event: 7.757 Executing VM operation: HandshakeAllThreads
Event: 7.757 Executing VM operation: HandshakeAllThreads done
Event: 7.772 Executing VM operation: HandshakeAllThreads
Event: 7.772 Executing VM operation: HandshakeAllThreads done
Event: 7.791 Executing VM operation: HandshakeAllThreads
Event: 7.791 Executing VM operation: HandshakeAllThreads done
Event: 7.849 Executing VM operation: HandshakeAllThreads
Event: 7.850 Executing VM operation: HandshakeAllThreads done

Events (20 events):
Event: 7.777 Thread 0x00000186a4338c20 flushing nmethod 0x000001868e214710
Event: 7.777 Thread 0x00000186a4338c20 flushing nmethod 0x000001868e214a10
Event: 7.777 Thread 0x00000186a4338c20 flushing nmethod 0x000001868e214e10
Event: 7.777 Thread 0x00000186a4338c20 flushing nmethod 0x000001868e215590
Event: 7.777 Thread 0x00000186a4338c20 flushing nmethod 0x000001868e215890
Event: 7.777 Thread 0x00000186a4338c20 flushing nmethod 0x000001868e216110
Event: 7.777 Thread 0x00000186a4338c20 flushing nmethod 0x000001868e219190
Event: 7.777 Thread 0x00000186a4338c20 flushing nmethod 0x000001868e219590
Event: 7.777 Thread 0x00000186a4338c20 flushing nmethod 0x000001868e21a510
Event: 7.777 Thread 0x00000186a4338c20 flushing nmethod 0x000001868e21aa10
Event: 7.777 Thread 0x00000186a4338c20 flushing nmethod 0x000001868e21b890
Event: 7.777 Thread 0x00000186a4338c20 flushing nmethod 0x000001868e21c110
Event: 7.777 Thread 0x00000186a4338c20 flushing nmethod 0x000001868e220790
Event: 7.777 Thread 0x00000186a4338c20 flushing nmethod 0x000001868e220b10
Event: 7.777 Thread 0x00000186a4338c20 flushing nmethod 0x000001868e227c90
Event: 7.777 Thread 0x00000186a4338c20 flushing nmethod 0x000001868e256810
Event: 7.894 loading class java/text/StringCharacterIterator
Event: 7.894 loading class java/text/CharacterIterator
Event: 7.897 loading class java/text/CharacterIterator done
Event: 7.897 loading class java/text/StringCharacterIterator done


Dynamic libraries:
0x00007ff795fa0000 - 0x00007ff795faa000 	C:\Users\mka23\AppData\Local\Programs\Android Studio\jbr\bin\java.exe
0x00007ffc74c90000 - 0x00007ffc74e88000 	C:\Windows\SYSTEM32\ntdll.dll
0x00007ffc74400000 - 0x00007ffc744c1000 	C:\Windows\System32\KERNEL32.DLL
0x00007ffc72500000 - 0x00007ffc727fd000 	C:\Windows\System32\KERNELBASE.dll
0x00007ffc72a80000 - 0x00007ffc72b80000 	C:\Windows\System32\ucrtbase.dll
0x00007ffc4cdd0000 - 0x00007ffc4cde7000 	C:\Users\mka23\AppData\Local\Programs\Android Studio\jbr\bin\jli.dll
0x00007ffc74a90000 - 0x00007ffc74c2d000 	C:\Windows\System32\USER32.dll
0x00007ffc72c40000 - 0x00007ffc72c62000 	C:\Windows\System32\win32u.dll
0x00007ffc73f40000 - 0x00007ffc73f6b000 	C:\Windows\System32\GDI32.dll
0x00007ffc72800000 - 0x00007ffc72917000 	C:\Windows\System32\gdi32full.dll
0x00007ffc723f0000 - 0x00007ffc7248d000 	C:\Windows\System32\msvcp_win.dll
0x00007ffc5a0f0000 - 0x00007ffc5a38a000 	C:\Windows\WinSxS\amd64_microsoft.windows.common-controls_6595b64144ccf1df_6.0.19041.4355_none_60b8b9eb71f62e16\COMCTL32.dll
0x00007ffc73ea0000 - 0x00007ffc73f3e000 	C:\Windows\System32\msvcrt.dll
0x00007ffc46a60000 - 0x00007ffc46a7b000 	C:\Users\mka23\AppData\Local\Programs\Android Studio\jbr\bin\VCRUNTIME140.dll
0x00007ffc74a00000 - 0x00007ffc74a2f000 	C:\Windows\System32\IMM32.DLL
0x00007ffc4aa40000 - 0x00007ffc4aa4c000 	C:\Users\mka23\AppData\Local\Programs\Android Studio\jbr\bin\vcruntime140_1.dll
0x00007ffc2b5e0000 - 0x00007ffc2b66d000 	C:\Users\mka23\AppData\Local\Programs\Android Studio\jbr\bin\msvcp140.dll
0x00007ffc17470000 - 0x00007ffc180f3000 	C:\Users\mka23\AppData\Local\Programs\Android Studio\jbr\bin\server\jvm.dll
0x00007ffc74210000 - 0x00007ffc742c0000 	C:\Windows\System32\ADVAPI32.dll
0x00007ffc73620000 - 0x00007ffc736c0000 	C:\Windows\System32\sechost.dll
0x00007ffc740e0000 - 0x00007ffc74203000 	C:\Windows\System32\RPCRT4.dll
0x00007ffc72c10000 - 0x00007ffc72c37000 	C:\Windows\System32\bcrypt.dll
0x00007ffc718c0000 - 0x00007ffc7190b000 	C:\Windows\SYSTEM32\POWRPROF.dll
0x00007ffc63b20000 - 0x00007ffc63b47000 	C:\Windows\SYSTEM32\WINMM.dll
0x00007ffc6d790000 - 0x00007ffc6d79a000 	C:\Windows\SYSTEM32\VERSION.dll
0x00007ffc5ae20000 - 0x00007ffc5ae29000 	C:\Windows\SYSTEM32\WSOCK32.dll
0x00007ffc742d0000 - 0x00007ffc7433b000 	C:\Windows\System32\WS2_32.dll
0x00007ffc71730000 - 0x00007ffc71742000 	C:\Windows\SYSTEM32\UMPDC.dll
0x00007ffc701c0000 - 0x00007ffc701d2000 	C:\Windows\SYSTEM32\kernel.appcore.dll
0x00007ffc6e7b0000 - 0x00007ffc6e7ba000 	C:\Users\mka23\AppData\Local\Programs\Android Studio\jbr\bin\jimage.dll
0x00007ffc62a90000 - 0x00007ffc62c74000 	C:\Windows\SYSTEM32\DBGHELP.DLL
0x00007ffc49750000 - 0x00007ffc49784000 	C:\Windows\SYSTEM32\dbgcore.DLL
0x00007ffc72b80000 - 0x00007ffc72c02000 	C:\Windows\System32\bcryptPrimitives.dll
0x00007ffc579f0000 - 0x00007ffc579fe000 	C:\Users\mka23\AppData\Local\Programs\Android Studio\jbr\bin\instrument.dll
0x00007ffc6da40000 - 0x00007ffc6da65000 	C:\Users\mka23\AppData\Local\Programs\Android Studio\jbr\bin\java.dll
0x00007ffc58440000 - 0x00007ffc58458000 	C:\Users\mka23\AppData\Local\Programs\Android Studio\jbr\bin\zip.dll
0x00007ffc73730000 - 0x00007ffc73e9f000 	C:\Windows\System32\SHELL32.dll
0x00007ffc703c0000 - 0x00007ffc70b5f000 	C:\Windows\SYSTEM32\windows.storage.dll
0x00007ffc72e60000 - 0x00007ffc731b3000 	C:\Windows\System32\combase.dll
0x00007ffc71d60000 - 0x00007ffc71d8e000 	C:\Windows\SYSTEM32\Wldp.dll
0x00007ffc73420000 - 0x00007ffc734ed000 	C:\Windows\System32\OLEAUT32.dll
0x00007ffc731c0000 - 0x00007ffc7326d000 	C:\Windows\System32\SHCORE.dll
0x00007ffc74340000 - 0x00007ffc74395000 	C:\Windows\System32\shlwapi.dll
0x00007ffc72270000 - 0x00007ffc72294000 	C:\Windows\SYSTEM32\profapi.dll
0x00007ffc58420000 - 0x00007ffc58439000 	C:\Users\mka23\AppData\Local\Programs\Android Studio\jbr\bin\net.dll
0x00007ffc6bc20000 - 0x00007ffc6bd2d000 	C:\Windows\SYSTEM32\WINHTTP.dll
0x00007ffc71ac0000 - 0x00007ffc71b2a000 	C:\Windows\system32\mswsock.dll
0x00007ffc57f00000 - 0x00007ffc57f16000 	C:\Users\mka23\AppData\Local\Programs\Android Studio\jbr\bin\nio.dll
0x00007ffc57b30000 - 0x00007ffc57b40000 	C:\Users\mka23\AppData\Local\Programs\Android Studio\jbr\bin\verify.dll
0x00007ffc472f0000 - 0x00007ffc47317000 	C:\Users\mka23\.gradle\native\c067742578af261105cb4f569cf0c3c89f3d7b1fecec35dd04571415982c5e48\windows-amd64\native-platform.dll
0x00007ffc24000000 - 0x00007ffc24144000 	C:\Users\mka23\.gradle\native\38dada09dfb8b06ba9b0570ebf7e218e3eb74d4ef43ca46872605cf95ebc2f47\windows-amd64\native-platform-file-events.dll
0x00007ffc58300000 - 0x00007ffc58309000 	C:\Users\mka23\AppData\Local\Programs\Android Studio\jbr\bin\management.dll
0x00007ffc57b40000 - 0x00007ffc57b4b000 	C:\Users\mka23\AppData\Local\Programs\Android Studio\jbr\bin\management_ext.dll
0x00007ffc74940000 - 0x00007ffc74948000 	C:\Windows\System32\PSAPI.DLL
0x00007ffc71cb0000 - 0x00007ffc71cc8000 	C:\Windows\SYSTEM32\CRYPTSP.dll
0x00007ffc71370000 - 0x00007ffc713a4000 	C:\Windows\system32\rsaenh.dll
0x00007ffc721e0000 - 0x00007ffc7220e000 	C:\Windows\SYSTEM32\USERENV.dll
0x00007ffc71cd0000 - 0x00007ffc71cdc000 	C:\Windows\SYSTEM32\CRYPTBASE.dll
0x00007ffc71750000 - 0x00007ffc7178b000 	C:\Windows\SYSTEM32\IPHLPAPI.DLL
0x00007ffc736c0000 - 0x00007ffc736c8000 	C:\Windows\System32\NSI.dll
0x00007ffc6e120000 - 0x00007ffc6e137000 	C:\Windows\SYSTEM32\dhcpcsvc6.DLL
0x00007ffc6f2e0000 - 0x00007ffc6f2fd000 	C:\Windows\SYSTEM32\dhcpcsvc.DLL
0x00007ffc71790000 - 0x00007ffc7185a000 	C:\Windows\SYSTEM32\DNSAPI.dll
0x00007ffc6a6e0000 - 0x00007ffc6a6e9000 	C:\Users\mka23\AppData\Local\Programs\Android Studio\jbr\bin\extnet.dll
0x00007ffc6da30000 - 0x00007ffc6da37000 	C:\Windows\system32\wshunix.dll

dbghelp: loaded successfully - version: 4.0.5 - missing functions: none
symbol engine: initialized successfully - sym options: 0x614 - pdb path: .;C:\Users\mka23\AppData\Local\Programs\Android Studio\jbr\bin;C:\Windows\SYSTEM32;C:\Windows\WinSxS\amd64_microsoft.windows.common-controls_6595b64144ccf1df_6.0.19041.4355_none_60b8b9eb71f62e16;C:\Users\mka23\AppData\Local\Programs\Android Studio\jbr\bin\server;C:\Users\mka23\.gradle\native\c067742578af261105cb4f569cf0c3c89f3d7b1fecec35dd04571415982c5e48\windows-amd64;C:\Users\mka23\.gradle\native\38dada09dfb8b06ba9b0570ebf7e218e3eb74d4ef43ca46872605cf95ebc2f47\windows-amd64

VM Arguments:
jvm_args: --add-opens=java.base/java.util=ALL-UNNAMED --add-opens=java.base/java.lang=ALL-UNNAMED --add-opens=java.base/java.lang.invoke=ALL-UNNAMED --add-opens=java.prefs/java.util.prefs=ALL-UNNAMED --add-opens=java.base/java.nio.charset=ALL-UNNAMED --add-opens=java.base/java.net=ALL-UNNAMED --add-opens=java.base/java.util.concurrent.atomic=ALL-UNNAMED -Xmx2048m -Dfile.encoding=UTF-8 -Duser.country=RU -Duser.language=ru -Duser.variant -javaagent:C:\Users\mka23\.gradle\wrapper\dists\gradle-8.7-bin\bhs2wmbdwecv87pi65oeuq5iu\gradle-8.7\lib\agents\gradle-instrumentation-agent-8.7.jar 
java_command: org.gradle.launcher.daemon.bootstrap.GradleDaemon 8.7
java_class_path (initial): C:\Users\mka23\.gradle\wrapper\dists\gradle-8.7-bin\bhs2wmbdwecv87pi65oeuq5iu\gradle-8.7\lib\gradle-launcher-8.7.jar
Launcher Type: SUN_STANDARD

[Global flags]
     intx CICompilerCount                          = 4                                         {product} {ergonomic}
     uint ConcGCThreads                            = 2                                         {product} {ergonomic}
     uint G1ConcRefinementThreads                  = 8                                         {product} {ergonomic}
   size_t G1HeapRegionSize                         = 1048576                                   {product} {ergonomic}
    uintx GCDrainStackTargetSize                   = 64                                        {product} {ergonomic}
   size_t InitialHeapSize                          = 132120576                                 {product} {ergonomic}
   size_t MarkStackSize                            = 4194304                                   {product} {ergonomic}
   size_t MaxHeapSize                              = 2147483648                                {product} {command line}
   size_t MaxNewSize                               = 1287651328                                {product} {ergonomic}
   size_t MinHeapDeltaBytes                        = 1048576                                   {product} {ergonomic}
   size_t MinHeapSize                              = 8388608                                   {product} {ergonomic}
    uintx NonNMethodCodeHeapSize                   = 5839372                                {pd product} {ergonomic}
    uintx NonProfiledCodeHeapSize                  = 122909434                              {pd product} {ergonomic}
    uintx ProfiledCodeHeapSize                     = 122909434                              {pd product} {ergonomic}
    uintx ReservedCodeCacheSize                    = 251658240                              {pd product} {ergonomic}
     bool SegmentedCodeCache                       = true                                      {product} {ergonomic}
   size_t SoftMaxHeapSize                          = 2147483648                             {manageable} {ergonomic}
     bool UseCompressedClassPointers               = true                           {product lp64_product} {ergonomic}
     bool UseCompressedOops                        = true                           {product lp64_product} {ergonomic}
     bool UseG1GC                                  = true                                      {product} {ergonomic}
     bool UseLargePagesIndividualAllocation        = false                                  {pd product} {ergonomic}

Logging:
Log output configuration:
 #0: stdout all=warning uptime,level,tags
 #1: stderr all=off uptime,level,tags

Environment Variables:
PATH=C:\Program Files (x86)\Intel\Intel(R) Management Engine Components\iCLS\;C:\Program Files\Intel\Intel(R) Management Engine Components\iCLS\;C:\Windows\system32;C:\Windows;C:\Windows\System32\Wbem;C:\Windows\System32\WindowsPowerShell\v1.0\;C:\Windows\System32\OpenSSH\;C:\Program Files\NVIDIA Corporation\NVIDIA NvDLISR;C:\Program Files (x86)\Intel\Intel(R) Management Engine Components\DAL;C:\Program Files\Intel\Intel(R) Management Engine Components\DAL;C:\Program Files (x86)\Intel\Intel(R) Management Engine Components\IPT;C:\Program Files\Intel\Intel(R) Management Engine Components\IPT;C:\Program Files\Intel\WiFi\bin\;C:\Program Files\Common Files\Intel\WirelessCommon\;C:\Program Files (x86)\NVIDIA Corporation\PhysX\Common;C:\Program Files\Microsoft SQL Server\130\Tools\Binn\;C:\Users\mka23\Desktop\gitt\Git\cmd;C:\Users\mka23\AppData\Local\Microsoft\WindowsApps;C:\Users\mka23\.dotnet\tools;%IntelliJ IDEA%;C:\Users\mka23\AppData\Local\JetBrains\Toolbox\scripts
USERNAME=mka23
OS=Windows_NT
PROCESSOR_IDENTIFIER=Intel64 Family 6 Model 158 Stepping 13, GenuineIntel
TMP=C:\Users\mka23\AppData\Local\Temp
TEMP=C:\Users\mka23\AppData\Local\Temp



Periodic native trim disabled

JNI global refs:
JNI global refs: 26, weak refs: 4

JNI global refs memory usage: 843, weak refs: 841

Process memory usage:
Resident Set Size: 382804K (4% of 8226880K total physical memory with 248052K free physical memory)

OOME stack traces (most recent first):
Classloader memory used:
Loader org.gradle.internal.classloader.VisitableURLClassLoader                         : 7172K
Loader bootstrap                                                                       : 2471K
Loader org.gradle.initialization.MixInLegacyTypesClassLoader                           : 770K
Loader org.gradle.internal.classloader.VisitableURLClassLoader                         : 86720B
Loader org.gradle.internal.classloader.VisitableURLClassLoader$InstrumentingVisitableURLClassLoader: 75334B
Loader jdk.internal.loader.ClassLoaders$PlatformClassLoader                            : 66941B
Loader jdk.internal.jrtfs.JrtFileSystemProvider$JrtFsLoader                            : 37656B
Loader jdk.internal.loader.ClassLoaders$AppClassLoader                                 : 28721B
Loader jdk.internal.reflect.DelegatingClassLoader                                      : 27252B
Loader org.gradle.groovy.scripts.internal.DefaultScriptCompilationHandler$ScriptClassLoader: 10678B
Loader org.codehaus.groovy.runtime.callsite.CallSiteClassLoader                        : 6077B

Classes loaded by more than one classloader:
Class org.gradle.api.GradleException                                                  : loaded 3 times (x 80B)
Class org.gradle.util.GradleVersion                                                   : loaded 2 times (x 81B)
Class kotlin.collections.AbstractList                                                 : loaded 2 times (x 157B)
Class kotlin.collections.AbstractCollection                                           : loaded 2 times (x 115B)
Class org.jetbrains.plugins.gradle.model.MavenRepositoryModel                         : loaded 2 times (x 68B)
Class org.gradle.internal.classpath.ClassPath                                         : loaded 2 times (x 68B)
Class org.gradle.api.internal.classpath.DefaultModuleRegistry                         : loaded 2 times (x 84B)
Class org.gradle.internal.exceptions.NonGradleCauseExceptionsHolder                   : loaded 2 times (x 68B)
Class jdk.internal.jimage.BasicImageReader$1                                          : loaded 2 times (x 75B)
Class kotlin.enums.EnumEntries                                                        : loaded 2 times (x 68B)
Class org.gradle.api.Action                                                           : loaded 2 times (x 68B)
Class kotlin.enums.EnumEntriesKt                                                      : loaded 2 times (x 69B)
Class jdk.internal.jimage.ImageBufferCache$1                                          : loaded 2 times (x 78B)
Class jdk.internal.jimage.ImageBufferCache$2                                          : loaded 2 times (x 89B)
Class org.gradle.api.internal.DefaultClassPathProvider                                : loaded 2 times (x 74B)
Class org.gradle.internal.installation.GradleInstallation$1                           : loaded 2 times (x 73B)
Class jdk.internal.jrtfs.SystemImage$1                                                : loaded 2 times (x 76B)
Class jdk.internal.jrtfs.SystemImage$2                                                : loaded 2 times (x 74B)
Class org.gradle.internal.exceptions.DefaultMultiCauseException                       : loaded 2 times (x 93B)
Class org.gradle.internal.time.MonotonicClock                                         : loaded 2 times (x 75B)
Class org.gradle.internal.classloader.FilteringClassLoader                            : loaded 2 times (x 103B)
Class jdk.internal.jimage.ImageReader$Resource                                        : loaded 2 times (x 82B)
Class jdk.internal.jrtfs.SystemImage                                                  : loaded 2 times (x 72B)
Class sync_studio_tooling164_4kim2lmk8rypttrq5010met61                                : loaded 2 times (x 177B)
Class org.gradle.internal.classpath.DefaultClassPath$ImmutableUniqueList$Builder      : loaded 2 times (x 73B)
Class kotlin.UninitializedPropertyAccessException                                     : loaded 2 times (x 80B)
Class sync_studio_tooling164_4kim2lmk8rypttrq5010met61$_run_closure1                  : loaded 2 times (x 137B)
Class jdk.internal.jrtfs.JrtDirectoryStream$1                                         : loaded 2 times (x 81B)
Class org.gradle.internal.classloader.ClassLoaderVisitor                              : loaded 2 times (x 74B)
Class org.gradle.internal.time.DefaultCountdownTimer                                  : loaded 2 times (x 86B)
Class org.gradle.internal.service.DefaultServiceLocator                               : loaded 2 times (x 81B)
Class org.gradle.internal.service.UnknownServiceException                             : loaded 2 times (x 81B)
Class org.gradle.internal.classloader.DefaultClassLoaderFactory                       : loaded 2 times (x 80B)
Class jdk.internal.jimage.ImageReader$SharedImageReader                               : loaded 2 times (x 93B)
Class jdk.internal.jimage.decompressor.ZipDecompressorFactory                         : loaded 2 times (x 72B)
Class org.gradle.internal.classloader.VisitableURLClassLoader$Spec                    : loaded 2 times (x 72B)
Class org.gradle.tooling.model.ProjectModel                                           : loaded 2 times (x 68B)
Class org.gradle.internal.installation.GradleInstallation                             : loaded 2 times (x 73B)
Class org.gradle.api.internal.classpath.ModuleRegistry                                : loaded 2 times (x 68B)
Class org.jetbrains.plugins.gradle.model.RepositoriesModel                            : loaded 2 times (x 68B)
Class kotlin.jvm.internal.markers.KMappedMarker                                       : loaded 2 times (x 68B)
Class org.gradle.api.internal.ClassPathProvider                                       : loaded 2 times (x 68B)
Class org.gradle.internal.classloader.ClasspathUtil$1                                 : loaded 2 times (x 74B)
Class org.gradle.internal.classloader.ClassLoaderFactory                              : loaded 2 times (x 68B)
Class jdk.internal.jimage.ImageHeader                                                 : loaded 2 times (x 69B)
Class org.gradle.api.internal.classpath.ManifestUtil                                  : loaded 2 times (x 69B)
Class org.gradle.api.specs.Spec                                                       : loaded 2 times (x 68B)
Class kotlin.jvm.internal.Intrinsics                                                  : loaded 2 times (x 69B)
Class org.gradle.internal.IoActions                                                   : loaded 2 times (x 69B)
Class jdk.internal.jimage.decompressor.StringSharingDecompressorFactory               : loaded 2 times (x 72B)
Class org.gradle.api.internal.classpath.EffectiveClassPath                            : loaded 2 times (x 88B)
Class kotlin.jvm.internal.DefaultConstructorMarker                                    : loaded 2 times (x 69B)
Class org.gradle.internal.exceptions.ResolutionProvider                               : loaded 2 times (x 68B)
Class org.gradle.internal.installation.CurrentGradleInstallation                      : loaded 2 times (x 71B)
Class org.gradle.internal.agents.InstrumentingClassLoader                             : loaded 2 times (x 68B)
Class org.gradle.internal.installation.CurrentGradleInstallationLocator               : loaded 2 times (x 69B)
Class org.gradle.api.internal.classpath.Module                                        : loaded 2 times (x 68B)
Class org.gradle.internal.service.CachingServiceLocator                               : loaded 2 times (x 80B)
Class org.gradle.internal.time.Timer                                                  : loaded 2 times (x 68B)
Class org.gradle.internal.classpath.DefaultClassPath                                  : loaded 2 times (x 88B)
Class jdk.internal.jimage.BasicImageReader                                            : loaded 2 times (x 93B)
Class kotlin.enums.EnumEntriesList                                                    : loaded 2 times (x 183B)
Class jdk.internal.jimage.ImageLocation                                               : loaded 2 times (x 88B)
Class kotlin.jvm.functions.Function1                                                  : loaded 2 times (x 68B)
Class jdk.internal.jimage.ImageReader$Node                                            : loaded 2 times (x 82B)
Class org.gradle.internal.time.Time                                                   : loaded 2 times (x 69B)
Class jdk.internal.jimage.decompressor.CompressedResourceHeader                       : loaded 2 times (x 69B)
Class org.gradle.internal.time.TimeSource$1                                           : loaded 2 times (x 75B)
Class kotlin.KotlinNullPointerException                                               : loaded 2 times (x 81B)
Class jdk.internal.jrtfs.JrtPath                                                      : loaded 2 times (x 116B)
Class jdk.internal.jimage.ImageStrings                                                : loaded 2 times (x 68B)
Class jdk.internal.jrtfs.JrtFileAttributes                                            : loaded 2 times (x 81B)
Class org.gradle.internal.classloader.SystemClassLoaderSpec                           : loaded 2 times (x 69B)
Class jdk.internal.jimage.decompressor.ResourceDecompressorRepository                 : loaded 2 times (x 69B)
Class kotlin.Function                                                                 : loaded 2 times (x 68B)
Class org.gradle.api.UncheckedIOException                                             : loaded 2 times (x 80B)
Class jdk.internal.jimage.decompressor.ResourceDecompressor$StringsProvider           : loaded 2 times (x 68B)
Class jdk.internal.jimage.decompressor.Decompressor                                   : loaded 2 times (x 70B)
Class jdk.internal.jrtfs.JrtFileSystem                                                : loaded 2 times (x 100B)
Class jdk.internal.jrtfs.JrtFileSystemProvider                                        : loaded 2 times (x 97B)
Class org.gradle.internal.time.CountdownTimer                                         : loaded 2 times (x 68B)
Class org.gradle.internal.time.Clock                                                  : loaded 2 times (x 68B)
Class org.gradle.internal.classloader.ClasspathUtil                                   : loaded 2 times (x 69B)
Class jdk.internal.jrtfs.JrtDirectoryStream                                           : loaded 2 times (x 87B)
Class jdk.internal.jimage.decompressor.ResourceDecompressor                           : loaded 2 times (x 68B)
Class org.gradle.api.internal.DefaultClassPathRegistry                                : loaded 2 times (x 74B)
Class org.gradle.api.internal.classpath.DefaultModuleRegistry$DefaultModule           : loaded 2 times (x 84B)
Class org.gradle.internal.time.TimeSource                                             : loaded 2 times (x 68B)
Class org.gradle.api.internal.classpath.UnknownModuleException                        : loaded 2 times (x 80B)
Class org.gradle.internal.service.ServiceLookupException                              : loaded 2 times (x 80B)
Class jdk.internal.jimage.ImageStringsReader                                          : loaded 2 times (x 78B)
Class org.gradle.cache.GlobalCache                                                    : loaded 2 times (x 68B)
Class jdk.internal.jimage.decompressor.ResourceDecompressorFactory                    : loaded 2 times (x 72B)
Class [Lorg.gradle.api.internal.ClassPathProvider;                                    : loaded 2 times (x 67B)
Class jdk.internal.jimage.ImageReader$SharedImageReader$LocationVisitor               : loaded 2 times (x 68B)
Class org.gradle.internal.operations.MultipleBuildOperationFailures                   : loaded 2 times (x 93B)
Class org.gradle.util.internal.GUtil                                                  : loaded 2 times (x 69B)
Class jdk.internal.jimage.decompressor.ZipDecompressor                                : loaded 2 times (x 73B)
Class org.gradle.internal.classloader.ClassLoaderSpec                                 : loaded 2 times (x 69B)
Class ijInit1_dcuugnd84nsh7kvhrzzmc2nw3                                               : loaded 2 times (x 177B)
Class org.gradle.internal.classloader.VisitableURLClassLoader                         : loaded 2 times (x 115B)
Class org.gradle.internal.Cast                                                        : loaded 2 times (x 69B)
Class org.gradle.api.internal.ClassPathRegistry                                       : loaded 2 times (x 68B)
Class org.gradle.internal.classloader.VisitableURLClassLoader$InstrumentingVisitableURLClassLoader: loaded 2 times (x 121B)
Class org.gradle.internal.classloader.ClassLoaderHierarchy                            : loaded 2 times (x 68B)
Class org.gradle.internal.exceptions.MultiCauseException                              : loaded 2 times (x 68B)
Class jdk.internal.jimage.ImageReader                                                 : loaded 2 times (x 73B)
Class org.gradle.internal.InternalTransformer                                         : loaded 2 times (x 68B)
Class org.gradle.internal.service.ServiceLocator                                      : loaded 2 times (x 68B)
Class org.gradle.internal.classpath.DefaultClassPath$ImmutableUniqueList              : loaded 2 times (x 159B)
Class jdk.internal.jimage.ImageBufferCache                                            : loaded 2 times (x 69B)
Class org.gradle.internal.time.DefaultTimer                                           : loaded 2 times (x 78B)
Class org.gradle.internal.classpath.TransformedClassPath                              : loaded 2 times (x 94B)
Class kotlin.collections.AbstractList$Companion                                       : loaded 2 times (x 69B)
Class jdk.internal.jimage.ImageReader$Directory                                       : loaded 2 times (x 82B)


---------------  S Y S T E M  ---------------

OS:
 Windows 10 , 64 bit Build 19041 (10.0.19041.4717)
OS uptime: 0 days 1:04 hours

CPU: total 8 (initial active 8) (4 cores per cpu, 2 threads per core) family 6 model 158 stepping 13 microcode 0xb8, cx8, cmov, fxsr, ht, mmx, 3dnowpref, sse, sse2, sse3, ssse3, sse4.1, sse4.2, popcnt, lzcnt, tsc, tscinvbit, avx, avx2, aes, erms, clmul, bmi1, bmi2, adx, fma, vzeroupper, clflush, clflushopt
Processor Information for all 8 processors :
  Max Mhz: 2401, Current Mhz: 2400, Mhz Limit: 2376

Memory: 4k page, system-wide physical 8034M (242M free)
TotalPageFile size 12130M (AvailPageFile size 4M)
current process WorkingSet (physical memory assigned to process): 373M, peak: 373M
current process commit charge ("private bytes"): 407M, peak: 408M

vm_info: OpenJDK 64-Bit Server VM (17.0.11+0--11852314) for windows-amd64 JRE (17.0.11+0--11852314), built on May 16 2024 21:29:20 by "androidbuild" with MS VC++ 16.10 / 16.11 (VS2019)

END.
